<?xml version="1.0" encoding="UTF-8"?>
<coverage generated="1778159503051" clover="3.2.0">
  <project timestamp="1778159503052" name="All files">
    <metrics statements="66" coveredstatements="66" conditionals="19" coveredconditionals="15" methods="12" coveredmethods="12" elements="97" coveredelements="93" complexity="0" loc="66" ncloc="66" packages="1" files="4" classes="4"/>
    <file name="app.controller.ts" path="E:\uni\WHS\simulators\inventory-simulator-service\src\app.controller.ts">
      <metrics statements="12" coveredstatements="12" conditionals="4" coveredconditionals="3" methods="5" coveredmethods="5"/>
      <line num="1" count="4" type="stmt"/>
      <line num="2" count="4" type="stmt"/>
      <line num="5" count="4" type="stmt"/>
      <line num="6" count="6" type="cond" truecount="3" falsecount="1"/>
      <line num="9" count="4" type="stmt"/>
      <line num="10" count="1" type="stmt"/>
      <line num="14" count="4" type="stmt"/>
      <line num="15" count="1" type="stmt"/>
      <line num="19" count="4" type="stmt"/>
      <line num="20" count="2" type="stmt"/>
      <line num="24" count="4" type="stmt"/>
      <line num="25" count="1" type="stmt"/>
    </file>
    <file name="app.module.ts" path="E:\uni\WHS\simulators\inventory-simulator-service\src\app.module.ts">
      <metrics statements="5" coveredstatements="5" conditionals="0" coveredconditionals="0" methods="0" coveredmethods="0"/>
      <line num="1" count="3" type="stmt"/>
      <line num="2" count="3" type="stmt"/>
      <line num="3" count="3" type="stmt"/>
      <line num="4" count="3" type="stmt"/>
      <line num="11" count="3" type="stmt"/>
    </file>
    <file name="app.service.ts" path="E:\uni\WHS\simulators\inventory-simulator-service\src\app.service.ts">
      <metrics statements="42" coveredstatements="42" conditionals="13" coveredconditionals="10" methods="6" coveredmethods="6"/>
      <line num="1" count="5" type="stmt"/>
      <line num="2" count="5" type="stmt"/>
      <line num="3" count="5" type="stmt"/>
      <line num="6" count="5" type="stmt"/>
      <line num="7" count="10" type="stmt"/>
      <line num="9" count="10" type="stmt"/>
      <line num="10" count="10" type="stmt"/>
      <line num="11" count="10" type="stmt"/>
      <line num="14" count="10" type="cond" truecount="2" falsecount="0"/>
      <line num="16" count="10" type="cond" truecount="3" falsecount="1"/>
      <line num="19" count="5" type="stmt"/>
      <line num="26" count="6" type="cond" truecount="2" falsecount="0"/>
      <line num="27" count="1" type="stmt"/>
      <line num="30" count="5" type="stmt"/>
      <line num="31" count="5" type="stmt"/>
      <line num="32" count="5" type="stmt"/>
      <line num="37" count="5" type="stmt"/>
      <line num="39" count="5" type="stmt"/>
      <line num="40" count="3" type="stmt"/>
      <line num="43" count="5" type="stmt"/>
      <line num="51" count="12" type="cond" truecount="2" falsecount="0"/>
      <line num="52" count="7" type="stmt"/>
      <line num="55" count="5" type="cond" truecount="1" falsecount="1"/>
      <line num="56" count="5" type="stmt"/>
      <line num="57" count="5" type="stmt"/>
      <line num="60" count="5" type="stmt"/>
      <line num="61" count="5" type="stmt"/>
      <line num="62" count="5" type="stmt"/>
      <line num="64" count="5" type="stmt"/>
      <line num="68" count="10" type="stmt"/>
      <line num="69" count="10" type="stmt"/>
      <line num="76" count="10" type="stmt"/>
      <line num="78" count="10" type="stmt"/>
      <line num="80" count="10" type="stmt"/>
      <line num="81" count="27" type="stmt"/>
      <line num="82" count="27" type="stmt"/>
      <line num="83" count="27" type="stmt"/>
      <line num="85" count="27" type="stmt"/>
      <line num="86" count="27" type="stmt"/>
      <line num="89" count="27" type="stmt"/>
      <line num="90" count="27" type="stmt"/>
      <line num="94" count="4" type="stmt"/>
    </file>
    <file name="main.ts" path="E:\uni\WHS\simulators\inventory-simulator-service\src\main.ts">
      <metrics statements="7" coveredstatements="7" conditionals="2" coveredconditionals="2" methods="1" coveredmethods="1"/>
      <line num="1" count="2" type="stmt"/>
      <line num="2" count="2" type="stmt"/>
      <line num="5" count="2" type="stmt"/>
      <line num="7" count="2" type="stmt"/>
      <line num="8" count="2" type="cond" truecount="2" falsecount="0"/>
      <line num="9" count="2" type="stmt"/>
      <line num="11" count="2" type="stmt"/>
    </file>
  </project>
</coverage>
