{"E:\\uni\\WHS\\simulators\\inventory-simulator-service\\src\\app.controller.ts": {"path":"E:\\uni\\WHS\\simulators\\inventory-simulator-service\\src\\app.controller.ts","statementMap":{"0":{"start":{"line":1,"column":0},"end":{"line":1,"column":61}},"1":{"start":{"line":2,"column":0},"end":{"line":2,"column":43}},"2":{"start":{"line":5,"column":7},"end":{"line":27,"column":null}},"3":{"start":{"line":6,"column":31},"end":{"line":6,"column":43}},"4":{"start":{"line":10,"column":4},"end":{"line":10,"column":39}},"5":{"start":{"line":15,"column":4},"end":{"line":15,"column":48}},"6":{"start":{"line":20,"column":4},"end":{"line":20,"column":61}},"7":{"start":{"line":25,"column":4},"end":{"line":25,"column":44}},"8":{"start":{"line":5,"column":13},"end":{"line":5,"column":26}},"9":{"start":{"line":9,"column":2},"end":{"line":11,"column":null}},"10":{"start":{"line":14,"column":2},"end":{"line":16,"column":null}},"11":{"start":{"line":19,"column":2},"end":{"line":21,"column":null}},"12":{"start":{"line":24,"column":2},"end":{"line":26,"column":null}},"13":{"start":{"line":5,"column":13},"end":{"line":27,"column":null}}},"fnMap":{"0":{"name":"(anonymous_4)","decl":{"start":{"line":6,"column":2},"end":{"line":6,"column":31}},"loc":{"start":{"line":6,"column":53},"end":{"line":6,"column":57}}},"1":{"name":"(anonymous_5)","decl":{"start":{"line":9,"column":2},"end":{"line":9,"column":11}},"loc":{"start":{"line":9,"column":11},"end":{"line":11,"column":3}}},"2":{"name":"(anonymous_6)","decl":{"start":{"line":14,"column":2},"end":{"line":14,"column":11}},"loc":{"start":{"line":14,"column":11},"end":{"line":16,"column":3}}},"3":{"name":"(anonymous_7)","decl":{"start":{"line":19,"column":2},"end":{"line":19,"column":17}},"loc":{"start":{"line":19,"column":56},"end":{"line":21,"column":3}}},"4":{"name":"(anonymous_8)","decl":{"start":{"line":24,"column":2},"end":{"line":24,"column":16}},"loc":{"start":{"line":24,"column":16},"end":{"line":26,"column":3}}}},"branchMap":{"0":{"loc":{"start":{"line":6,"column":43},"end":{"line":6,"column":56}},"type":"cond-expr","locations":[{"start":{"line":6,"column":53},"end":{"line":6,"column":56}},{"start":{"line":6,"column":53},"end":{"line":6,"column":56}}]},"1":{"loc":{"start":{"line":6,"column":43},"end":{"line":6,"column":53}},"type":"binary-expr","locations":[{"start":{"line":6,"column":43},"end":{"line":6,"column":56}},{"start":{"line":6,"column":43},"end":{"line":6,"column":53}}]}},"s":{"0":4,"1":4,"2":4,"3":6,"4":1,"5":1,"6":2,"7":1,"8":4,"9":4,"10":4,"11":4,"12":4,"13":4},"f":{"0":6,"1":1,"2":1,"3":2,"4":1},"b":{"0":[4,0],"1":[4,4]}}
,"E:\\uni\\WHS\\simulators\\inventory-simulator-service\\src\\app.module.ts": {"path":"E:\\uni\\WHS\\simulators\\inventory-simulator-service\\src\\app.module.ts","statementMap":{"0":{"start":{"line":1,"column":0},"end":{"line":1,"column":40}},"1":{"start":{"line":2,"column":0},"end":{"line":2,"column":43}},"2":{"start":{"line":3,"column":0},"end":{"line":3,"column":49}},"3":{"start":{"line":4,"column":0},"end":{"line":4,"column":43}},"4":{"start":{"line":11,"column":7},"end":{"line":11,"column":null}},"5":{"start":{"line":11,"column":13},"end":{"line":11,"column":22}},"6":{"start":{"line":11,"column":13},"end":{"line":11,"column":null}}},"fnMap":{},"branchMap":{},"s":{"0":3,"1":3,"2":3,"3":3,"4":3,"5":3,"6":3},"f":{},"b":{}}
,"E:\\uni\\WHS\\simulators\\inventory-simulator-service\\src\\app.service.ts": {"path":"E:\\uni\\WHS\\simulators\\inventory-simulator-service\\src\\app.service.ts","statementMap":{"0":{"start":{"line":1,"column":0},"end":{"line":1,"column":52}},"1":{"start":{"line":2,"column":0},"end":{"line":2,"column":44}},"2":{"start":{"line":3,"column":0},"end":{"line":3,"column":38}},"3":{"start":{"line":6,"column":23},"end":{"line":100,"column":null}},"4":{"start":{"line":7,"column":28},"end":{"line":7,"column":55}},"5":{"start":{"line":9,"column":54},"end":{"line":9,"column":58}},"6":{"start":{"line":10,"column":34},"end":{"line":10,"column":39}},"7":{"start":{"line":11,"column":43},"end":{"line":11,"column":47}},"8":{"start":{"line":14,"column":4},"end":{"line":14,"column":74}},"9":{"start":{"line":16,"column":31},"end":{"line":16,"column":44}},"10":{"start":{"line":19,"column":4},"end":{"line":22,"column":6}},"11":{"start":{"line":26,"column":4},"end":{"line":28,"column":5}},"12":{"start":{"line":27,"column":6},"end":{"line":27,"column":78}},"13":{"start":{"line":30,"column":4},"end":{"line":30,"column":29}},"14":{"start":{"line":31,"column":4},"end":{"line":31,"column":38}},"15":{"start":{"line":32,"column":4},"end":{"line":34,"column":6}},"16":{"start":{"line":37,"column":4},"end":{"line":37,"column":27}},"17":{"start":{"line":39,"column":4},"end":{"line":41,"column":19}},"18":{"start":{"line":40,"column":6},"end":{"line":40,"column":29}},"19":{"start":{"line":43,"column":4},"end":{"line":47,"column":6}},"20":{"start":{"line":51,"column":4},"end":{"line":53,"column":5}},"21":{"start":{"line":52,"column":6},"end":{"line":52,"column":64}},"22":{"start":{"line":55,"column":4},"end":{"line":58,"column":5}},"23":{"start":{"line":56,"column":6},"end":{"line":56,"column":45}},"24":{"start":{"line":57,"column":6},"end":{"line":57,"column":37}},"25":{"start":{"line":60,"column":4},"end":{"line":60,"column":30}},"26":{"start":{"line":61,"column":4},"end":{"line":61,"column":32}},"27":{"start":{"line":62,"column":4},"end":{"line":62,"column":57}},"28":{"start":{"line":64,"column":4},"end":{"line":64,"column":74}},"29":{"start":{"line":68,"column":4},"end":{"line":68,"column":53}},"30":{"start":{"line":69,"column":21},"end":{"line":75,"column":6}},"31":{"start":{"line":76,"column":22},"end":{"line":76,"column":52}},"32":{"start":{"line":78,"column":25},"end":{"line":78,"column":58}},"33":{"start":{"line":80,"column":4},"end":{"line":98,"column":5}},"34":{"start":{"line":80,"column":17},"end":{"line":80,"column":18}},"35":{"start":{"line":81,"column":24},"end":{"line":81,"column":77}},"36":{"start":{"line":82,"column":23},"end":{"line":82,"column":78}},"37":{"start":{"line":83,"column":23},"end":{"line":83,"column":59}},"38":{"start":{"line":85,"column":22},"end":{"line":85,"column":55}},"39":{"start":{"line":86,"column":6},"end":{"line":88,"column":8}},"40":{"start":{"line":89,"column":6},"end":{"line":97,"column":7}},"41":{"start":{"line":90,"column":8},"end":{"line":92,"column":10}},"42":{"start":{"line":94,"column":8},"end":{"line":96,"column":10}},"43":{"start":{"line":6,"column":13},"end":{"line":6,"column":23}},"44":{"start":{"line":6,"column":13},"end":{"line":100,"column":null}}},"fnMap":{"0":{"name":"(anonymous_2)","decl":{"start":{"line":16,"column":2},"end":{"line":16,"column":31}},"loc":{"start":{"line":16,"column":55},"end":{"line":16,"column":59}}},"1":{"name":"(anonymous_3)","decl":{"start":{"line":18,"column":2},"end":{"line":18,"column":11}},"loc":{"start":{"line":18,"column":11},"end":{"line":23,"column":3}}},"2":{"name":"(anonymous_4)","decl":{"start":{"line":25,"column":2},"end":{"line":25,"column":17}},"loc":{"start":{"line":25,"column":44},"end":{"line":48,"column":3}}},"3":{"name":"(anonymous_5)","decl":{"start":{"line":39,"column":42},"end":{"line":39,"column":45}},"loc":{"start":{"line":39,"column":47},"end":{"line":41,"column":5}}},"4":{"name":"(anonymous_6)","decl":{"start":{"line":50,"column":2},"end":{"line":50,"column":16}},"loc":{"start":{"line":50,"column":16},"end":{"line":65,"column":3}}},"5":{"name":"(anonymous_7)","decl":{"start":{"line":67,"column":10},"end":{"line":67,"column":15}},"loc":{"start":{"line":67,"column":31},"end":{"line":99,"column":3}}}},"branchMap":{"0":{"loc":{"start":{"line":14,"column":4},"end":{"line":14,"column":74}},"type":"binary-expr","locations":[{"start":{"line":14,"column":4},"end":{"line":14,"column":37}},{"start":{"line":14,"column":41},"end":{"line":14,"column":74}}]},"1":{"loc":{"start":{"line":25,"column":18},"end":{"line":25,"column":44}},"type":"default-arg","locations":[{"start":{"line":25,"column":39},"end":{"line":25,"column":44}}]},"2":{"loc":{"start":{"line":26,"column":4},"end":{"line":28,"column":5}},"type":"if","locations":[{"start":{"line":26,"column":4},"end":{"line":28,"column":5}},{"start":{},"end":{}}]},"3":{"loc":{"start":{"line":51,"column":4},"end":{"line":53,"column":5}},"type":"if","locations":[{"start":{"line":51,"column":4},"end":{"line":53,"column":5}},{"start":{},"end":{}}]},"4":{"loc":{"start":{"line":55,"column":4},"end":{"line":58,"column":5}},"type":"if","locations":[{"start":{"line":55,"column":4},"end":{"line":58,"column":5}},{"start":{},"end":{}}]},"5":{"loc":{"start":{"line":16,"column":44},"end":{"line":16,"column":58}},"type":"cond-expr","locations":[{"start":{"line":16,"column":55},"end":{"line":16,"column":58}},{"start":{"line":16,"column":55},"end":{"line":16,"column":58}}]},"6":{"loc":{"start":{"line":16,"column":44},"end":{"line":16,"column":55}},"type":"binary-expr","locations":[{"start":{"line":16,"column":44},"end":{"line":16,"column":58}},{"start":{"line":16,"column":44},"end":{"line":16,"column":55}}]}},"s":{"0":5,"1":5,"2":5,"3":5,"4":10,"5":10,"6":10,"7":10,"8":10,"9":10,"10":5,"11":6,"12":1,"13":5,"14":5,"15":5,"16":5,"17":5,"18":3,"19":5,"20":12,"21":7,"22":5,"23":5,"24":5,"25":5,"26":5,"27":5,"28":5,"29":10,"30":10,"31":10,"32":10,"33":10,"34":10,"35":27,"36":27,"37":27,"38":27,"39":27,"40":27,"41":27,"42":4,"43":5,"44":5},"f":{"0":10,"1":5,"2":6,"3":3,"4":12,"5":10},"b":{"0":[10,10],"1":[0],"2":[1,5],"3":[7,5],"4":[5,0],"5":[5,0],"6":[5,5]}}
,"E:\\uni\\WHS\\simulators\\inventory-simulator-service\\src\\main.ts": {"path":"E:\\uni\\WHS\\simulators\\inventory-simulator-service\\src\\main.ts","statementMap":{"0":{"start":{"line":1,"column":0},"end":{"line":1,"column":43}},"1":{"start":{"line":2,"column":0},"end":{"line":2,"column":41}},"2":{"start":{"line":5,"column":14},"end":{"line":5,"column":49}},"3":{"start":{"line":7,"column":2},"end":{"line":7,"column":19}},"4":{"start":{"line":8,"column":15},"end":{"line":8,"column":39}},"5":{"start":{"line":9,"column":2},"end":{"line":9,"column":25}},"6":{"start":{"line":11,"column":0},"end":{"line":11,"column":12}}},"fnMap":{"0":{"name":"bootstrap","decl":{"start":{"line":4,"column":15},"end":{"line":4,"column":24}},"loc":{"start":{"line":4,"column":24},"end":{"line":10,"column":1}}}},"branchMap":{"0":{"loc":{"start":{"line":8,"column":15},"end":{"line":8,"column":39}},"type":"binary-expr","locations":[{"start":{"line":8,"column":15},"end":{"line":8,"column":31}},{"start":{"line":8,"column":35},"end":{"line":8,"column":39}}]}},"s":{"0":2,"1":2,"2":2,"3":2,"4":2,"5":2,"6":2},"f":{"0":2},"b":{"0":[2,1]}}
}
