TN:
SF:src\app.controller.ts
FN:6,(anonymous_4)
FN:9,(anonymous_5)
FN:14,(anonymous_6)
FN:19,(anonymous_7)
FN:24,(anonymous_8)
FNF:5
FNH:5
FNDA:6,(anonymous_4)
FNDA:1,(anonymous_5)
FNDA:1,(anonymous_6)
FNDA:2,(anonymous_7)
FNDA:1,(anonymous_8)
DA:1,4
DA:2,4
DA:5,4
DA:6,6
DA:9,4
DA:10,1
DA:14,4
DA:15,1
DA:19,4
DA:20,2
DA:24,4
DA:25,1
LF:12
LH:12
BRDA:6,0,0,4
BRDA:6,0,1,0
BRDA:6,1,0,4
BRDA:6,1,1,4
BRF:4
BRH:3
end_of_record
TN:
SF:src\app.module.ts
FNF:0
FNH:0
DA:1,3
DA:2,3
DA:3,3
DA:4,3
DA:11,3
LF:5
LH:5
BRF:0
BRH:0
end_of_record
TN:
SF:src\app.service.ts
FN:16,(anonymous_2)
FN:18,(anonymous_3)
FN:25,(anonymous_4)
FN:39,(anonymous_5)
FN:50,(anonymous_6)
FN:67,(anonymous_7)
FNF:6
FNH:6
FNDA:10,(anonymous_2)
FNDA:5,(anonymous_3)
FNDA:6,(anonymous_4)
FNDA:3,(anonymous_5)
FNDA:12,(anonymous_6)
FNDA:10,(anonymous_7)
DA:1,5
DA:2,5
DA:3,5
DA:6,5
DA:7,10
DA:9,10
DA:10,10
DA:11,10
DA:14,10
DA:16,10
DA:19,5
DA:26,6
DA:27,1
DA:30,5
DA:31,5
DA:32,5
DA:37,5
DA:39,5
DA:40,3
DA:43,5
DA:51,12
DA:52,7
DA:55,5
DA:56,5
DA:57,5
DA:60,5
DA:61,5
DA:62,5
DA:64,5
DA:68,10
DA:69,10
DA:76,10
DA:78,10
DA:80,10
DA:81,27
DA:82,27
DA:83,27
DA:85,27
DA:86,27
DA:89,27
DA:90,27
DA:94,4
LF:42
LH:42
BRDA:14,0,0,10
BRDA:14,0,1,10
BRDA:25,1,0,0
BRDA:26,2,0,1
BRDA:26,2,1,5
BRDA:51,3,0,7
BRDA:51,3,1,5
BRDA:55,4,0,5
BRDA:55,4,1,0
BRDA:16,5,0,5
BRDA:16,5,1,0
BRDA:16,6,0,5
BRDA:16,6,1,5
BRF:13
BRH:10
end_of_record
TN:
SF:src\main.ts
FN:4,bootstrap
FNF:1
FNH:1
FNDA:2,bootstrap
DA:1,2
DA:2,2
DA:5,2
DA:7,2
DA:8,2
DA:9,2
DA:11,2
LF:7
LH:7
BRDA:8,0,0,2
BRDA:8,0,1,1
BRF:2
BRH:2
end_of_record
