TN:
SF:src\app.controller.ts
FN:12,(anonymous_4)
FN:18,(anonymous_5)
FN:23,(anonymous_6)
FN:32,(anonymous_7)
FN:37,(anonymous_8)
FN:42,(anonymous_9)
FN:51,(anonymous_10)
FNF:7
FNH:7
FNDA:8,(anonymous_4)
FNDA:1,(anonymous_5)
FNDA:1,(anonymous_6)
FNDA:1,(anonymous_7)
FNDA:1,(anonymous_8)
FNDA:3,(anonymous_9)
FNDA:3,(anonymous_10)
DA:1,4
DA:2,4
DA:3,4
DA:4,4
DA:5,4
DA:6,4
DA:7,4
DA:8,4
DA:11,4
DA:13,8
DA:14,8
DA:15,8
DA:19,1
DA:23,4
DA:26,1
DA:32,4
DA:33,1
DA:37,4
DA:38,1
DA:42,4
DA:43,3
DA:44,1
DA:51,4
DA:52,3
DA:53,1
LF:25
LH:25
BRDA:43,0,0,1
BRDA:43,0,1,2
BRDA:43,1,0,3
BRDA:43,1,1,2
BRDA:52,2,0,1
BRDA:52,2,1,2
BRDA:52,3,0,3
BRDA:52,3,1,2
BRDA:13,4,0,4
BRDA:13,4,1,0
BRDA:13,5,0,4
BRDA:13,5,1,4
BRDA:13,6,0,4
BRDA:13,6,1,0
BRDA:13,7,0,4
BRDA:13,7,1,4
BRDA:14,8,0,4
BRDA:14,8,1,0
BRDA:14,9,0,4
BRDA:14,9,1,4
BRF:20
BRH:17
end_of_record
TN:
SF:src\app.module.ts
FNF:0
FNH:0
DA:1,3
DA:2,3
DA:3,3
DA:4,3
DA:5,3
DA:6,3
DA:7,3
DA:8,3
DA:9,3
DA:47,3
LF:10
LH:10
BRDA:14,0,0,3
BRDA:14,0,1,3
BRDA:27,1,0,3
BRDA:27,1,1,3
BRF:4
BRH:4
end_of_record
TN:
SF:src\events.gateway.ts
FN:17,(anonymous_2)
FN:21,(anonymous_3)
FN:25,(anonymous_4)
FNF:3
FNH:3
FNDA:1,(anonymous_2)
FNDA:1,(anonymous_3)
FNDA:1,(anonymous_4)
DA:1,5
DA:7,5
DA:8,5
DA:11,5
DA:12,4
DA:15,5
DA:18,1
DA:22,1
DA:26,1
LF:9
LH:9
BRDA:15,0,0,5
BRDA:15,0,1,0
BRDA:15,1,0,5
BRDA:15,1,1,5
BRF:4
BRH:3
end_of_record
TN:
SF:src\main.ts
FN:5,bootstrap
FNF:1
FNH:1
FNDA:2,bootstrap
DA:1,2
DA:2,2
DA:3,2
DA:6,2
DA:8,2
DA:32,2
DA:33,2
DA:34,2
DA:35,2
DA:37,2
LF:10
LH:10
BRDA:12,0,0,2
BRDA:12,0,1,2
BRDA:34,1,0,2
BRDA:34,1,1,1
BRF:4
BRH:4
end_of_record
TN:
SF:src\commands\handle-order-cancelled.command.ts
FN:2,(anonymous_0)
FNF:1
FNH:1
FNDA:4,(anonymous_0)
DA:1,5
DA:3,4
DA:4,4
DA:5,4
LF:4
LH:4
BRF:0
BRH:0
end_of_record
TN:
SF:src\commands\handle-order-cancelled.handler.ts
FN:15,(anonymous_4)
FN:21,(anonymous_5)
FNF:2
FNH:2
FNDA:2,(anonymous_4)
FNDA:2,(anonymous_5)
DA:1,4
DA:2,4
DA:3,4
DA:4,4
DA:5,4
DA:6,4
DA:7,4
DA:10,4
DA:13,2
DA:17,2
DA:18,2
DA:22,2
DA:25,2
DA:26,1
DA:29,1
DA:30,2
DA:35,1
DA:39,2
LF:18
LH:18
BRDA:25,0,0,1
BRDA:25,0,1,1
BRDA:25,1,0,2
BRDA:25,1,1,2
BRDA:17,2,0,4
BRDA:17,2,1,0
BRDA:17,3,0,4
BRDA:17,3,1,4
BRDA:17,4,0,4
BRDA:17,4,1,0
BRDA:17,5,0,4
BRDA:17,5,1,4
BRF:12
BRH:10
end_of_record
TN:
SF:src\commands\handle-order-placed.command.ts
FN:2,(anonymous_0)
FNF:1
FNH:1
FNDA:5,(anonymous_0)
DA:1,5
DA:3,5
DA:4,5
LF:3
LH:3
BRF:0
BRH:0
end_of_record
TN:
SF:src\commands\handle-order-placed.handler.ts
FN:16,(anonymous_4)
FN:23,(anonymous_5)
FNF:2
FNH:2
FNDA:3,(anonymous_4)
FNDA:3,(anonymous_5)
DA:1,4
DA:2,4
DA:3,4
DA:4,4
DA:5,4
DA:6,4
DA:7,4
DA:8,4
DA:11,4
DA:14,3
DA:17,3
DA:19,3
DA:20,3
DA:24,3
DA:31,3
DA:32,3
DA:34,3
DA:35,3
DA:37,3
DA:38,5
DA:46,5
DA:47,1
DA:51,4
DA:52,4
DA:54,4
DA:68,4
DA:69,4
DA:74,4
DA:78,3
DA:79,1
DA:80,1
DA:84,3
DA:85,2
DA:86,2
DA:91,1
DA:94,1
DA:95,1
DA:100,1
DA:102,3
LF:39
LH:39
BRDA:46,0,0,1
BRDA:46,0,1,4
BRDA:68,1,0,4
BRDA:68,1,1,0
BRDA:78,2,0,1
BRDA:78,2,1,2
BRDA:84,3,0,2
BRDA:84,3,1,1
BRDA:17,4,0,4
BRDA:17,4,1,0
BRDA:17,5,0,4
BRDA:17,5,1,4
BRDA:17,6,0,4
BRDA:17,6,1,0
BRDA:17,7,0,4
BRDA:17,7,1,4
BRDA:19,8,0,4
BRDA:19,8,1,0
BRDA:19,9,0,4
BRDA:19,9,1,4
BRF:20
BRH:16
end_of_record
TN:
SF:src\commands\index.ts
FNF:0
FNH:0
DA:1,3
DA:2,3
DA:3,3
DA:5,3
LF:4
LH:4
BRF:0
BRH:0
end_of_record
TN:
SF:src\commands\receive-goods.command.ts
FN:2,(anonymous_0)
FNF:1
FNH:1
FNDA:3,(anonymous_0)
DA:1,5
DA:3,3
DA:4,3
DA:5,3
LF:4
LH:4
BRF:0
BRH:0
end_of_record
TN:
SF:src\commands\receive-goods.handler.ts
FN:16,(anonymous_4)
FN:23,(anonymous_5)
FNF:2
FNH:2
FNDA:1,(anonymous_4)
FNDA:1,(anonymous_5)
DA:1,4
DA:2,4
DA:3,4
DA:4,4
DA:5,4
DA:6,4
DA:7,4
DA:8,4
DA:11,4
DA:14,1
DA:17,1
DA:19,1
DA:20,1
DA:24,1
DA:33,1
DA:37,1
DA:44,1
DA:45,1
LF:18
LH:18
BRDA:17,0,0,4
BRDA:17,0,1,0
BRDA:17,1,0,4
BRDA:17,1,1,4
BRDA:17,2,0,4
BRDA:17,2,1,0
BRDA:17,3,0,4
BRDA:17,3,1,4
BRDA:19,4,0,4
BRDA:19,4,1,0
BRDA:19,5,0,4
BRDA:19,5,1,4
BRF:12
BRH:9
end_of_record
TN:
SF:src\queries\get-all-inventory.handler.ts
FN:11,(anonymous_4)
FN:16,(anonymous_5)
FNF:2
FNH:2
FNDA:1,(anonymous_4)
FNDA:1,(anonymous_5)
DA:1,4
DA:2,4
DA:3,4
DA:4,4
DA:5,4
DA:8,4
DA:13,1
DA:17,1
LF:8
LH:8
BRDA:13,0,0,4
BRDA:13,0,1,0
BRDA:13,1,0,4
BRDA:13,1,1,4
BRF:4
BRH:3
end_of_record
TN:
SF:src\queries\get-all-inventory.query.ts
FNF:0
FNH:0
DA:1,5
LF:1
LH:1
BRF:0
BRH:0
end_of_record
TN:
SF:src\queries\index.ts
FNF:0
FNH:0
DA:1,3
DA:3,3
LF:2
LH:2
BRF:0
BRH:0
end_of_record
TN:
SF:src\schemas\inventory.schema.ts
FNF:0
FNH:0
DA:1,4
DA:7,4
DA:9,4
DA:12,4
DA:15,4
DA:18,4
DA:21,4
LF:7
LH:7
BRF:0
BRH:0
end_of_record
