{"E:\\uni\\WHS\\order-service\\src\\app.controller.ts": {"path":"E:\\uni\\WHS\\order-service\\src\\app.controller.ts","statementMap":{"0":{"start":{"line":1,"column":0},"end":{"line":1,"column":null}},"1":{"start":{"line":11,"column":0},"end":{"line":11,"column":62}},"2":{"start":{"line":12,"column":0},"end":{"line":12,"column":52}},"3":{"start":{"line":13,"column":0},"end":{"line":13,"column":67}},"4":{"start":{"line":14,"column":0},"end":{"line":14,"column":69}},"5":{"start":{"line":15,"column":0},"end":{"line":15,"column":69}},"6":{"start":{"line":16,"column":0},"end":{"line":16,"column":96}},"7":{"start":{"line":17,"column":0},"end":{"line":17,"column":81}},"8":{"start":{"line":18,"column":0},"end":{"line":18,"column":80}},"9":{"start":{"line":19,"column":0},"end":{"line":19,"column":92}},"10":{"start":{"line":20,"column":0},"end":{"line":20,"column":92}},"11":{"start":{"line":21,"column":0},"end":{"line":21,"column":67}},"12":{"start":{"line":24,"column":7},"end":{"line":108,"column":null}},"13":{"start":{"line":26,"column":21},"end":{"line":26,"column":33}},"14":{"start":{"line":27,"column":21},"end":{"line":27,"column":31}},"15":{"start":{"line":34,"column":4},"end":{"line":34,"column":70}},"16":{"start":{"line":39,"column":4},"end":{"line":39,"column":58}},"17":{"start":{"line":44,"column":4},"end":{"line":44,"column":46}},"18":{"start":{"line":49,"column":4},"end":{"line":53,"column":5}},"19":{"start":{"line":50,"column":6},"end":{"line":50,"column":71}},"20":{"start":{"line":52,"column":6},"end":{"line":52,"column":65}},"21":{"start":{"line":58,"column":4},"end":{"line":62,"column":5}},"22":{"start":{"line":59,"column":6},"end":{"line":59,"column":71}},"23":{"start":{"line":61,"column":6},"end":{"line":61,"column":65}},"24":{"start":{"line":67,"column":4},"end":{"line":74,"column":5}},"25":{"start":{"line":68,"column":6},"end":{"line":73,"column":8}},"26":{"start":{"line":79,"column":4},"end":{"line":83,"column":5}},"27":{"start":{"line":80,"column":6},"end":{"line":82,"column":8}},"28":{"start":{"line":88,"column":4},"end":{"line":88,"column":65}},"29":{"start":{"line":93,"column":4},"end":{"line":97,"column":5}},"30":{"start":{"line":94,"column":6},"end":{"line":96,"column":8}},"31":{"start":{"line":102,"column":4},"end":{"line":106,"column":5}},"32":{"start":{"line":103,"column":6},"end":{"line":105,"column":8}},"33":{"start":{"line":24,"column":13},"end":{"line":24,"column":26}},"34":{"start":{"line":31,"column":8},"end":{"line":35,"column":null}},"35":{"start":{"line":38,"column":8},"end":{"line":40,"column":null}},"36":{"start":{"line":43,"column":2},"end":{"line":45,"column":null}},"37":{"start":{"line":48,"column":8},"end":{"line":54,"column":null}},"38":{"start":{"line":57,"column":8},"end":{"line":63,"column":null}},"39":{"start":{"line":66,"column":8},"end":{"line":75,"column":null}},"40":{"start":{"line":78,"column":8},"end":{"line":84,"column":null}},"41":{"start":{"line":87,"column":8},"end":{"line":89,"column":null}},"42":{"start":{"line":92,"column":8},"end":{"line":98,"column":null}},"43":{"start":{"line":101,"column":8},"end":{"line":107,"column":null}},"44":{"start":{"line":24,"column":13},"end":{"line":108,"column":null}}},"fnMap":{"0":{"name":"(anonymous_4)","decl":{"start":{"line":25,"column":2},"end":{"line":25,"column":null}},"loc":{"start":{"line":27,"column":39},"end":{"line":28,"column":6}}},"1":{"name":"(anonymous_5)","decl":{"start":{"line":31,"column":8},"end":{"line":31,"column":18}},"loc":{"start":{"line":32,"column":70},"end":{"line":35,"column":3}}},"2":{"name":"(anonymous_6)","decl":{"start":{"line":38,"column":8},"end":{"line":38,"column":17}},"loc":{"start":{"line":38,"column":17},"end":{"line":40,"column":3}}},"3":{"name":"(anonymous_7)","decl":{"start":{"line":43,"column":2},"end":{"line":43,"column":11}},"loc":{"start":{"line":43,"column":11},"end":{"line":45,"column":3}}},"4":{"name":"(anonymous_8)","decl":{"start":{"line":48,"column":8},"end":{"line":48,"column":19}},"loc":{"start":{"line":48,"column":43},"end":{"line":54,"column":3}}},"5":{"name":"(anonymous_9)","decl":{"start":{"line":57,"column":8},"end":{"line":57,"column":19}},"loc":{"start":{"line":57,"column":43},"end":{"line":63,"column":3}}},"6":{"name":"(anonymous_10)","decl":{"start":{"line":66,"column":8},"end":{"line":66,"column":32}},"loc":{"start":{"line":66,"column":56},"end":{"line":75,"column":3}}},"7":{"name":"(anonymous_11)","decl":{"start":{"line":78,"column":8},"end":{"line":78,"column":24}},"loc":{"start":{"line":78,"column":48},"end":{"line":84,"column":3}}},"8":{"name":"(anonymous_12)","decl":{"start":{"line":87,"column":8},"end":{"line":87,"column":24}},"loc":{"start":{"line":87,"column":24},"end":{"line":89,"column":3}}},"9":{"name":"(anonymous_13)","decl":{"start":{"line":92,"column":8},"end":{"line":92,"column":30}},"loc":{"start":{"line":92,"column":54},"end":{"line":98,"column":3}}},"10":{"name":"(anonymous_14)","decl":{"start":{"line":101,"column":8},"end":{"line":101,"column":34}},"loc":{"start":{"line":101,"column":58},"end":{"line":107,"column":3}}}},"branchMap":{"0":{"loc":{"start":{"line":67,"column":4},"end":{"line":74,"column":5}},"type":"if","locations":[{"start":{"line":67,"column":4},"end":{"line":74,"column":5}},{"start":{},"end":{}}]},"1":{"loc":{"start":{"line":67,"column":8},"end":{"line":67,"column":34}},"type":"binary-expr","locations":[{"start":{"line":67,"column":8},"end":{"line":67,"column":15}},{"start":{"line":67,"column":19},"end":{"line":67,"column":34}}]},"2":{"loc":{"start":{"line":79,"column":4},"end":{"line":83,"column":5}},"type":"if","locations":[{"start":{"line":79,"column":4},"end":{"line":83,"column":5}},{"start":{},"end":{}}]},"3":{"loc":{"start":{"line":79,"column":8},"end":{"line":79,"column":34}},"type":"binary-expr","locations":[{"start":{"line":79,"column":8},"end":{"line":79,"column":15}},{"start":{"line":79,"column":19},"end":{"line":79,"column":34}}]},"4":{"loc":{"start":{"line":93,"column":4},"end":{"line":97,"column":5}},"type":"if","locations":[{"start":{"line":93,"column":4},"end":{"line":97,"column":5}},{"start":{},"end":{}}]},"5":{"loc":{"start":{"line":93,"column":8},"end":{"line":93,"column":34}},"type":"binary-expr","locations":[{"start":{"line":93,"column":8},"end":{"line":93,"column":15}},{"start":{"line":93,"column":19},"end":{"line":93,"column":34}}]},"6":{"loc":{"start":{"line":102,"column":4},"end":{"line":106,"column":5}},"type":"if","locations":[{"start":{"line":102,"column":4},"end":{"line":106,"column":5}},{"start":{},"end":{}}]},"7":{"loc":{"start":{"line":102,"column":8},"end":{"line":102,"column":34}},"type":"binary-expr","locations":[{"start":{"line":102,"column":8},"end":{"line":102,"column":15}},{"start":{"line":102,"column":19},"end":{"line":102,"column":34}}]},"8":{"loc":{"start":{"line":26,"column":33},"end":{"line":26,"column":null}},"type":"cond-expr","locations":[{"start":{"line":26,"column":43},"end":{"line":26,"column":null}},{"start":{"line":26,"column":43},"end":{"line":26,"column":null}}]},"9":{"loc":{"start":{"line":26,"column":33},"end":{"line":26,"column":43}},"type":"binary-expr","locations":[{"start":{"line":26,"column":33},"end":{"line":26,"column":null}},{"start":{"line":26,"column":33},"end":{"line":26,"column":43}}]},"10":{"loc":{"start":{"line":26,"column":43},"end":{"line":27,"column":null}},"type":"cond-expr","locations":[{"start":{"line":27,"column":39},"end":{"line":27,"column":null}},{"start":{"line":27,"column":39},"end":{"line":27,"column":null}}]},"11":{"loc":{"start":{"line":26,"column":43},"end":{"line":27,"column":39}},"type":"binary-expr","locations":[{"start":{"line":26,"column":43},"end":{"line":27,"column":null}},{"start":{"line":27,"column":31},"end":{"line":27,"column":39}}]}},"s":{"0":4,"1":4,"2":4,"3":4,"4":4,"5":4,"6":4,"7":4,"8":4,"9":4,"10":4,"11":4,"12":4,"13":17,"14":17,"15":1,"16":1,"17":1,"18":3,"19":3,"20":2,"21":3,"22":3,"23":2,"24":2,"25":1,"26":2,"27":1,"28":1,"29":2,"30":1,"31":2,"32":1,"33":4,"34":4,"35":4,"36":4,"37":4,"38":4,"39":4,"40":4,"41":4,"42":4,"43":4,"44":4},"f":{"0":17,"1":1,"2":1,"3":1,"4":3,"5":3,"6":2,"7":2,"8":1,"9":2,"10":2},"b":{"0":[1,1],"1":[2,2],"2":[1,1],"3":[2,2],"4":[1,1],"5":[2,2],"6":[1,1],"7":[2,2],"8":[4,0],"9":[4,4],"10":[4,0],"11":[4,4]}}
,"E:\\uni\\WHS\\order-service\\src\\app.module.ts": {"path":"E:\\uni\\WHS\\order-service\\src\\app.module.ts","statementMap":{"0":{"start":{"line":1,"column":0},"end":{"line":1,"column":40}},"1":{"start":{"line":2,"column":0},"end":{"line":2,"column":50}},"2":{"start":{"line":3,"column":0},"end":{"line":3,"column":65}},"3":{"start":{"line":4,"column":0},"end":{"line":4,"column":42}},"4":{"start":{"line":5,"column":0},"end":{"line":5,"column":49}},"5":{"start":{"line":6,"column":0},"end":{"line":6,"column":49}},"6":{"start":{"line":7,"column":0},"end":{"line":7,"column":60}},"7":{"start":{"line":8,"column":0},"end":{"line":8,"column":45}},"8":{"start":{"line":9,"column":0},"end":{"line":9,"column":42}},"9":{"start":{"line":45,"column":7},"end":{"line":45,"column":null}},"10":{"start":{"line":45,"column":13},"end":{"line":45,"column":22}},"11":{"start":{"line":45,"column":13},"end":{"line":45,"column":null}}},"fnMap":{},"branchMap":{"0":{"loc":{"start":{"line":14,"column":6},"end":{"line":15,"column":71}},"type":"binary-expr","locations":[{"start":{"line":14,"column":6},"end":{"line":14,"column":29}},{"start":{"line":15,"column":8},"end":{"line":15,"column":71}}]},"1":{"loc":{"start":{"line":25,"column":22},"end":{"line":25,"column":67}},"type":"binary-expr","locations":[{"start":{"line":25,"column":22},"end":{"line":25,"column":46}},{"start":{"line":25,"column":50},"end":{"line":25,"column":67}}]}},"s":{"0":3,"1":3,"2":3,"3":3,"4":3,"5":3,"6":3,"7":3,"8":3,"9":3,"10":3,"11":3},"f":{},"b":{"0":[3,3],"1":[3,3]}}
,"E:\\uni\\WHS\\order-service\\src\\events.gateway.ts": {"path":"E:\\uni\\WHS\\order-service\\src\\events.gateway.ts","statementMap":{"0":{"start":{"line":1,"column":0},"end":{"line":1,"column":null}},"1":{"start":{"line":7,"column":0},"end":{"line":7,"column":40}},"2":{"start":{"line":8,"column":0},"end":{"line":8,"column":35}},"3":{"start":{"line":11,"column":26},"end":{"line":28,"column":null}},"4":{"start":{"line":12,"column":28},"end":{"line":12,"column":58}},"5":{"start":{"line":18,"column":4},"end":{"line":18,"column":53}},"6":{"start":{"line":22,"column":4},"end":{"line":22,"column":56}},"7":{"start":{"line":26,"column":4},"end":{"line":26,"column":36}},"8":{"start":{"line":11,"column":13},"end":{"line":11,"column":26}},"9":{"start":{"line":15,"column":2},"end":{"line":15,"column":null}},"10":{"start":{"line":11,"column":13},"end":{"line":28,"column":null}}},"fnMap":{"0":{"name":"(anonymous_2)","decl":{"start":{"line":17,"column":2},"end":{"line":17,"column":18}},"loc":{"start":{"line":17,"column":30},"end":{"line":19,"column":3}}},"1":{"name":"(anonymous_3)","decl":{"start":{"line":21,"column":2},"end":{"line":21,"column":18}},"loc":{"start":{"line":21,"column":30},"end":{"line":23,"column":3}}},"2":{"name":"(anonymous_4)","decl":{"start":{"line":25,"column":2},"end":{"line":25,"column":19}},"loc":{"start":{"line":25,"column":19},"end":{"line":27,"column":3}}}},"branchMap":{"0":{"loc":{"start":{"line":15,"column":10},"end":{"line":15,"column":17}},"type":"cond-expr","locations":[{"start":{"line":15,"column":16},"end":{"line":15,"column":17}},{"start":{"line":15,"column":16},"end":{"line":15,"column":17}}]},"1":{"loc":{"start":{"line":15,"column":10},"end":{"line":15,"column":16}},"type":"binary-expr","locations":[{"start":{"line":15,"column":10},"end":{"line":15,"column":17}},{"start":{"line":15,"column":10},"end":{"line":15,"column":16}}]}},"s":{"0":5,"1":5,"2":5,"3":5,"4":4,"5":1,"6":1,"7":1,"8":5,"9":5,"10":5},"f":{"0":1,"1":1,"2":1},"b":{"0":[5,0],"1":[5,5]}}
,"E:\\uni\\WHS\\order-service\\src\\main.ts": {"path":"E:\\uni\\WHS\\order-service\\src\\main.ts","statementMap":{"0":{"start":{"line":1,"column":0},"end":{"line":1,"column":43}},"1":{"start":{"line":2,"column":0},"end":{"line":2,"column":41}},"2":{"start":{"line":3,"column":0},"end":{"line":3,"column":71}},"3":{"start":{"line":6,"column":14},"end":{"line":6,"column":49}},"4":{"start":{"line":8,"column":2},"end":{"line":30,"column":5}},"5":{"start":{"line":32,"column":2},"end":{"line":32,"column":19}},"6":{"start":{"line":33,"column":2},"end":{"line":33,"column":36}},"7":{"start":{"line":34,"column":15},"end":{"line":34,"column":39}},"8":{"start":{"line":35,"column":2},"end":{"line":35,"column":25}},"9":{"start":{"line":37,"column":0},"end":{"line":37,"column":12}}},"fnMap":{"0":{"name":"bootstrap","decl":{"start":{"line":5,"column":15},"end":{"line":5,"column":24}},"loc":{"start":{"line":5,"column":24},"end":{"line":36,"column":1}}}},"branchMap":{"0":{"loc":{"start":{"line":12,"column":18},"end":{"line":12,"column":63}},"type":"binary-expr","locations":[{"start":{"line":12,"column":18},"end":{"line":12,"column":42}},{"start":{"line":12,"column":46},"end":{"line":12,"column":63}}]},"1":{"loc":{"start":{"line":34,"column":15},"end":{"line":34,"column":39}},"type":"binary-expr","locations":[{"start":{"line":34,"column":15},"end":{"line":34,"column":31}},{"start":{"line":34,"column":35},"end":{"line":34,"column":39}}]}},"s":{"0":2,"1":2,"2":2,"3":2,"4":2,"5":2,"6":2,"7":2,"8":2,"9":2},"f":{"0":2},"b":{"0":[2,2],"1":[2,1]}}
,"E:\\uni\\WHS\\order-service\\src\\commands\\cancel-order.command.ts": {"path":"E:\\uni\\WHS\\order-service\\src\\commands\\cancel-order.command.ts","statementMap":{"0":{"start":{"line":2,"column":30},"end":{"line":2,"column":45}},"1":{"start":{"line":1,"column":0},"end":{"line":1,"column":13}}},"fnMap":{"0":{"name":"(anonymous_0)","decl":{"start":{"line":2,"column":2},"end":{"line":2,"column":30}},"loc":{"start":{"line":2,"column":45},"end":{"line":2,"column":49}}}},"branchMap":{},"s":{"0":10,"1":5},"f":{"0":10},"b":{}}
,"E:\\uni\\WHS\\order-service\\src\\commands\\cancel-order.handler.ts": {"path":"E:\\uni\\WHS\\order-service\\src\\commands\\cancel-order.handler.ts","statementMap":{"0":{"start":{"line":1,"column":0},"end":{"line":1,"column":63}},"1":{"start":{"line":2,"column":0},"end":{"line":2,"column":48}},"2":{"start":{"line":3,"column":0},"end":{"line":3,"column":52}},"3":{"start":{"line":4,"column":0},"end":{"line":4,"column":47}},"4":{"start":{"line":5,"column":0},"end":{"line":5,"column":33}},"5":{"start":{"line":6,"column":0},"end":{"line":6,"column":63}},"6":{"start":{"line":7,"column":0},"end":{"line":7,"column":50}},"7":{"start":{"line":8,"column":0},"end":{"line":8,"column":60}},"8":{"start":{"line":11,"column":31},"end":{"line":54,"column":null}},"9":{"start":{"line":12,"column":28},"end":{"line":12,"column":63}},"10":{"start":{"line":15,"column":45},"end":{"line":15,"column":58}},"11":{"start":{"line":16,"column":37},"end":{"line":16,"column":49}},"12":{"start":{"line":17,"column":21},"end":{"line":17,"column":36}},"13":{"start":{"line":21,"column":18},"end":{"line":21,"column":77}},"14":{"start":{"line":22,"column":4},"end":{"line":24,"column":5}},"15":{"start":{"line":23,"column":6},"end":{"line":23,"column":60}},"16":{"start":{"line":25,"column":4},"end":{"line":27,"column":5}},"17":{"start":{"line":26,"column":6},"end":{"line":26,"column":55}},"18":{"start":{"line":28,"column":4},"end":{"line":30,"column":5}},"19":{"start":{"line":29,"column":6},"end":{"line":29,"column":76}},"20":{"start":{"line":31,"column":4},"end":{"line":33,"column":5}},"21":{"start":{"line":32,"column":6},"end":{"line":32,"column":19}},"22":{"start":{"line":35,"column":4},"end":{"line":37,"column":5}},"23":{"start":{"line":36,"column":6},"end":{"line":36,"column":77}},"24":{"start":{"line":39,"column":27},"end":{"line":39,"column":39}},"25":{"start":{"line":40,"column":4},"end":{"line":40,"column":31}},"26":{"start":{"line":41,"column":4},"end":{"line":41,"column":23}},"27":{"start":{"line":43,"column":4},"end":{"line":43,"column":58}},"28":{"start":{"line":45,"column":4},"end":{"line":49,"column":7}},"29":{"start":{"line":51,"column":4},"end":{"line":51,"column":43}},"30":{"start":{"line":52,"column":4},"end":{"line":52,"column":17}},"31":{"start":{"line":11,"column":13},"end":{"line":11,"column":31}},"32":{"start":{"line":11,"column":13},"end":{"line":54,"column":null}}},"fnMap":{"0":{"name":"(anonymous_4)","decl":{"start":{"line":14,"column":2},"end":{"line":14,"column":null}},"loc":{"start":{"line":17,"column":49},"end":{"line":18,"column":6}}},"1":{"name":"(anonymous_5)","decl":{"start":{"line":20,"column":2},"end":{"line":20,"column":7}},"loc":{"start":{"line":20,"column":43},"end":{"line":53,"column":3}}}},"branchMap":{"0":{"loc":{"start":{"line":22,"column":4},"end":{"line":24,"column":5}},"type":"if","locations":[{"start":{"line":22,"column":4},"end":{"line":24,"column":5}},{"start":{},"end":{}}]},"1":{"loc":{"start":{"line":25,"column":4},"end":{"line":27,"column":5}},"type":"if","locations":[{"start":{"line":25,"column":4},"end":{"line":27,"column":5}},{"start":{},"end":{}}]},"2":{"loc":{"start":{"line":28,"column":4},"end":{"line":30,"column":5}},"type":"if","locations":[{"start":{"line":28,"column":4},"end":{"line":30,"column":5}},{"start":{},"end":{}}]},"3":{"loc":{"start":{"line":31,"column":4},"end":{"line":33,"column":5}},"type":"if","locations":[{"start":{"line":31,"column":4},"end":{"line":33,"column":5}},{"start":{},"end":{}}]},"4":{"loc":{"start":{"line":35,"column":4},"end":{"line":37,"column":5}},"type":"if","locations":[{"start":{"line":35,"column":4},"end":{"line":37,"column":5}},{"start":{},"end":{}}]},"5":{"loc":{"start":{"line":15,"column":58},"end":{"line":15,"column":null}},"type":"cond-expr","locations":[{"start":{"line":15,"column":69},"end":{"line":15,"column":null}},{"start":{"line":15,"column":69},"end":{"line":15,"column":null}}]},"6":{"loc":{"start":{"line":15,"column":58},"end":{"line":15,"column":69}},"type":"binary-expr","locations":[{"start":{"line":15,"column":58},"end":{"line":15,"column":null}},{"start":{"line":15,"column":58},"end":{"line":15,"column":69}}]},"7":{"loc":{"start":{"line":15,"column":69},"end":{"line":16,"column":69}},"type":"cond-expr","locations":[{"start":{"line":16,"column":54},"end":{"line":16,"column":69}},{"start":{"line":16,"column":54},"end":{"line":16,"column":69}}]},"8":{"loc":{"start":{"line":15,"column":69},"end":{"line":16,"column":54}},"type":"binary-expr","locations":[{"start":{"line":15,"column":69},"end":{"line":16,"column":69}},{"start":{"line":16,"column":49},"end":{"line":16,"column":54}}]},"9":{"loc":{"start":{"line":16,"column":54},"end":{"line":17,"column":null}},"type":"cond-expr","locations":[{"start":{"line":17,"column":49},"end":{"line":17,"column":null}},{"start":{"line":17,"column":49},"end":{"line":17,"column":null}}]},"10":{"loc":{"start":{"line":16,"column":54},"end":{"line":17,"column":49}},"type":"binary-expr","locations":[{"start":{"line":16,"column":54},"end":{"line":17,"column":null}},{"start":{"line":17,"column":36},"end":{"line":17,"column":49}}]}},"s":{"0":4,"1":4,"2":4,"3":4,"4":4,"5":4,"6":4,"7":4,"8":4,"9":6,"10":6,"11":6,"12":6,"13":6,"14":6,"15":1,"16":5,"17":1,"18":4,"19":1,"20":3,"21":1,"22":2,"23":1,"24":2,"25":2,"26":2,"27":2,"28":2,"29":2,"30":2,"31":4,"32":4},"f":{"0":6,"1":6},"b":{"0":[1,5],"1":[1,4],"2":[1,3],"3":[1,2],"4":[1,1],"5":[4,0],"6":[4,4],"7":[4,0],"8":[4,4],"9":[4,0],"10":[4,4]}}
,"E:\\uni\\WHS\\order-service\\src\\commands\\handle-inventory-allocated.command.ts": {"path":"E:\\uni\\WHS\\order-service\\src\\commands\\handle-inventory-allocated.command.ts","statementMap":{"0":{"start":{"line":3,"column":20},"end":{"line":3,"column":35}},"1":{"start":{"line":4,"column":20},"end":{"line":4,"column":38}},"2":{"start":{"line":1,"column":0},"end":{"line":1,"column":13}}},"fnMap":{"0":{"name":"(anonymous_0)","decl":{"start":{"line":2,"column":2},"end":{"line":2,"column":null}},"loc":{"start":{"line":4,"column":38},"end":{"line":5,"column":6}}}},"branchMap":{},"s":{"0":4,"1":4,"2":5},"f":{"0":4},"b":{}}
,"E:\\uni\\WHS\\order-service\\src\\commands\\handle-inventory-allocated.handler.ts": {"path":"E:\\uni\\WHS\\order-service\\src\\commands\\handle-inventory-allocated.handler.ts","statementMap":{"0":{"start":{"line":1,"column":0},"end":{"line":1,"column":63}},"1":{"start":{"line":2,"column":0},"end":{"line":2,"column":48}},"2":{"start":{"line":3,"column":0},"end":{"line":3,"column":52}},"3":{"start":{"line":4,"column":0},"end":{"line":4,"column":47}},"4":{"start":{"line":5,"column":0},"end":{"line":5,"column":33}},"5":{"start":{"line":6,"column":0},"end":{"line":6,"column":63}},"6":{"start":{"line":7,"column":0},"end":{"line":7,"column":50}},"7":{"start":{"line":8,"column":0},"end":{"line":8,"column":87}},"8":{"start":{"line":11,"column":44},"end":{"line":37,"column":null}},"9":{"start":{"line":14,"column":28},"end":{"line":14,"column":76}},"10":{"start":{"line":17,"column":45},"end":{"line":17,"column":58}},"11":{"start":{"line":18,"column":37},"end":{"line":18,"column":49}},"12":{"start":{"line":19,"column":21},"end":{"line":19,"column":36}},"13":{"start":{"line":23,"column":18},"end":{"line":23,"column":77}},"14":{"start":{"line":24,"column":4},"end":{"line":35,"column":5}},"15":{"start":{"line":25,"column":6},"end":{"line":25,"column":33}},"16":{"start":{"line":26,"column":6},"end":{"line":26,"column":46}},"17":{"start":{"line":27,"column":6},"end":{"line":27,"column":25}},"18":{"start":{"line":28,"column":6},"end":{"line":28,"column":73}},"19":{"start":{"line":30,"column":6},"end":{"line":33,"column":9}},"20":{"start":{"line":34,"column":6},"end":{"line":34,"column":45}},"21":{"start":{"line":11,"column":13},"end":{"line":11,"column":44}},"22":{"start":{"line":11,"column":13},"end":{"line":37,"column":null}}},"fnMap":{"0":{"name":"(anonymous_4)","decl":{"start":{"line":16,"column":2},"end":{"line":16,"column":null}},"loc":{"start":{"line":19,"column":49},"end":{"line":20,"column":6}}},"1":{"name":"(anonymous_5)","decl":{"start":{"line":22,"column":2},"end":{"line":22,"column":7}},"loc":{"start":{"line":22,"column":56},"end":{"line":36,"column":3}}}},"branchMap":{"0":{"loc":{"start":{"line":24,"column":4},"end":{"line":35,"column":5}},"type":"if","locations":[{"start":{"line":24,"column":4},"end":{"line":35,"column":5}},{"start":{},"end":{}}]},"1":{"loc":{"start":{"line":24,"column":8},"end":{"line":24,"column":45}},"type":"binary-expr","locations":[{"start":{"line":24,"column":8},"end":{"line":24,"column":13}},{"start":{"line":24,"column":17},"end":{"line":24,"column":45}}]},"2":{"loc":{"start":{"line":17,"column":58},"end":{"line":17,"column":null}},"type":"cond-expr","locations":[{"start":{"line":17,"column":69},"end":{"line":17,"column":null}},{"start":{"line":17,"column":69},"end":{"line":17,"column":null}}]},"3":{"loc":{"start":{"line":17,"column":58},"end":{"line":17,"column":69}},"type":"binary-expr","locations":[{"start":{"line":17,"column":58},"end":{"line":17,"column":null}},{"start":{"line":17,"column":58},"end":{"line":17,"column":69}}]},"4":{"loc":{"start":{"line":17,"column":69},"end":{"line":18,"column":69}},"type":"cond-expr","locations":[{"start":{"line":18,"column":54},"end":{"line":18,"column":69}},{"start":{"line":18,"column":54},"end":{"line":18,"column":69}}]},"5":{"loc":{"start":{"line":17,"column":69},"end":{"line":18,"column":54}},"type":"binary-expr","locations":[{"start":{"line":17,"column":69},"end":{"line":18,"column":69}},{"start":{"line":18,"column":49},"end":{"line":18,"column":54}}]},"6":{"loc":{"start":{"line":18,"column":54},"end":{"line":19,"column":null}},"type":"cond-expr","locations":[{"start":{"line":19,"column":49},"end":{"line":19,"column":null}},{"start":{"line":19,"column":49},"end":{"line":19,"column":null}}]},"7":{"loc":{"start":{"line":18,"column":54},"end":{"line":19,"column":49}},"type":"binary-expr","locations":[{"start":{"line":18,"column":54},"end":{"line":19,"column":null}},{"start":{"line":19,"column":36},"end":{"line":19,"column":49}}]}},"s":{"0":4,"1":4,"2":4,"3":4,"4":4,"5":4,"6":4,"7":4,"8":4,"9":2,"10":2,"11":2,"12":2,"13":2,"14":2,"15":1,"16":1,"17":1,"18":1,"19":1,"20":1,"21":4,"22":4},"f":{"0":2,"1":2},"b":{"0":[1,1],"1":[2,2],"2":[4,0],"3":[4,4],"4":[4,0],"5":[4,4],"6":[4,0],"7":[4,4]}}
,"E:\\uni\\WHS\\order-service\\src\\commands\\handle-item-stored.command.ts": {"path":"E:\\uni\\WHS\\order-service\\src\\commands\\handle-item-stored.command.ts","statementMap":{"0":{"start":{"line":1,"column":0},"end":{"line":1,"column":13}}},"fnMap":{},"branchMap":{},"s":{"0":5},"f":{},"b":{}}
,"E:\\uni\\WHS\\order-service\\src\\commands\\handle-item-stored.handler.ts": {"path":"E:\\uni\\WHS\\order-service\\src\\commands\\handle-item-stored.handler.ts","statementMap":{"0":{"start":{"line":1,"column":0},"end":{"line":1,"column":63}},"1":{"start":{"line":2,"column":0},"end":{"line":2,"column":48}},"2":{"start":{"line":3,"column":0},"end":{"line":3,"column":52}},"3":{"start":{"line":4,"column":0},"end":{"line":4,"column":47}},"4":{"start":{"line":5,"column":0},"end":{"line":5,"column":33}},"5":{"start":{"line":6,"column":0},"end":{"line":6,"column":63}},"6":{"start":{"line":7,"column":0},"end":{"line":7,"column":71}},"7":{"start":{"line":10,"column":36},"end":{"line":34,"column":null}},"8":{"start":{"line":13,"column":28},"end":{"line":13,"column":68}},"9":{"start":{"line":16,"column":45},"end":{"line":16,"column":58}},"10":{"start":{"line":17,"column":37},"end":{"line":17,"column":49}},"11":{"start":{"line":21,"column":28},"end":{"line":23,"column":23}},"12":{"start":{"line":24,"column":4},"end":{"line":32,"column":5}},"13":{"start":{"line":25,"column":6},"end":{"line":27,"column":8}},"14":{"start":{"line":28,"column":6},"end":{"line":31,"column":9}},"15":{"start":{"line":10,"column":13},"end":{"line":10,"column":36}},"16":{"start":{"line":10,"column":13},"end":{"line":34,"column":null}}},"fnMap":{"0":{"name":"(anonymous_4)","decl":{"start":{"line":15,"column":2},"end":{"line":15,"column":null}},"loc":{"start":{"line":17,"column":69},"end":{"line":18,"column":6}}},"1":{"name":"(anonymous_5)","decl":{"start":{"line":20,"column":2},"end":{"line":20,"column":7}},"loc":{"start":{"line":20,"column":15},"end":{"line":33,"column":3}}}},"branchMap":{"0":{"loc":{"start":{"line":16,"column":58},"end":{"line":16,"column":null}},"type":"cond-expr","locations":[{"start":{"line":16,"column":69},"end":{"line":16,"column":null}},{"start":{"line":16,"column":69},"end":{"line":16,"column":null}}]},"1":{"loc":{"start":{"line":16,"column":58},"end":{"line":16,"column":69}},"type":"binary-expr","locations":[{"start":{"line":16,"column":58},"end":{"line":16,"column":null}},{"start":{"line":16,"column":58},"end":{"line":16,"column":69}}]},"2":{"loc":{"start":{"line":16,"column":69},"end":{"line":17,"column":69}},"type":"cond-expr","locations":[{"start":{"line":17,"column":54},"end":{"line":17,"column":69}},{"start":{"line":17,"column":54},"end":{"line":17,"column":69}}]},"3":{"loc":{"start":{"line":16,"column":69},"end":{"line":17,"column":54}},"type":"binary-expr","locations":[{"start":{"line":16,"column":69},"end":{"line":17,"column":69}},{"start":{"line":17,"column":49},"end":{"line":17,"column":54}}]}},"s":{"0":4,"1":4,"2":4,"3":4,"4":4,"5":4,"6":4,"7":4,"8":1,"9":1,"10":1,"11":1,"12":1,"13":2,"14":2,"15":4,"16":4},"f":{"0":1,"1":1},"b":{"0":[4,0],"1":[4,4],"2":[4,0],"3":[4,4]}}
,"E:\\uni\\WHS\\order-service\\src\\commands\\handle-out-of-stock.command.ts": {"path":"E:\\uni\\WHS\\order-service\\src\\commands\\handle-out-of-stock.command.ts","statementMap":{"0":{"start":{"line":2,"column":30},"end":{"line":2,"column":45}},"1":{"start":{"line":1,"column":0},"end":{"line":1,"column":13}}},"fnMap":{"0":{"name":"(anonymous_0)","decl":{"start":{"line":2,"column":2},"end":{"line":2,"column":30}},"loc":{"start":{"line":2,"column":45},"end":{"line":2,"column":49}}}},"branchMap":{},"s":{"0":4,"1":5},"f":{"0":4},"b":{}}
,"E:\\uni\\WHS\\order-service\\src\\commands\\handle-out-of-stock.handler.ts": {"path":"E:\\uni\\WHS\\order-service\\src\\commands\\handle-out-of-stock.handler.ts","statementMap":{"0":{"start":{"line":1,"column":0},"end":{"line":1,"column":63}},"1":{"start":{"line":2,"column":0},"end":{"line":2,"column":48}},"2":{"start":{"line":3,"column":0},"end":{"line":3,"column":52}},"3":{"start":{"line":4,"column":0},"end":{"line":4,"column":47}},"4":{"start":{"line":5,"column":0},"end":{"line":5,"column":33}},"5":{"start":{"line":6,"column":0},"end":{"line":6,"column":63}},"6":{"start":{"line":7,"column":0},"end":{"line":7,"column":50}},"7":{"start":{"line":8,"column":0},"end":{"line":8,"column":72}},"8":{"start":{"line":11,"column":36},"end":{"line":32,"column":null}},"9":{"start":{"line":14,"column":28},"end":{"line":14,"column":68}},"10":{"start":{"line":17,"column":45},"end":{"line":17,"column":58}},"11":{"start":{"line":18,"column":37},"end":{"line":18,"column":49}},"12":{"start":{"line":19,"column":21},"end":{"line":19,"column":36}},"13":{"start":{"line":23,"column":18},"end":{"line":23,"column":77}},"14":{"start":{"line":24,"column":4},"end":{"line":30,"column":5}},"15":{"start":{"line":25,"column":6},"end":{"line":25,"column":33}},"16":{"start":{"line":26,"column":6},"end":{"line":26,"column":25}},"17":{"start":{"line":27,"column":6},"end":{"line":27,"column":71}},"18":{"start":{"line":28,"column":6},"end":{"line":28,"column":74}},"19":{"start":{"line":29,"column":6},"end":{"line":29,"column":45}},"20":{"start":{"line":11,"column":13},"end":{"line":11,"column":36}},"21":{"start":{"line":11,"column":13},"end":{"line":32,"column":null}}},"fnMap":{"0":{"name":"(anonymous_4)","decl":{"start":{"line":16,"column":2},"end":{"line":16,"column":null}},"loc":{"start":{"line":19,"column":49},"end":{"line":20,"column":6}}},"1":{"name":"(anonymous_5)","decl":{"start":{"line":22,"column":2},"end":{"line":22,"column":7}},"loc":{"start":{"line":22,"column":48},"end":{"line":31,"column":3}}}},"branchMap":{"0":{"loc":{"start":{"line":24,"column":4},"end":{"line":30,"column":5}},"type":"if","locations":[{"start":{"line":24,"column":4},"end":{"line":30,"column":5}},{"start":{},"end":{}}]},"1":{"loc":{"start":{"line":24,"column":8},"end":{"line":24,"column":45}},"type":"binary-expr","locations":[{"start":{"line":24,"column":8},"end":{"line":24,"column":13}},{"start":{"line":24,"column":17},"end":{"line":24,"column":45}}]},"2":{"loc":{"start":{"line":17,"column":58},"end":{"line":17,"column":null}},"type":"cond-expr","locations":[{"start":{"line":17,"column":69},"end":{"line":17,"column":null}},{"start":{"line":17,"column":69},"end":{"line":17,"column":null}}]},"3":{"loc":{"start":{"line":17,"column":58},"end":{"line":17,"column":69}},"type":"binary-expr","locations":[{"start":{"line":17,"column":58},"end":{"line":17,"column":null}},{"start":{"line":17,"column":58},"end":{"line":17,"column":69}}]},"4":{"loc":{"start":{"line":17,"column":69},"end":{"line":18,"column":69}},"type":"cond-expr","locations":[{"start":{"line":18,"column":54},"end":{"line":18,"column":69}},{"start":{"line":18,"column":54},"end":{"line":18,"column":69}}]},"5":{"loc":{"start":{"line":17,"column":69},"end":{"line":18,"column":54}},"type":"binary-expr","locations":[{"start":{"line":17,"column":69},"end":{"line":18,"column":69}},{"start":{"line":18,"column":49},"end":{"line":18,"column":54}}]},"6":{"loc":{"start":{"line":18,"column":54},"end":{"line":19,"column":null}},"type":"cond-expr","locations":[{"start":{"line":19,"column":49},"end":{"line":19,"column":null}},{"start":{"line":19,"column":49},"end":{"line":19,"column":null}}]},"7":{"loc":{"start":{"line":18,"column":54},"end":{"line":19,"column":49}},"type":"binary-expr","locations":[{"start":{"line":18,"column":54},"end":{"line":19,"column":null}},{"start":{"line":19,"column":36},"end":{"line":19,"column":49}}]}},"s":{"0":4,"1":4,"2":4,"3":4,"4":4,"5":4,"6":4,"7":4,"8":4,"9":2,"10":2,"11":2,"12":2,"13":2,"14":2,"15":1,"16":1,"17":1,"18":1,"19":1,"20":4,"21":4},"f":{"0":2,"1":2},"b":{"0":[1,1],"1":[2,2],"2":[4,0],"3":[4,4],"4":[4,0],"5":[4,4],"6":[4,0],"7":[4,4]}}
,"E:\\uni\\WHS\\order-service\\src\\commands\\handle-picking-completed.command.ts": {"path":"E:\\uni\\WHS\\order-service\\src\\commands\\handle-picking-completed.command.ts","statementMap":{"0":{"start":{"line":2,"column":30},"end":{"line":2,"column":45}},"1":{"start":{"line":1,"column":0},"end":{"line":1,"column":13}}},"fnMap":{"0":{"name":"(anonymous_0)","decl":{"start":{"line":2,"column":2},"end":{"line":2,"column":30}},"loc":{"start":{"line":2,"column":45},"end":{"line":2,"column":49}}}},"branchMap":{},"s":{"0":5,"1":5},"f":{"0":5},"b":{}}
,"E:\\uni\\WHS\\order-service\\src\\commands\\handle-picking-completed.handler.ts": {"path":"E:\\uni\\WHS\\order-service\\src\\commands\\handle-picking-completed.handler.ts","statementMap":{"0":{"start":{"line":1,"column":0},"end":{"line":1,"column":63}},"1":{"start":{"line":2,"column":0},"end":{"line":2,"column":40}},"2":{"start":{"line":3,"column":0},"end":{"line":3,"column":47}},"3":{"start":{"line":4,"column":0},"end":{"line":4,"column":33}},"4":{"start":{"line":5,"column":0},"end":{"line":5,"column":63}},"5":{"start":{"line":6,"column":0},"end":{"line":6,"column":50}},"6":{"start":{"line":7,"column":0},"end":{"line":7,"column":83}},"7":{"start":{"line":10,"column":42},"end":{"line":35,"column":null}},"8":{"start":{"line":13,"column":28},"end":{"line":13,"column":74}},"9":{"start":{"line":16,"column":37},"end":{"line":16,"column":49}},"10":{"start":{"line":17,"column":21},"end":{"line":17,"column":36}},"11":{"start":{"line":21,"column":18},"end":{"line":21,"column":77}},"12":{"start":{"line":22,"column":4},"end":{"line":24,"column":5}},"13":{"start":{"line":23,"column":6},"end":{"line":23,"column":13}},"14":{"start":{"line":26,"column":4},"end":{"line":28,"column":5}},"15":{"start":{"line":27,"column":6},"end":{"line":27,"column":13}},"16":{"start":{"line":30,"column":4},"end":{"line":30,"column":39}},"17":{"start":{"line":31,"column":4},"end":{"line":31,"column":23}},"18":{"start":{"line":32,"column":4},"end":{"line":32,"column":79}},"19":{"start":{"line":33,"column":4},"end":{"line":33,"column":43}},"20":{"start":{"line":10,"column":13},"end":{"line":10,"column":42}},"21":{"start":{"line":10,"column":13},"end":{"line":35,"column":null}}},"fnMap":{"0":{"name":"(anonymous_4)","decl":{"start":{"line":15,"column":2},"end":{"line":15,"column":null}},"loc":{"start":{"line":17,"column":49},"end":{"line":18,"column":6}}},"1":{"name":"(anonymous_5)","decl":{"start":{"line":20,"column":2},"end":{"line":20,"column":7}},"loc":{"start":{"line":20,"column":54},"end":{"line":34,"column":3}}}},"branchMap":{"0":{"loc":{"start":{"line":22,"column":4},"end":{"line":24,"column":5}},"type":"if","locations":[{"start":{"line":22,"column":4},"end":{"line":24,"column":5}},{"start":{},"end":{}}]},"1":{"loc":{"start":{"line":26,"column":4},"end":{"line":28,"column":5}},"type":"if","locations":[{"start":{"line":26,"column":4},"end":{"line":28,"column":5}},{"start":{},"end":{}}]},"2":{"loc":{"start":{"line":16,"column":49},"end":{"line":16,"column":69}},"type":"cond-expr","locations":[{"start":{"line":16,"column":54},"end":{"line":16,"column":69}},{"start":{"line":16,"column":54},"end":{"line":16,"column":69}}]},"3":{"loc":{"start":{"line":16,"column":49},"end":{"line":16,"column":54}},"type":"binary-expr","locations":[{"start":{"line":16,"column":49},"end":{"line":16,"column":69}},{"start":{"line":16,"column":49},"end":{"line":16,"column":54}}]},"4":{"loc":{"start":{"line":16,"column":54},"end":{"line":17,"column":null}},"type":"cond-expr","locations":[{"start":{"line":17,"column":49},"end":{"line":17,"column":null}},{"start":{"line":17,"column":49},"end":{"line":17,"column":null}}]},"5":{"loc":{"start":{"line":16,"column":54},"end":{"line":17,"column":49}},"type":"binary-expr","locations":[{"start":{"line":16,"column":54},"end":{"line":17,"column":null}},{"start":{"line":17,"column":36},"end":{"line":17,"column":49}}]}},"s":{"0":4,"1":4,"2":4,"3":4,"4":4,"5":4,"6":4,"7":4,"8":3,"9":3,"10":3,"11":3,"12":3,"13":1,"14":2,"15":1,"16":1,"17":1,"18":1,"19":1,"20":4,"21":4},"f":{"0":3,"1":3},"b":{"0":[1,2],"1":[1,1],"2":[4,0],"3":[4,4],"4":[4,0],"5":[4,4]}}
,"E:\\uni\\WHS\\order-service\\src\\commands\\handle-shipment-assigned.command.ts": {"path":"E:\\uni\\WHS\\order-service\\src\\commands\\handle-shipment-assigned.command.ts","statementMap":{"0":{"start":{"line":2,"column":30},"end":{"line":2,"column":45}},"1":{"start":{"line":1,"column":0},"end":{"line":1,"column":13}}},"fnMap":{"0":{"name":"(anonymous_0)","decl":{"start":{"line":2,"column":2},"end":{"line":2,"column":30}},"loc":{"start":{"line":2,"column":45},"end":{"line":2,"column":49}}}},"branchMap":{},"s":{"0":4,"1":5},"f":{"0":4},"b":{}}
,"E:\\uni\\WHS\\order-service\\src\\commands\\handle-shipment-assigned.handler.ts": {"path":"E:\\uni\\WHS\\order-service\\src\\commands\\handle-shipment-assigned.handler.ts","statementMap":{"0":{"start":{"line":1,"column":0},"end":{"line":1,"column":63}},"1":{"start":{"line":2,"column":0},"end":{"line":2,"column":40}},"2":{"start":{"line":3,"column":0},"end":{"line":3,"column":47}},"3":{"start":{"line":4,"column":0},"end":{"line":4,"column":33}},"4":{"start":{"line":5,"column":0},"end":{"line":5,"column":63}},"5":{"start":{"line":6,"column":0},"end":{"line":6,"column":50}},"6":{"start":{"line":7,"column":0},"end":{"line":7,"column":83}},"7":{"start":{"line":10,"column":42},"end":{"line":29,"column":null}},"8":{"start":{"line":13,"column":28},"end":{"line":13,"column":74}},"9":{"start":{"line":16,"column":37},"end":{"line":16,"column":49}},"10":{"start":{"line":17,"column":21},"end":{"line":17,"column":36}},"11":{"start":{"line":21,"column":18},"end":{"line":21,"column":77}},"12":{"start":{"line":22,"column":4},"end":{"line":27,"column":5}},"13":{"start":{"line":23,"column":6},"end":{"line":23,"column":31}},"14":{"start":{"line":24,"column":6},"end":{"line":24,"column":25}},"15":{"start":{"line":25,"column":6},"end":{"line":25,"column":71}},"16":{"start":{"line":26,"column":6},"end":{"line":26,"column":45}},"17":{"start":{"line":10,"column":13},"end":{"line":10,"column":42}},"18":{"start":{"line":10,"column":13},"end":{"line":29,"column":null}}},"fnMap":{"0":{"name":"(anonymous_4)","decl":{"start":{"line":15,"column":2},"end":{"line":15,"column":null}},"loc":{"start":{"line":17,"column":49},"end":{"line":18,"column":6}}},"1":{"name":"(anonymous_5)","decl":{"start":{"line":20,"column":2},"end":{"line":20,"column":7}},"loc":{"start":{"line":20,"column":54},"end":{"line":28,"column":3}}}},"branchMap":{"0":{"loc":{"start":{"line":22,"column":4},"end":{"line":27,"column":5}},"type":"if","locations":[{"start":{"line":22,"column":4},"end":{"line":27,"column":5}},{"start":{},"end":{}}]},"1":{"loc":{"start":{"line":16,"column":49},"end":{"line":16,"column":69}},"type":"cond-expr","locations":[{"start":{"line":16,"column":54},"end":{"line":16,"column":69}},{"start":{"line":16,"column":54},"end":{"line":16,"column":69}}]},"2":{"loc":{"start":{"line":16,"column":49},"end":{"line":16,"column":54}},"type":"binary-expr","locations":[{"start":{"line":16,"column":49},"end":{"line":16,"column":69}},{"start":{"line":16,"column":49},"end":{"line":16,"column":54}}]},"3":{"loc":{"start":{"line":16,"column":54},"end":{"line":17,"column":null}},"type":"cond-expr","locations":[{"start":{"line":17,"column":49},"end":{"line":17,"column":null}},{"start":{"line":17,"column":49},"end":{"line":17,"column":null}}]},"4":{"loc":{"start":{"line":16,"column":54},"end":{"line":17,"column":49}},"type":"binary-expr","locations":[{"start":{"line":16,"column":54},"end":{"line":17,"column":null}},{"start":{"line":17,"column":36},"end":{"line":17,"column":49}}]}},"s":{"0":4,"1":4,"2":4,"3":4,"4":4,"5":4,"6":4,"7":4,"8":2,"9":2,"10":2,"11":2,"12":2,"13":1,"14":1,"15":1,"16":1,"17":4,"18":4},"f":{"0":2,"1":2},"b":{"0":[1,1],"1":[4,0],"2":[4,4],"3":[4,0],"4":[4,4]}}
,"E:\\uni\\WHS\\order-service\\src\\commands\\index.ts": {"path":"E:\\uni\\WHS\\order-service\\src\\commands\\index.ts","statementMap":{"0":{"start":{"line":1,"column":0},"end":{"line":1,"column":58}},"1":{"start":{"line":2,"column":0},"end":{"line":2,"column":60}},"2":{"start":{"line":3,"column":0},"end":{"line":3,"column":60}},"3":{"start":{"line":4,"column":0},"end":{"line":4,"column":87}},"4":{"start":{"line":5,"column":0},"end":{"line":5,"column":72}},"5":{"start":{"line":6,"column":0},"end":{"line":6,"column":71}},"6":{"start":{"line":7,"column":0},"end":{"line":7,"column":83}},"7":{"start":{"line":8,"column":0},"end":{"line":8,"column":83}},"8":{"start":{"line":10,"column":13},"end":{"line":19,"column":2}}},"fnMap":{},"branchMap":{},"s":{"0":3,"1":3,"2":3,"3":3,"4":3,"5":3,"6":3,"7":3,"8":3},"f":{},"b":{}}
,"E:\\uni\\WHS\\order-service\\src\\commands\\place-order.command.ts": {"path":"E:\\uni\\WHS\\order-service\\src\\commands\\place-order.command.ts","statementMap":{"0":{"start":{"line":3,"column":20},"end":{"line":3,"column":68}},"1":{"start":{"line":1,"column":0},"end":{"line":1,"column":13}}},"fnMap":{"0":{"name":"(anonymous_0)","decl":{"start":{"line":2,"column":2},"end":{"line":2,"column":null}},"loc":{"start":{"line":3,"column":68},"end":{"line":4,"column":6}}}},"branchMap":{},"s":{"0":4,"1":5},"f":{"0":4},"b":{}}
,"E:\\uni\\WHS\\order-service\\src\\commands\\place-order.handler.ts": {"path":"E:\\uni\\WHS\\order-service\\src\\commands\\place-order.handler.ts","statementMap":{"0":{"start":{"line":1,"column":0},"end":{"line":1,"column":63}},"1":{"start":{"line":2,"column":0},"end":{"line":2,"column":48}},"2":{"start":{"line":3,"column":0},"end":{"line":3,"column":52}},"3":{"start":{"line":4,"column":0},"end":{"line":4,"column":47}},"4":{"start":{"line":5,"column":0},"end":{"line":5,"column":33}},"5":{"start":{"line":6,"column":0},"end":{"line":6,"column":63}},"6":{"start":{"line":7,"column":0},"end":{"line":7,"column":50}},"7":{"start":{"line":8,"column":0},"end":{"line":8,"column":58}},"8":{"start":{"line":11,"column":30},"end":{"line":37,"column":null}},"9":{"start":{"line":12,"column":28},"end":{"line":12,"column":62}},"10":{"start":{"line":15,"column":45},"end":{"line":15,"column":58}},"11":{"start":{"line":16,"column":37},"end":{"line":16,"column":49}},"12":{"start":{"line":17,"column":21},"end":{"line":17,"column":36}},"13":{"start":{"line":21,"column":18},"end":{"line":24,"column":6}},"14":{"start":{"line":25,"column":4},"end":{"line":25,"column":23}},"15":{"start":{"line":27,"column":4},"end":{"line":27,"column":72}},"16":{"start":{"line":29,"column":4},"end":{"line":32,"column":7}},"17":{"start":{"line":34,"column":4},"end":{"line":34,"column":43}},"18":{"start":{"line":35,"column":4},"end":{"line":35,"column":17}},"19":{"start":{"line":11,"column":13},"end":{"line":11,"column":30}},"20":{"start":{"line":11,"column":13},"end":{"line":37,"column":null}}},"fnMap":{"0":{"name":"(anonymous_4)","decl":{"start":{"line":14,"column":2},"end":{"line":14,"column":null}},"loc":{"start":{"line":17,"column":49},"end":{"line":18,"column":6}}},"1":{"name":"(anonymous_5)","decl":{"start":{"line":20,"column":2},"end":{"line":20,"column":7}},"loc":{"start":{"line":20,"column":42},"end":{"line":36,"column":3}}}},"branchMap":{"0":{"loc":{"start":{"line":15,"column":58},"end":{"line":15,"column":null}},"type":"cond-expr","locations":[{"start":{"line":15,"column":69},"end":{"line":15,"column":null}},{"start":{"line":15,"column":69},"end":{"line":15,"column":null}}]},"1":{"loc":{"start":{"line":15,"column":58},"end":{"line":15,"column":69}},"type":"binary-expr","locations":[{"start":{"line":15,"column":58},"end":{"line":15,"column":null}},{"start":{"line":15,"column":58},"end":{"line":15,"column":69}}]},"2":{"loc":{"start":{"line":15,"column":69},"end":{"line":16,"column":69}},"type":"cond-expr","locations":[{"start":{"line":16,"column":54},"end":{"line":16,"column":69}},{"start":{"line":16,"column":54},"end":{"line":16,"column":69}}]},"3":{"loc":{"start":{"line":15,"column":69},"end":{"line":16,"column":54}},"type":"binary-expr","locations":[{"start":{"line":15,"column":69},"end":{"line":16,"column":69}},{"start":{"line":16,"column":49},"end":{"line":16,"column":54}}]},"4":{"loc":{"start":{"line":16,"column":54},"end":{"line":17,"column":null}},"type":"cond-expr","locations":[{"start":{"line":17,"column":49},"end":{"line":17,"column":null}},{"start":{"line":17,"column":49},"end":{"line":17,"column":null}}]},"5":{"loc":{"start":{"line":16,"column":54},"end":{"line":17,"column":49}},"type":"binary-expr","locations":[{"start":{"line":16,"column":54},"end":{"line":17,"column":null}},{"start":{"line":17,"column":36},"end":{"line":17,"column":49}}]}},"s":{"0":4,"1":4,"2":4,"3":4,"4":4,"5":4,"6":4,"7":4,"8":4,"9":2,"10":2,"11":2,"12":2,"13":2,"14":2,"15":1,"16":1,"17":1,"18":1,"19":4,"20":4},"f":{"0":2,"1":2},"b":{"0":[4,0],"1":[4,4],"2":[4,0],"3":[4,4],"4":[4,0],"5":[4,4]}}
,"E:\\uni\\WHS\\order-service\\src\\commands\\resume-order.command.ts": {"path":"E:\\uni\\WHS\\order-service\\src\\commands\\resume-order.command.ts","statementMap":{"0":{"start":{"line":2,"column":30},"end":{"line":2,"column":45}},"1":{"start":{"line":1,"column":0},"end":{"line":1,"column":13}}},"fnMap":{"0":{"name":"(anonymous_0)","decl":{"start":{"line":2,"column":2},"end":{"line":2,"column":30}},"loc":{"start":{"line":2,"column":45},"end":{"line":2,"column":49}}}},"branchMap":{},"s":{"0":7,"1":5},"f":{"0":7},"b":{}}
,"E:\\uni\\WHS\\order-service\\src\\commands\\resume-order.handler.ts": {"path":"E:\\uni\\WHS\\order-service\\src\\commands\\resume-order.handler.ts","statementMap":{"0":{"start":{"line":1,"column":0},"end":{"line":1,"column":63}},"1":{"start":{"line":2,"column":0},"end":{"line":2,"column":48}},"2":{"start":{"line":3,"column":0},"end":{"line":3,"column":52}},"3":{"start":{"line":4,"column":0},"end":{"line":4,"column":47}},"4":{"start":{"line":5,"column":0},"end":{"line":5,"column":33}},"5":{"start":{"line":6,"column":0},"end":{"line":6,"column":63}},"6":{"start":{"line":7,"column":0},"end":{"line":7,"column":50}},"7":{"start":{"line":8,"column":0},"end":{"line":8,"column":60}},"8":{"start":{"line":11,"column":31},"end":{"line":44,"column":null}},"9":{"start":{"line":12,"column":28},"end":{"line":12,"column":63}},"10":{"start":{"line":15,"column":45},"end":{"line":15,"column":58}},"11":{"start":{"line":16,"column":37},"end":{"line":16,"column":49}},"12":{"start":{"line":17,"column":21},"end":{"line":17,"column":36}},"13":{"start":{"line":21,"column":18},"end":{"line":21,"column":77}},"14":{"start":{"line":22,"column":4},"end":{"line":24,"column":5}},"15":{"start":{"line":23,"column":6},"end":{"line":23,"column":60}},"16":{"start":{"line":25,"column":4},"end":{"line":27,"column":5}},"17":{"start":{"line":26,"column":6},"end":{"line":26,"column":58}},"18":{"start":{"line":29,"column":4},"end":{"line":29,"column":29}},"19":{"start":{"line":30,"column":4},"end":{"line":30,"column":23}},"20":{"start":{"line":32,"column":4},"end":{"line":34,"column":6}},"21":{"start":{"line":36,"column":4},"end":{"line":39,"column":7}},"22":{"start":{"line":41,"column":4},"end":{"line":41,"column":43}},"23":{"start":{"line":42,"column":4},"end":{"line":42,"column":17}},"24":{"start":{"line":11,"column":13},"end":{"line":11,"column":31}},"25":{"start":{"line":11,"column":13},"end":{"line":44,"column":null}}},"fnMap":{"0":{"name":"(anonymous_4)","decl":{"start":{"line":14,"column":2},"end":{"line":14,"column":null}},"loc":{"start":{"line":17,"column":49},"end":{"line":18,"column":6}}},"1":{"name":"(anonymous_5)","decl":{"start":{"line":20,"column":2},"end":{"line":20,"column":7}},"loc":{"start":{"line":20,"column":43},"end":{"line":43,"column":3}}}},"branchMap":{"0":{"loc":{"start":{"line":22,"column":4},"end":{"line":24,"column":5}},"type":"if","locations":[{"start":{"line":22,"column":4},"end":{"line":24,"column":5}},{"start":{},"end":{}}]},"1":{"loc":{"start":{"line":25,"column":4},"end":{"line":27,"column":5}},"type":"if","locations":[{"start":{"line":25,"column":4},"end":{"line":27,"column":5}},{"start":{},"end":{}}]},"2":{"loc":{"start":{"line":15,"column":58},"end":{"line":15,"column":null}},"type":"cond-expr","locations":[{"start":{"line":15,"column":69},"end":{"line":15,"column":null}},{"start":{"line":15,"column":69},"end":{"line":15,"column":null}}]},"3":{"loc":{"start":{"line":15,"column":58},"end":{"line":15,"column":69}},"type":"binary-expr","locations":[{"start":{"line":15,"column":58},"end":{"line":15,"column":null}},{"start":{"line":15,"column":58},"end":{"line":15,"column":69}}]},"4":{"loc":{"start":{"line":15,"column":69},"end":{"line":16,"column":69}},"type":"cond-expr","locations":[{"start":{"line":16,"column":54},"end":{"line":16,"column":69}},{"start":{"line":16,"column":54},"end":{"line":16,"column":69}}]},"5":{"loc":{"start":{"line":15,"column":69},"end":{"line":16,"column":54}},"type":"binary-expr","locations":[{"start":{"line":15,"column":69},"end":{"line":16,"column":69}},{"start":{"line":16,"column":49},"end":{"line":16,"column":54}}]},"6":{"loc":{"start":{"line":16,"column":54},"end":{"line":17,"column":null}},"type":"cond-expr","locations":[{"start":{"line":17,"column":49},"end":{"line":17,"column":null}},{"start":{"line":17,"column":49},"end":{"line":17,"column":null}}]},"7":{"loc":{"start":{"line":16,"column":54},"end":{"line":17,"column":49}},"type":"binary-expr","locations":[{"start":{"line":16,"column":54},"end":{"line":17,"column":null}},{"start":{"line":17,"column":36},"end":{"line":17,"column":49}}]}},"s":{"0":4,"1":4,"2":4,"3":4,"4":4,"5":4,"6":4,"7":4,"8":4,"9":3,"10":3,"11":3,"12":3,"13":3,"14":3,"15":1,"16":2,"17":1,"18":1,"19":1,"20":1,"21":1,"22":1,"23":1,"24":4,"25":4},"f":{"0":3,"1":3},"b":{"0":[1,2],"1":[1,1],"2":[4,0],"3":[4,4],"4":[4,0],"5":[4,4],"6":[4,0],"7":[4,4]}}
,"E:\\uni\\WHS\\order-service\\src\\queries\\get-all-orders.handler.ts": {"path":"E:\\uni\\WHS\\order-service\\src\\queries\\get-all-orders.handler.ts","statementMap":{"0":{"start":{"line":1,"column":0},"end":{"line":1,"column":59}},"1":{"start":{"line":2,"column":0},"end":{"line":2,"column":47}},"2":{"start":{"line":3,"column":0},"end":{"line":3,"column":33}},"3":{"start":{"line":4,"column":0},"end":{"line":4,"column":63}},"4":{"start":{"line":5,"column":0},"end":{"line":5,"column":59}},"5":{"start":{"line":8,"column":7},"end":{"line":16,"column":null}},"6":{"start":{"line":10,"column":37},"end":{"line":10,"column":49}},"7":{"start":{"line":14,"column":4},"end":{"line":14,"column":41}},"8":{"start":{"line":8,"column":13},"end":{"line":8,"column":32}},"9":{"start":{"line":8,"column":13},"end":{"line":16,"column":null}}},"fnMap":{"0":{"name":"(anonymous_4)","decl":{"start":{"line":9,"column":2},"end":{"line":9,"column":null}},"loc":{"start":{"line":10,"column":69},"end":{"line":11,"column":6}}},"1":{"name":"(anonymous_5)","decl":{"start":{"line":13,"column":2},"end":{"line":13,"column":7}},"loc":{"start":{"line":13,"column":15},"end":{"line":15,"column":3}}}},"branchMap":{"0":{"loc":{"start":{"line":10,"column":49},"end":{"line":10,"column":69}},"type":"cond-expr","locations":[{"start":{"line":10,"column":54},"end":{"line":10,"column":69}},{"start":{"line":10,"column":54},"end":{"line":10,"column":69}}]},"1":{"loc":{"start":{"line":10,"column":49},"end":{"line":10,"column":54}},"type":"binary-expr","locations":[{"start":{"line":10,"column":49},"end":{"line":10,"column":69}},{"start":{"line":10,"column":49},"end":{"line":10,"column":54}}]}},"s":{"0":4,"1":4,"2":4,"3":4,"4":4,"5":4,"6":1,"7":1,"8":4,"9":4},"f":{"0":1,"1":1},"b":{"0":[4,0],"1":[4,4]}}
,"E:\\uni\\WHS\\order-service\\src\\queries\\get-all-orders.query.ts": {"path":"E:\\uni\\WHS\\order-service\\src\\queries\\get-all-orders.query.ts","statementMap":{"0":{"start":{"line":1,"column":0},"end":{"line":1,"column":13}}},"fnMap":{},"branchMap":{},"s":{"0":5},"f":{},"b":{}}
,"E:\\uni\\WHS\\order-service\\src\\queries\\index.ts": {"path":"E:\\uni\\WHS\\order-service\\src\\queries\\index.ts","statementMap":{"0":{"start":{"line":1,"column":0},"end":{"line":1,"column":63}},"1":{"start":{"line":3,"column":13},"end":{"line":3,"column":51}}},"fnMap":{},"branchMap":{},"s":{"0":3,"1":3},"f":{},"b":{}}
,"E:\\uni\\WHS\\order-service\\src\\schemas\\order.schema.ts": {"path":"E:\\uni\\WHS\\order-service\\src\\schemas\\order.schema.ts","statementMap":{"0":{"start":{"line":1,"column":0},"end":{"line":1,"column":63}},"1":{"start":{"line":7,"column":0},"end":{"line":13,"column":null}},"2":{"start":{"line":9,"column":2},"end":{"line":9,"column":null}},"3":{"start":{"line":12,"column":2},"end":{"line":12,"column":null}},"4":{"start":{"line":7,"column":6},"end":{"line":13,"column":null}},"5":{"start":{"line":16,"column":7},"end":{"line":39,"column":null}},"6":{"start":{"line":16,"column":13},"end":{"line":16,"column":18}},"7":{"start":{"line":18,"column":2},"end":{"line":18,"column":null}},"8":{"start":{"line":17,"column":41},"end":{"line":17,"column":72}},"9":{"start":{"line":21,"column":2},"end":{"line":21,"column":null}},"10":{"start":{"line":35,"column":2},"end":{"line":35,"column":null}},"11":{"start":{"line":38,"column":2},"end":{"line":38,"column":22}},"12":{"start":{"line":16,"column":13},"end":{"line":39,"column":null}},"13":{"start":{"line":41,"column":13},"end":{"line":41,"column":63}}},"fnMap":{"0":{"name":"(anonymous_2)","decl":{"start":{"line":17,"column":35},"end":{"line":17,"column":38}},"loc":{"start":{"line":17,"column":41},"end":{"line":17,"column":72}}}},"branchMap":{},"s":{"0":5,"1":5,"2":5,"3":5,"4":5,"5":5,"6":5,"7":5,"8":2,"9":5,"10":5,"11":5,"12":5,"13":5},"f":{"0":2},"b":{}}
}
