TN:
SF:src\app.controller.ts
FN:25,(anonymous_4)
FN:31,(anonymous_5)
FN:38,(anonymous_6)
FN:43,(anonymous_7)
FN:48,(anonymous_8)
FN:57,(anonymous_9)
FN:66,(anonymous_10)
FN:78,(anonymous_11)
FN:87,(anonymous_12)
FN:92,(anonymous_13)
FN:101,(anonymous_14)
FNF:11
FNH:11
FNDA:17,(anonymous_4)
FNDA:1,(anonymous_5)
FNDA:1,(anonymous_6)
FNDA:1,(anonymous_7)
FNDA:3,(anonymous_8)
FNDA:3,(anonymous_9)
FNDA:2,(anonymous_10)
FNDA:2,(anonymous_11)
FNDA:1,(anonymous_12)
FNDA:2,(anonymous_13)
FNDA:2,(anonymous_14)
DA:1,4
DA:11,4
DA:12,4
DA:13,4
DA:14,4
DA:15,4
DA:16,4
DA:17,4
DA:18,4
DA:19,4
DA:20,4
DA:21,4
DA:24,4
DA:26,17
DA:27,17
DA:31,4
DA:34,1
DA:38,4
DA:39,1
DA:43,4
DA:44,1
DA:48,4
DA:49,3
DA:50,3
DA:52,2
DA:57,4
DA:58,3
DA:59,3
DA:61,2
DA:66,4
DA:67,2
DA:68,1
DA:78,4
DA:79,2
DA:80,1
DA:87,4
DA:88,1
DA:92,4
DA:93,2
DA:94,1
DA:101,4
DA:102,2
DA:103,1
LF:43
LH:43
BRDA:67,0,0,1
BRDA:67,0,1,1
BRDA:67,1,0,2
BRDA:67,1,1,2
BRDA:79,2,0,1
BRDA:79,2,1,1
BRDA:79,3,0,2
BRDA:79,3,1,2
BRDA:93,4,0,1
BRDA:93,4,1,1
BRDA:93,5,0,2
BRDA:93,5,1,2
BRDA:102,6,0,1
BRDA:102,6,1,1
BRDA:102,7,0,2
BRDA:102,7,1,2
BRDA:26,8,0,4
BRDA:26,8,1,0
BRDA:26,9,0,4
BRDA:26,9,1,4
BRDA:26,10,0,4
BRDA:26,10,1,0
BRDA:26,11,0,4
BRDA:26,11,1,4
BRF:24
BRH:22
end_of_record
TN:
SF:src\app.module.ts
FNF:0
FNH:0
DA:1,3
DA:2,3
DA:3,3
DA:4,3
DA:5,3
DA:6,3
DA:7,3
DA:8,3
DA:9,3
DA:45,3
LF:10
LH:10
BRDA:14,0,0,3
BRDA:14,0,1,3
BRDA:25,1,0,3
BRDA:25,1,1,3
BRF:4
BRH:4
end_of_record
TN:
SF:src\events.gateway.ts
FN:17,(anonymous_2)
FN:21,(anonymous_3)
FN:25,(anonymous_4)
FNF:3
FNH:3
FNDA:1,(anonymous_2)
FNDA:1,(anonymous_3)
FNDA:1,(anonymous_4)
DA:1,5
DA:7,5
DA:8,5
DA:11,5
DA:12,4
DA:15,5
DA:18,1
DA:22,1
DA:26,1
LF:9
LH:9
BRDA:15,0,0,5
BRDA:15,0,1,0
BRDA:15,1,0,5
BRDA:15,1,1,5
BRF:4
BRH:3
end_of_record
TN:
SF:src\main.ts
FN:5,bootstrap
FNF:1
FNH:1
FNDA:2,bootstrap
DA:1,2
DA:2,2
DA:3,2
DA:6,2
DA:8,2
DA:32,2
DA:33,2
DA:34,2
DA:35,2
DA:37,2
LF:10
LH:10
BRDA:12,0,0,2
BRDA:12,0,1,2
BRDA:34,1,0,2
BRDA:34,1,1,1
BRF:4
BRH:4
end_of_record
TN:
SF:src\commands\cancel-order.command.ts
FN:2,(anonymous_0)
FNF:1
FNH:1
FNDA:10,(anonymous_0)
DA:1,5
DA:2,10
LF:2
LH:2
BRF:0
BRH:0
end_of_record
TN:
SF:src\commands\cancel-order.handler.ts
FN:14,(anonymous_4)
FN:20,(anonymous_5)
FNF:2
FNH:2
FNDA:6,(anonymous_4)
FNDA:6,(anonymous_5)
DA:1,4
DA:2,4
DA:3,4
DA:4,4
DA:5,4
DA:6,4
DA:7,4
DA:8,4
DA:11,4
DA:12,6
DA:15,6
DA:16,6
DA:17,6
DA:21,6
DA:22,6
DA:23,1
DA:25,5
DA:26,1
DA:28,4
DA:29,1
DA:31,3
DA:32,1
DA:35,2
DA:36,1
DA:39,2
DA:40,2
DA:41,2
DA:43,2
DA:45,2
DA:51,2
DA:52,2
LF:31
LH:31
BRDA:22,0,0,1
BRDA:22,0,1,5
BRDA:25,1,0,1
BRDA:25,1,1,4
BRDA:28,2,0,1
BRDA:28,2,1,3
BRDA:31,3,0,1
BRDA:31,3,1,2
BRDA:35,4,0,1
BRDA:35,4,1,1
BRDA:15,5,0,4
BRDA:15,5,1,0
BRDA:15,6,0,4
BRDA:15,6,1,4
BRDA:15,7,0,4
BRDA:15,7,1,0
BRDA:15,8,0,4
BRDA:15,8,1,4
BRDA:16,9,0,4
BRDA:16,9,1,0
BRDA:16,10,0,4
BRDA:16,10,1,4
BRF:22
BRH:19
end_of_record
TN:
SF:src\commands\handle-inventory-allocated.command.ts
FN:2,(anonymous_0)
FNF:1
FNH:1
FNDA:4,(anonymous_0)
DA:1,5
DA:3,4
DA:4,4
LF:3
LH:3
BRF:0
BRH:0
end_of_record
TN:
SF:src\commands\handle-inventory-allocated.handler.ts
FN:16,(anonymous_4)
FN:22,(anonymous_5)
FNF:2
FNH:2
FNDA:2,(anonymous_4)
FNDA:2,(anonymous_5)
DA:1,4
DA:2,4
DA:3,4
DA:4,4
DA:5,4
DA:6,4
DA:7,4
DA:8,4
DA:11,4
DA:14,2
DA:17,2
DA:18,2
DA:19,2
DA:23,2
DA:24,2
DA:25,1
DA:26,1
DA:27,1
DA:28,1
DA:30,1
DA:34,1
LF:21
LH:21
BRDA:24,0,0,1
BRDA:24,0,1,1
BRDA:24,1,0,2
BRDA:24,1,1,2
BRDA:17,2,0,4
BRDA:17,2,1,0
BRDA:17,3,0,4
BRDA:17,3,1,4
BRDA:17,4,0,4
BRDA:17,4,1,0
BRDA:17,5,0,4
BRDA:17,5,1,4
BRDA:18,6,0,4
BRDA:18,6,1,0
BRDA:18,7,0,4
BRDA:18,7,1,4
BRF:16
BRH:13
end_of_record
TN:
SF:src\commands\handle-item-stored.command.ts
FNF:0
FNH:0
DA:1,5
LF:1
LH:1
BRF:0
BRH:0
end_of_record
TN:
SF:src\commands\handle-item-stored.handler.ts
FN:15,(anonymous_4)
FN:20,(anonymous_5)
FNF:2
FNH:2
FNDA:1,(anonymous_4)
FNDA:1,(anonymous_5)
DA:1,4
DA:2,4
DA:3,4
DA:4,4
DA:5,4
DA:6,4
DA:7,4
DA:10,4
DA:13,1
DA:16,1
DA:17,1
DA:21,1
DA:24,1
DA:25,2
DA:28,2
LF:15
LH:15
BRDA:16,0,0,4
BRDA:16,0,1,0
BRDA:16,1,0,4
BRDA:16,1,1,4
BRDA:16,2,0,4
BRDA:16,2,1,0
BRDA:16,3,0,4
BRDA:16,3,1,4
BRF:8
BRH:6
end_of_record
TN:
SF:src\commands\handle-out-of-stock.command.ts
FN:2,(anonymous_0)
FNF:1
FNH:1
FNDA:4,(anonymous_0)
DA:1,5
DA:2,4
LF:2
LH:2
BRF:0
BRH:0
end_of_record
TN:
SF:src\commands\handle-out-of-stock.handler.ts
FN:16,(anonymous_4)
FN:22,(anonymous_5)
FNF:2
FNH:2
FNDA:2,(anonymous_4)
FNDA:2,(anonymous_5)
DA:1,4
DA:2,4
DA:3,4
DA:4,4
DA:5,4
DA:6,4
DA:7,4
DA:8,4
DA:11,4
DA:14,2
DA:17,2
DA:18,2
DA:19,2
DA:23,2
DA:24,2
DA:25,1
DA:26,1
DA:27,1
DA:28,1
DA:29,1
LF:20
LH:20
BRDA:24,0,0,1
BRDA:24,0,1,1
BRDA:24,1,0,2
BRDA:24,1,1,2
BRDA:17,2,0,4
BRDA:17,2,1,0
BRDA:17,3,0,4
BRDA:17,3,1,4
BRDA:17,4,0,4
BRDA:17,4,1,0
BRDA:17,5,0,4
BRDA:17,5,1,4
BRDA:18,6,0,4
BRDA:18,6,1,0
BRDA:18,7,0,4
BRDA:18,7,1,4
BRF:16
BRH:13
end_of_record
TN:
SF:src\commands\handle-picking-completed.command.ts
FN:2,(anonymous_0)
FNF:1
FNH:1
FNDA:5,(anonymous_0)
DA:1,5
DA:2,5
LF:2
LH:2
BRF:0
BRH:0
end_of_record
TN:
SF:src\commands\handle-picking-completed.handler.ts
FN:15,(anonymous_4)
FN:20,(anonymous_5)
FNF:2
FNH:2
FNDA:3,(anonymous_4)
FNDA:3,(anonymous_5)
DA:1,4
DA:2,4
DA:3,4
DA:4,4
DA:5,4
DA:6,4
DA:7,4
DA:10,4
DA:13,3
DA:16,3
DA:17,3
DA:21,3
DA:22,3
DA:23,1
DA:26,2
DA:27,1
DA:30,1
DA:31,1
DA:32,1
DA:33,1
LF:20
LH:20
BRDA:22,0,0,1
BRDA:22,0,1,2
BRDA:26,1,0,1
BRDA:26,1,1,1
BRDA:16,2,0,4
BRDA:16,2,1,0
BRDA:16,3,0,4
BRDA:16,3,1,4
BRDA:16,4,0,4
BRDA:16,4,1,0
BRDA:16,5,0,4
BRDA:16,5,1,4
BRF:12
BRH:10
end_of_record
TN:
SF:src\commands\handle-shipment-assigned.command.ts
FN:2,(anonymous_0)
FNF:1
FNH:1
FNDA:4,(anonymous_0)
DA:1,5
DA:2,4
LF:2
LH:2
BRF:0
BRH:0
end_of_record
TN:
SF:src\commands\handle-shipment-assigned.handler.ts
FN:15,(anonymous_4)
FN:20,(anonymous_5)
FNF:2
FNH:2
FNDA:2,(anonymous_4)
FNDA:2,(anonymous_5)
DA:1,4
DA:2,4
DA:3,4
DA:4,4
DA:5,4
DA:6,4
DA:7,4
DA:10,4
DA:13,2
DA:16,2
DA:17,2
DA:21,2
DA:22,2
DA:23,1
DA:24,1
DA:25,1
DA:26,1
LF:17
LH:17
BRDA:22,0,0,1
BRDA:22,0,1,1
BRDA:16,1,0,4
BRDA:16,1,1,0
BRDA:16,2,0,4
BRDA:16,2,1,4
BRDA:16,3,0,4
BRDA:16,3,1,0
BRDA:16,4,0,4
BRDA:16,4,1,4
BRF:10
BRH:8
end_of_record
TN:
SF:src\commands\index.ts
FNF:0
FNH:0
DA:1,3
DA:2,3
DA:3,3
DA:4,3
DA:5,3
DA:6,3
DA:7,3
DA:8,3
DA:10,3
LF:9
LH:9
BRF:0
BRH:0
end_of_record
TN:
SF:src\commands\place-order.command.ts
FN:2,(anonymous_0)
FNF:1
FNH:1
FNDA:4,(anonymous_0)
DA:1,5
DA:3,4
LF:2
LH:2
BRF:0
BRH:0
end_of_record
TN:
SF:src\commands\place-order.handler.ts
FN:14,(anonymous_4)
FN:20,(anonymous_5)
FNF:2
FNH:2
FNDA:2,(anonymous_4)
FNDA:2,(anonymous_5)
DA:1,4
DA:2,4
DA:3,4
DA:4,4
DA:5,4
DA:6,4
DA:7,4
DA:8,4
DA:11,4
DA:12,2
DA:15,2
DA:16,2
DA:17,2
DA:21,2
DA:25,2
DA:27,1
DA:29,1
DA:34,1
DA:35,1
LF:19
LH:19
BRDA:15,0,0,4
BRDA:15,0,1,0
BRDA:15,1,0,4
BRDA:15,1,1,4
BRDA:15,2,0,4
BRDA:15,2,1,0
BRDA:15,3,0,4
BRDA:15,3,1,4
BRDA:16,4,0,4
BRDA:16,4,1,0
BRDA:16,5,0,4
BRDA:16,5,1,4
BRF:12
BRH:9
end_of_record
TN:
SF:src\commands\resume-order.command.ts
FN:2,(anonymous_0)
FNF:1
FNH:1
FNDA:7,(anonymous_0)
DA:1,5
DA:2,7
LF:2
LH:2
BRF:0
BRH:0
end_of_record
TN:
SF:src\commands\resume-order.handler.ts
FN:14,(anonymous_4)
FN:20,(anonymous_5)
FNF:2
FNH:2
FNDA:3,(anonymous_4)
FNDA:3,(anonymous_5)
DA:1,4
DA:2,4
DA:3,4
DA:4,4
DA:5,4
DA:6,4
DA:7,4
DA:8,4
DA:11,4
DA:12,3
DA:15,3
DA:16,3
DA:17,3
DA:21,3
DA:22,3
DA:23,1
DA:25,2
DA:26,1
DA:29,1
DA:30,1
DA:32,1
DA:36,1
DA:41,1
DA:42,1
LF:24
LH:24
BRDA:22,0,0,1
BRDA:22,0,1,2
BRDA:25,1,0,1
BRDA:25,1,1,1
BRDA:15,2,0,4
BRDA:15,2,1,0
BRDA:15,3,0,4
BRDA:15,3,1,4
BRDA:15,4,0,4
BRDA:15,4,1,0
BRDA:15,5,0,4
BRDA:15,5,1,4
BRDA:16,6,0,4
BRDA:16,6,1,0
BRDA:16,7,0,4
BRDA:16,7,1,4
BRF:16
BRH:13
end_of_record
TN:
SF:src\queries\get-all-orders.handler.ts
FN:9,(anonymous_4)
FN:13,(anonymous_5)
FNF:2
FNH:2
FNDA:1,(anonymous_4)
FNDA:1,(anonymous_5)
DA:1,4
DA:2,4
DA:3,4
DA:4,4
DA:5,4
DA:8,4
DA:10,1
DA:14,1
LF:8
LH:8
BRDA:10,0,0,4
BRDA:10,0,1,0
BRDA:10,1,0,4
BRDA:10,1,1,4
BRF:4
BRH:3
end_of_record
TN:
SF:src\queries\get-all-orders.query.ts
FNF:0
FNH:0
DA:1,5
LF:1
LH:1
BRF:0
BRH:0
end_of_record
TN:
SF:src\queries\index.ts
FNF:0
FNH:0
DA:1,3
DA:3,3
LF:2
LH:2
BRF:0
BRH:0
end_of_record
TN:
SF:src\schemas\order.schema.ts
FN:17,(anonymous_2)
FNF:1
FNH:1
FNDA:2,(anonymous_2)
DA:1,5
DA:7,5
DA:9,5
DA:12,5
DA:16,5
DA:17,2
DA:18,5
DA:21,5
DA:35,5
DA:38,5
DA:41,5
LF:11
LH:11
BRF:0
BRH:0
end_of_record
