{"E:\\uni\\WHS\\shipping-service\\src\\app.controller.ts": {"path":"E:\\uni\\WHS\\shipping-service\\src\\app.controller.ts","statementMap":{"0":{"start":{"line":1,"column":0},"end":{"line":1,"column":68}},"1":{"start":{"line":2,"column":0},"end":{"line":2,"column":62}},"2":{"start":{"line":3,"column":0},"end":{"line":3,"column":52}},"3":{"start":{"line":4,"column":0},"end":{"line":4,"column":77}},"4":{"start":{"line":5,"column":0},"end":{"line":5,"column":77}},"5":{"start":{"line":6,"column":0},"end":{"line":6,"column":92}},"6":{"start":{"line":7,"column":0},"end":{"line":7,"column":71}},"7":{"start":{"line":8,"column":0},"end":{"line":8,"column":81}},"8":{"start":{"line":11,"column":7},"end":{"line":58,"column":null}},"9":{"start":{"line":13,"column":21},"end":{"line":13,"column":33}},"10":{"start":{"line":14,"column":21},"end":{"line":14,"column":31}},"11":{"start":{"line":19,"column":4},"end":{"line":19,"column":60}},"12":{"start":{"line":24,"column":4},"end":{"line":24,"column":65}},"13":{"start":{"line":29,"column":4},"end":{"line":29,"column":49}},"14":{"start":{"line":36,"column":4},"end":{"line":38,"column":6}},"15":{"start":{"line":43,"column":4},"end":{"line":43,"column":74}},"16":{"start":{"line":48,"column":4},"end":{"line":56,"column":5}},"17":{"start":{"line":49,"column":6},"end":{"line":55,"column":8}},"18":{"start":{"line":11,"column":13},"end":{"line":11,"column":26}},"19":{"start":{"line":18,"column":8},"end":{"line":20,"column":null}},"20":{"start":{"line":23,"column":8},"end":{"line":25,"column":null}},"21":{"start":{"line":28,"column":2},"end":{"line":30,"column":null}},"22":{"start":{"line":33,"column":8},"end":{"line":39,"column":null}},"23":{"start":{"line":42,"column":8},"end":{"line":44,"column":null}},"24":{"start":{"line":47,"column":8},"end":{"line":57,"column":null}},"25":{"start":{"line":11,"column":13},"end":{"line":58,"column":null}}},"fnMap":{"0":{"name":"(anonymous_4)","decl":{"start":{"line":12,"column":2},"end":{"line":12,"column":null}},"loc":{"start":{"line":14,"column":39},"end":{"line":15,"column":6}}},"1":{"name":"(anonymous_5)","decl":{"start":{"line":18,"column":8},"end":{"line":18,"column":19}},"loc":{"start":{"line":18,"column":19},"end":{"line":20,"column":3}}},"2":{"name":"(anonymous_6)","decl":{"start":{"line":23,"column":8},"end":{"line":23,"column":27}},"loc":{"start":{"line":23,"column":27},"end":{"line":25,"column":3}}},"3":{"name":"(anonymous_7)","decl":{"start":{"line":28,"column":2},"end":{"line":28,"column":11}},"loc":{"start":{"line":28,"column":11},"end":{"line":30,"column":3}}},"4":{"name":"(anonymous_8)","decl":{"start":{"line":33,"column":8},"end":{"line":33,"column":23}},"loc":{"start":{"line":34,"column":60},"end":{"line":39,"column":3}}},"5":{"name":"(anonymous_9)","decl":{"start":{"line":42,"column":8},"end":{"line":42,"column":23}},"loc":{"start":{"line":42,"column":54},"end":{"line":44,"column":3}}},"6":{"name":"(anonymous_10)","decl":{"start":{"line":47,"column":8},"end":{"line":47,"column":34}},"loc":{"start":{"line":47,"column":58},"end":{"line":57,"column":3}}}},"branchMap":{"0":{"loc":{"start":{"line":48,"column":4},"end":{"line":56,"column":5}},"type":"if","locations":[{"start":{"line":48,"column":4},"end":{"line":56,"column":5}},{"start":{},"end":{}}]},"1":{"loc":{"start":{"line":48,"column":8},"end":{"line":48,"column":33}},"type":"binary-expr","locations":[{"start":{"line":48,"column":8},"end":{"line":48,"column":15}},{"start":{"line":48,"column":19},"end":{"line":48,"column":33}}]},"2":{"loc":{"start":{"line":13,"column":33},"end":{"line":13,"column":null}},"type":"cond-expr","locations":[{"start":{"line":13,"column":43},"end":{"line":13,"column":null}},{"start":{"line":13,"column":43},"end":{"line":13,"column":null}}]},"3":{"loc":{"start":{"line":13,"column":33},"end":{"line":13,"column":43}},"type":"binary-expr","locations":[{"start":{"line":13,"column":33},"end":{"line":13,"column":null}},{"start":{"line":13,"column":33},"end":{"line":13,"column":43}}]},"4":{"loc":{"start":{"line":13,"column":43},"end":{"line":14,"column":null}},"type":"cond-expr","locations":[{"start":{"line":14,"column":39},"end":{"line":14,"column":null}},{"start":{"line":14,"column":39},"end":{"line":14,"column":null}}]},"5":{"loc":{"start":{"line":13,"column":43},"end":{"line":14,"column":39}},"type":"binary-expr","locations":[{"start":{"line":13,"column":43},"end":{"line":14,"column":null}},{"start":{"line":14,"column":31},"end":{"line":14,"column":39}}]}},"s":{"0":4,"1":4,"2":4,"3":4,"4":4,"5":4,"6":4,"7":4,"8":4,"9":7,"10":7,"11":1,"12":1,"13":1,"14":1,"15":1,"16":3,"17":1,"18":4,"19":4,"20":4,"21":4,"22":4,"23":4,"24":4,"25":4},"f":{"0":7,"1":1,"2":1,"3":1,"4":1,"5":1,"6":3},"b":{"0":[1,2],"1":[3,2],"2":[4,0],"3":[4,4],"4":[4,0],"5":[4,4]}}
,"E:\\uni\\WHS\\shipping-service\\src\\app.module.ts": {"path":"E:\\uni\\WHS\\shipping-service\\src\\app.module.ts","statementMap":{"0":{"start":{"line":1,"column":0},"end":{"line":1,"column":40}},"1":{"start":{"line":2,"column":0},"end":{"line":2,"column":50}},"2":{"start":{"line":3,"column":0},"end":{"line":3,"column":65}},"3":{"start":{"line":4,"column":0},"end":{"line":4,"column":42}},"4":{"start":{"line":5,"column":0},"end":{"line":5,"column":49}},"5":{"start":{"line":6,"column":0},"end":{"line":6,"column":49}},"6":{"start":{"line":7,"column":0},"end":{"line":7,"column":66}},"7":{"start":{"line":8,"column":0},"end":{"line":8,"column":null}},"8":{"start":{"line":12,"column":0},"end":{"line":12,"column":45}},"9":{"start":{"line":13,"column":0},"end":{"line":13,"column":42}},"10":{"start":{"line":14,"column":0},"end":{"line":14,"column":83}},"11":{"start":{"line":58,"column":7},"end":{"line":58,"column":null}},"12":{"start":{"line":58,"column":13},"end":{"line":58,"column":22}},"13":{"start":{"line":58,"column":13},"end":{"line":58,"column":null}}},"fnMap":{},"branchMap":{"0":{"loc":{"start":{"line":19,"column":6},"end":{"line":20,"column":74}},"type":"binary-expr","locations":[{"start":{"line":19,"column":6},"end":{"line":19,"column":29}},{"start":{"line":20,"column":8},"end":{"line":20,"column":74}}]},"1":{"loc":{"start":{"line":33,"column":22},"end":{"line":33,"column":67}},"type":"binary-expr","locations":[{"start":{"line":33,"column":22},"end":{"line":33,"column":46}},{"start":{"line":33,"column":50},"end":{"line":33,"column":67}}]}},"s":{"0":3,"1":3,"2":3,"3":3,"4":3,"5":3,"6":3,"7":3,"8":3,"9":3,"10":3,"11":3,"12":3,"13":3},"f":{},"b":{"0":[3,3],"1":[3,3]}}
,"E:\\uni\\WHS\\shipping-service\\src\\events.gateway.ts": {"path":"E:\\uni\\WHS\\shipping-service\\src\\events.gateway.ts","statementMap":{"0":{"start":{"line":1,"column":0},"end":{"line":1,"column":null}},"1":{"start":{"line":7,"column":0},"end":{"line":7,"column":40}},"2":{"start":{"line":8,"column":0},"end":{"line":8,"column":35}},"3":{"start":{"line":11,"column":26},"end":{"line":28,"column":null}},"4":{"start":{"line":12,"column":28},"end":{"line":12,"column":58}},"5":{"start":{"line":18,"column":4},"end":{"line":18,"column":53}},"6":{"start":{"line":22,"column":4},"end":{"line":22,"column":56}},"7":{"start":{"line":26,"column":4},"end":{"line":26,"column":36}},"8":{"start":{"line":11,"column":13},"end":{"line":11,"column":26}},"9":{"start":{"line":15,"column":2},"end":{"line":15,"column":null}},"10":{"start":{"line":11,"column":13},"end":{"line":28,"column":null}}},"fnMap":{"0":{"name":"(anonymous_2)","decl":{"start":{"line":17,"column":2},"end":{"line":17,"column":18}},"loc":{"start":{"line":17,"column":30},"end":{"line":19,"column":3}}},"1":{"name":"(anonymous_3)","decl":{"start":{"line":21,"column":2},"end":{"line":21,"column":18}},"loc":{"start":{"line":21,"column":30},"end":{"line":23,"column":3}}},"2":{"name":"(anonymous_4)","decl":{"start":{"line":25,"column":2},"end":{"line":25,"column":19}},"loc":{"start":{"line":25,"column":19},"end":{"line":27,"column":3}}}},"branchMap":{"0":{"loc":{"start":{"line":15,"column":10},"end":{"line":15,"column":17}},"type":"cond-expr","locations":[{"start":{"line":15,"column":16},"end":{"line":15,"column":17}},{"start":{"line":15,"column":16},"end":{"line":15,"column":17}}]},"1":{"loc":{"start":{"line":15,"column":10},"end":{"line":15,"column":16}},"type":"binary-expr","locations":[{"start":{"line":15,"column":10},"end":{"line":15,"column":17}},{"start":{"line":15,"column":10},"end":{"line":15,"column":16}}]}},"s":{"0":5,"1":5,"2":5,"3":5,"4":4,"5":1,"6":1,"7":1,"8":5,"9":5,"10":5},"f":{"0":1,"1":1,"2":1},"b":{"0":[5,0],"1":[5,5]}}
,"E:\\uni\\WHS\\shipping-service\\src\\main.ts": {"path":"E:\\uni\\WHS\\shipping-service\\src\\main.ts","statementMap":{"0":{"start":{"line":1,"column":0},"end":{"line":1,"column":43}},"1":{"start":{"line":2,"column":0},"end":{"line":2,"column":41}},"2":{"start":{"line":3,"column":0},"end":{"line":3,"column":71}},"3":{"start":{"line":6,"column":14},"end":{"line":6,"column":49}},"4":{"start":{"line":8,"column":2},"end":{"line":30,"column":5}},"5":{"start":{"line":32,"column":2},"end":{"line":32,"column":19}},"6":{"start":{"line":33,"column":2},"end":{"line":33,"column":36}},"7":{"start":{"line":34,"column":15},"end":{"line":34,"column":39}},"8":{"start":{"line":35,"column":2},"end":{"line":35,"column":25}},"9":{"start":{"line":37,"column":0},"end":{"line":37,"column":12}}},"fnMap":{"0":{"name":"bootstrap","decl":{"start":{"line":5,"column":15},"end":{"line":5,"column":24}},"loc":{"start":{"line":5,"column":24},"end":{"line":36,"column":1}}}},"branchMap":{"0":{"loc":{"start":{"line":12,"column":18},"end":{"line":12,"column":63}},"type":"binary-expr","locations":[{"start":{"line":12,"column":18},"end":{"line":12,"column":42}},{"start":{"line":12,"column":46},"end":{"line":12,"column":63}}]},"1":{"loc":{"start":{"line":34,"column":15},"end":{"line":34,"column":39}},"type":"binary-expr","locations":[{"start":{"line":34,"column":15},"end":{"line":34,"column":31}},{"start":{"line":34,"column":35},"end":{"line":34,"column":39}}]}},"s":{"0":2,"1":2,"2":2,"3":2,"4":2,"5":2,"6":2,"7":2,"8":2,"9":2},"f":{"0":2},"b":{"0":[2,2],"1":[2,1]}}
,"E:\\uni\\WHS\\shipping-service\\src\\commands\\dispatch-vehicle.command.ts": {"path":"E:\\uni\\WHS\\shipping-service\\src\\commands\\dispatch-vehicle.command.ts","statementMap":{"0":{"start":{"line":2,"column":30},"end":{"line":2,"column":47}},"1":{"start":{"line":1,"column":0},"end":{"line":1,"column":13}}},"fnMap":{"0":{"name":"(anonymous_0)","decl":{"start":{"line":2,"column":2},"end":{"line":2,"column":30}},"loc":{"start":{"line":2,"column":47},"end":{"line":2,"column":51}}}},"branchMap":{},"s":{"0":4,"1":5},"f":{"0":4},"b":{}}
,"E:\\uni\\WHS\\shipping-service\\src\\commands\\dispatch-vehicle.handler.ts": {"path":"E:\\uni\\WHS\\shipping-service\\src\\commands\\dispatch-vehicle.handler.ts","statementMap":{"0":{"start":{"line":1,"column":0},"end":{"line":1,"column":63}},"1":{"start":{"line":2,"column":0},"end":{"line":2,"column":48}},"2":{"start":{"line":3,"column":0},"end":{"line":3,"column":52}},"3":{"start":{"line":4,"column":0},"end":{"line":4,"column":47}},"4":{"start":{"line":5,"column":0},"end":{"line":5,"column":33}},"5":{"start":{"line":6,"column":0},"end":{"line":6,"column":69}},"6":{"start":{"line":7,"column":0},"end":{"line":7,"column":50}},"7":{"start":{"line":8,"column":0},"end":{"line":8,"column":68}},"8":{"start":{"line":11,"column":35},"end":{"line":40,"column":null}},"9":{"start":{"line":14,"column":28},"end":{"line":14,"column":67}},"10":{"start":{"line":17,"column":45},"end":{"line":17,"column":58}},"11":{"start":{"line":18,"column":39},"end":{"line":18,"column":53}},"12":{"start":{"line":19,"column":21},"end":{"line":19,"column":36}},"13":{"start":{"line":23,"column":14},"end":{"line":26,"column":null}},"14":{"start":{"line":29,"column":4},"end":{"line":37,"column":5}},"15":{"start":{"line":30,"column":6},"end":{"line":30,"column":63}},"16":{"start":{"line":31,"column":6},"end":{"line":34,"column":9}},"17":{"start":{"line":35,"column":6},"end":{"line":35,"column":45}},"18":{"start":{"line":36,"column":6},"end":{"line":36,"column":15}},"19":{"start":{"line":38,"column":4},"end":{"line":38,"column":56}},"20":{"start":{"line":11,"column":13},"end":{"line":11,"column":35}},"21":{"start":{"line":11,"column":13},"end":{"line":40,"column":null}}},"fnMap":{"0":{"name":"(anonymous_4)","decl":{"start":{"line":16,"column":2},"end":{"line":16,"column":null}},"loc":{"start":{"line":19,"column":49},"end":{"line":20,"column":6}}},"1":{"name":"(anonymous_5)","decl":{"start":{"line":22,"column":2},"end":{"line":22,"column":7}},"loc":{"start":{"line":22,"column":47},"end":{"line":39,"column":3}}}},"branchMap":{"0":{"loc":{"start":{"line":29,"column":4},"end":{"line":37,"column":5}},"type":"if","locations":[{"start":{"line":29,"column":4},"end":{"line":37,"column":5}},{"start":{},"end":{}}]},"1":{"loc":{"start":{"line":17,"column":58},"end":{"line":17,"column":null}},"type":"cond-expr","locations":[{"start":{"line":17,"column":69},"end":{"line":17,"column":null}},{"start":{"line":17,"column":69},"end":{"line":17,"column":null}}]},"2":{"loc":{"start":{"line":17,"column":58},"end":{"line":17,"column":69}},"type":"binary-expr","locations":[{"start":{"line":17,"column":58},"end":{"line":17,"column":null}},{"start":{"line":17,"column":58},"end":{"line":17,"column":69}}]},"3":{"loc":{"start":{"line":17,"column":69},"end":{"line":18,"column":75}},"type":"cond-expr","locations":[{"start":{"line":18,"column":58},"end":{"line":18,"column":75}},{"start":{"line":18,"column":58},"end":{"line":18,"column":75}}]},"4":{"loc":{"start":{"line":17,"column":69},"end":{"line":18,"column":58}},"type":"binary-expr","locations":[{"start":{"line":17,"column":69},"end":{"line":18,"column":75}},{"start":{"line":18,"column":53},"end":{"line":18,"column":58}}]},"5":{"loc":{"start":{"line":18,"column":58},"end":{"line":19,"column":null}},"type":"cond-expr","locations":[{"start":{"line":19,"column":49},"end":{"line":19,"column":null}},{"start":{"line":19,"column":49},"end":{"line":19,"column":null}}]},"6":{"loc":{"start":{"line":18,"column":58},"end":{"line":19,"column":49}},"type":"binary-expr","locations":[{"start":{"line":18,"column":58},"end":{"line":19,"column":null}},{"start":{"line":19,"column":36},"end":{"line":19,"column":49}}]}},"s":{"0":4,"1":4,"2":4,"3":4,"4":4,"5":4,"6":4,"7":4,"8":4,"9":9,"10":9,"11":9,"12":9,"13":2,"14":2,"15":1,"16":1,"17":1,"18":1,"19":1,"20":4,"21":4},"f":{"0":9,"1":2},"b":{"0":[1,1],"1":[4,0],"2":[4,4],"3":[4,0],"4":[4,4],"5":[4,0],"6":[4,4]}}
,"E:\\uni\\WHS\\shipping-service\\src\\commands\\handle-picking-completed.command.ts": {"path":"E:\\uni\\WHS\\shipping-service\\src\\commands\\handle-picking-completed.command.ts","statementMap":{"0":{"start":{"line":3,"column":20},"end":{"line":3,"column":34}},"1":{"start":{"line":4,"column":20},"end":{"line":4,"column":35}},"2":{"start":{"line":5,"column":20},"end":{"line":5,"column":38}},"3":{"start":{"line":1,"column":0},"end":{"line":1,"column":13}}},"fnMap":{"0":{"name":"(anonymous_0)","decl":{"start":{"line":2,"column":2},"end":{"line":2,"column":null}},"loc":{"start":{"line":5,"column":38},"end":{"line":6,"column":6}}}},"branchMap":{},"s":{"0":4,"1":4,"2":4,"3":5},"f":{"0":4},"b":{}}
,"E:\\uni\\WHS\\shipping-service\\src\\commands\\handle-picking-completed.handler.ts": {"path":"E:\\uni\\WHS\\shipping-service\\src\\commands\\handle-picking-completed.handler.ts","statementMap":{"0":{"start":{"line":1,"column":0},"end":{"line":1,"column":63}},"1":{"start":{"line":2,"column":0},"end":{"line":2,"column":40}},"2":{"start":{"line":3,"column":0},"end":{"line":3,"column":47}},"3":{"start":{"line":4,"column":0},"end":{"line":4,"column":33}},"4":{"start":{"line":5,"column":0},"end":{"line":5,"column":null}},"5":{"start":{"line":9,"column":0},"end":{"line":9,"column":50}},"6":{"start":{"line":10,"column":0},"end":{"line":10,"column":84}},"7":{"start":{"line":11,"column":0},"end":{"line":11,"column":83}},"8":{"start":{"line":14,"column":42},"end":{"line":57,"column":null}},"9":{"start":{"line":17,"column":28},"end":{"line":17,"column":74}},"10":{"start":{"line":21,"column":12},"end":{"line":21,"column":34}},"11":{"start":{"line":22,"column":21},"end":{"line":22,"column":36}},"12":{"start":{"line":23,"column":21},"end":{"line":23,"column":41}},"13":{"start":{"line":27,"column":23},"end":{"line":29,"column":null}},"14":{"start":{"line":28,"column":21},"end":{"line":28,"column":40}},"15":{"start":{"line":32,"column":21},"end":{"line":35,"column":null}},"16":{"start":{"line":38,"column":4},"end":{"line":54,"column":5}},"17":{"start":{"line":39,"column":23},"end":{"line":41,"column":8}},"18":{"start":{"line":42,"column":6},"end":{"line":53,"column":7}},"19":{"start":{"line":43,"column":24},"end":{"line":48,"column":10}},"20":{"start":{"line":49,"column":8},"end":{"line":49,"column":29}},"21":{"start":{"line":50,"column":8},"end":{"line":52,"column":10}},"22":{"start":{"line":55,"column":4},"end":{"line":55,"column":43}},"23":{"start":{"line":14,"column":13},"end":{"line":14,"column":42}},"24":{"start":{"line":14,"column":13},"end":{"line":57,"column":null}}},"fnMap":{"0":{"name":"(anonymous_4)","decl":{"start":{"line":19,"column":2},"end":{"line":19,"column":null}},"loc":{"start":{"line":23,"column":66},"end":{"line":24,"column":6}}},"1":{"name":"(anonymous_5)","decl":{"start":{"line":26,"column":2},"end":{"line":26,"column":7}},"loc":{"start":{"line":26,"column":54},"end":{"line":56,"column":3}}},"2":{"name":"(anonymous_6)","decl":{"start":{"line":28,"column":6},"end":{"line":28,"column":7}},"loc":{"start":{"line":28,"column":21},"end":{"line":28,"column":40}}}},"branchMap":{"0":{"loc":{"start":{"line":38,"column":4},"end":{"line":54,"column":5}},"type":"if","locations":[{"start":{"line":38,"column":4},"end":{"line":54,"column":5}},{"start":{},"end":{}}]},"1":{"loc":{"start":{"line":42,"column":6},"end":{"line":53,"column":7}},"type":"if","locations":[{"start":{"line":42,"column":6},"end":{"line":53,"column":7}},{"start":{},"end":{}}]},"2":{"loc":{"start":{"line":21,"column":34},"end":{"line":21,"column":64}},"type":"cond-expr","locations":[{"start":{"line":21,"column":39},"end":{"line":21,"column":64}},{"start":{"line":21,"column":39},"end":{"line":21,"column":64}}]},"3":{"loc":{"start":{"line":21,"column":34},"end":{"line":21,"column":39}},"type":"binary-expr","locations":[{"start":{"line":21,"column":34},"end":{"line":21,"column":64}},{"start":{"line":21,"column":34},"end":{"line":21,"column":39}}]},"4":{"loc":{"start":{"line":21,"column":39},"end":{"line":22,"column":null}},"type":"cond-expr","locations":[{"start":{"line":22,"column":49},"end":{"line":22,"column":null}},{"start":{"line":22,"column":49},"end":{"line":22,"column":null}}]},"5":{"loc":{"start":{"line":21,"column":39},"end":{"line":22,"column":49}},"type":"binary-expr","locations":[{"start":{"line":21,"column":39},"end":{"line":22,"column":null}},{"start":{"line":22,"column":36},"end":{"line":22,"column":49}}]},"6":{"loc":{"start":{"line":22,"column":49},"end":{"line":23,"column":null}},"type":"cond-expr","locations":[{"start":{"line":23,"column":66},"end":{"line":23,"column":null}},{"start":{"line":23,"column":66},"end":{"line":23,"column":null}}]},"7":{"loc":{"start":{"line":22,"column":49},"end":{"line":23,"column":66}},"type":"binary-expr","locations":[{"start":{"line":22,"column":49},"end":{"line":23,"column":null}},{"start":{"line":23,"column":41},"end":{"line":23,"column":66}}]}},"s":{"0":4,"1":4,"2":4,"3":4,"4":4,"5":4,"6":4,"7":4,"8":4,"9":9,"10":9,"11":9,"12":9,"13":2,"14":2,"15":2,"16":2,"17":1,"18":1,"19":1,"20":1,"21":1,"22":2,"23":4,"24":4},"f":{"0":9,"1":2,"2":2},"b":{"0":[1,1],"1":[1,0],"2":[4,0],"3":[4,4],"4":[4,0],"5":[4,4],"6":[4,0],"7":[4,4]}}
,"E:\\uni\\WHS\\shipping-service\\src\\commands\\index.ts": {"path":"E:\\uni\\WHS\\shipping-service\\src\\commands\\index.ts","statementMap":{"0":{"start":{"line":1,"column":0},"end":{"line":1,"column":68}},"1":{"start":{"line":2,"column":0},"end":{"line":2,"column":68}},"2":{"start":{"line":3,"column":0},"end":{"line":3,"column":83}},"3":{"start":{"line":5,"column":13},"end":{"line":9,"column":2}}},"fnMap":{},"branchMap":{},"s":{"0":3,"1":3,"2":3,"3":3},"f":{},"b":{}}
,"E:\\uni\\WHS\\shipping-service\\src\\commands\\register-vehicle.command.ts": {"path":"E:\\uni\\WHS\\shipping-service\\src\\commands\\register-vehicle.command.ts","statementMap":{"0":{"start":{"line":3,"column":20},"end":{"line":3,"column":37}},"1":{"start":{"line":4,"column":20},"end":{"line":4,"column":39}},"2":{"start":{"line":1,"column":0},"end":{"line":1,"column":13}}},"fnMap":{"0":{"name":"(anonymous_0)","decl":{"start":{"line":2,"column":2},"end":{"line":2,"column":null}},"loc":{"start":{"line":4,"column":39},"end":{"line":5,"column":6}}}},"branchMap":{},"s":{"0":4,"1":4,"2":5},"f":{"0":4},"b":{}}
,"E:\\uni\\WHS\\shipping-service\\src\\commands\\register-vehicle.handler.ts": {"path":"E:\\uni\\WHS\\shipping-service\\src\\commands\\register-vehicle.handler.ts","statementMap":{"0":{"start":{"line":1,"column":0},"end":{"line":1,"column":63}},"1":{"start":{"line":2,"column":0},"end":{"line":2,"column":48}},"2":{"start":{"line":3,"column":0},"end":{"line":3,"column":52}},"3":{"start":{"line":4,"column":0},"end":{"line":4,"column":47}},"4":{"start":{"line":5,"column":0},"end":{"line":5,"column":33}},"5":{"start":{"line":6,"column":0},"end":{"line":6,"column":69}},"6":{"start":{"line":7,"column":0},"end":{"line":7,"column":50}},"7":{"start":{"line":8,"column":0},"end":{"line":8,"column":84}},"8":{"start":{"line":9,"column":0},"end":{"line":9,"column":68}},"9":{"start":{"line":12,"column":35},"end":{"line":43,"column":null}},"10":{"start":{"line":15,"column":28},"end":{"line":15,"column":67}},"11":{"start":{"line":18,"column":45},"end":{"line":18,"column":58}},"12":{"start":{"line":19,"column":39},"end":{"line":19,"column":53}},"13":{"start":{"line":20,"column":21},"end":{"line":20,"column":36}},"14":{"start":{"line":21,"column":21},"end":{"line":21,"column":41}},"15":{"start":{"line":25,"column":14},"end":{"line":28,"column":6}},"16":{"start":{"line":29,"column":4},"end":{"line":29,"column":19}},"17":{"start":{"line":30,"column":4},"end":{"line":32,"column":6}},"18":{"start":{"line":33,"column":4},"end":{"line":36,"column":7}},"19":{"start":{"line":37,"column":4},"end":{"line":37,"column":43}},"20":{"start":{"line":39,"column":4},"end":{"line":39,"column":60}},"21":{"start":{"line":41,"column":4},"end":{"line":41,"column":13}},"22":{"start":{"line":12,"column":13},"end":{"line":12,"column":35}},"23":{"start":{"line":12,"column":13},"end":{"line":43,"column":null}}},"fnMap":{"0":{"name":"(anonymous_4)","decl":{"start":{"line":17,"column":2},"end":{"line":17,"column":null}},"loc":{"start":{"line":21,"column":66},"end":{"line":22,"column":6}}},"1":{"name":"(anonymous_5)","decl":{"start":{"line":24,"column":2},"end":{"line":24,"column":7}},"loc":{"start":{"line":24,"column":47},"end":{"line":42,"column":3}}}},"branchMap":{"0":{"loc":{"start":{"line":18,"column":58},"end":{"line":18,"column":null}},"type":"cond-expr","locations":[{"start":{"line":18,"column":69},"end":{"line":18,"column":null}},{"start":{"line":18,"column":69},"end":{"line":18,"column":null}}]},"1":{"loc":{"start":{"line":18,"column":58},"end":{"line":18,"column":69}},"type":"binary-expr","locations":[{"start":{"line":18,"column":58},"end":{"line":18,"column":null}},{"start":{"line":18,"column":58},"end":{"line":18,"column":69}}]},"2":{"loc":{"start":{"line":18,"column":69},"end":{"line":19,"column":75}},"type":"cond-expr","locations":[{"start":{"line":19,"column":58},"end":{"line":19,"column":75}},{"start":{"line":19,"column":58},"end":{"line":19,"column":75}}]},"3":{"loc":{"start":{"line":18,"column":69},"end":{"line":19,"column":58}},"type":"binary-expr","locations":[{"start":{"line":18,"column":69},"end":{"line":19,"column":75}},{"start":{"line":19,"column":53},"end":{"line":19,"column":58}}]},"4":{"loc":{"start":{"line":19,"column":58},"end":{"line":20,"column":null}},"type":"cond-expr","locations":[{"start":{"line":20,"column":49},"end":{"line":20,"column":null}},{"start":{"line":20,"column":49},"end":{"line":20,"column":null}}]},"5":{"loc":{"start":{"line":19,"column":58},"end":{"line":20,"column":49}},"type":"binary-expr","locations":[{"start":{"line":19,"column":58},"end":{"line":20,"column":null}},{"start":{"line":20,"column":36},"end":{"line":20,"column":49}}]},"6":{"loc":{"start":{"line":20,"column":49},"end":{"line":21,"column":null}},"type":"cond-expr","locations":[{"start":{"line":21,"column":66},"end":{"line":21,"column":null}},{"start":{"line":21,"column":66},"end":{"line":21,"column":null}}]},"7":{"loc":{"start":{"line":20,"column":49},"end":{"line":21,"column":66}},"type":"binary-expr","locations":[{"start":{"line":20,"column":49},"end":{"line":21,"column":null}},{"start":{"line":21,"column":41},"end":{"line":21,"column":66}}]}},"s":{"0":4,"1":4,"2":4,"3":4,"4":4,"5":4,"6":4,"7":4,"8":4,"9":4,"10":9,"11":9,"12":9,"13":9,"14":9,"15":2,"16":2,"17":2,"18":2,"19":2,"20":2,"21":2,"22":4,"23":4},"f":{"0":9,"1":2},"b":{"0":[4,0],"1":[4,4],"2":[4,0],"3":[4,4],"4":[4,0],"5":[4,4],"6":[4,0],"7":[4,4]}}
,"E:\\uni\\WHS\\shipping-service\\src\\queries\\get-all-vehicles.handler.ts": {"path":"E:\\uni\\WHS\\shipping-service\\src\\queries\\get-all-vehicles.handler.ts","statementMap":{"0":{"start":{"line":1,"column":0},"end":{"line":1,"column":59}},"1":{"start":{"line":2,"column":0},"end":{"line":2,"column":47}},"2":{"start":{"line":3,"column":0},"end":{"line":3,"column":33}},"3":{"start":{"line":4,"column":0},"end":{"line":4,"column":69}},"4":{"start":{"line":5,"column":0},"end":{"line":5,"column":63}},"5":{"start":{"line":8,"column":7},"end":{"line":18,"column":null}},"6":{"start":{"line":12,"column":39},"end":{"line":12,"column":53}},"7":{"start":{"line":16,"column":4},"end":{"line":16,"column":43}},"8":{"start":{"line":8,"column":13},"end":{"line":8,"column":34}},"9":{"start":{"line":8,"column":13},"end":{"line":18,"column":null}}},"fnMap":{"0":{"name":"(anonymous_4)","decl":{"start":{"line":11,"column":2},"end":{"line":11,"column":null}},"loc":{"start":{"line":12,"column":75},"end":{"line":13,"column":6}}},"1":{"name":"(anonymous_5)","decl":{"start":{"line":15,"column":2},"end":{"line":15,"column":7}},"loc":{"start":{"line":15,"column":15},"end":{"line":17,"column":3}}}},"branchMap":{"0":{"loc":{"start":{"line":12,"column":53},"end":{"line":12,"column":75}},"type":"cond-expr","locations":[{"start":{"line":12,"column":58},"end":{"line":12,"column":75}},{"start":{"line":12,"column":58},"end":{"line":12,"column":75}}]},"1":{"loc":{"start":{"line":12,"column":53},"end":{"line":12,"column":58}},"type":"binary-expr","locations":[{"start":{"line":12,"column":53},"end":{"line":12,"column":75}},{"start":{"line":12,"column":53},"end":{"line":12,"column":58}}]}},"s":{"0":4,"1":4,"2":4,"3":4,"4":4,"5":4,"6":9,"7":1,"8":4,"9":4},"f":{"0":9,"1":1},"b":{"0":[4,0],"1":[4,4]}}
,"E:\\uni\\WHS\\shipping-service\\src\\queries\\get-all-vehicles.query.ts": {"path":"E:\\uni\\WHS\\shipping-service\\src\\queries\\get-all-vehicles.query.ts","statementMap":{"0":{"start":{"line":1,"column":0},"end":{"line":1,"column":13}}},"fnMap":{},"branchMap":{},"s":{"0":5},"f":{},"b":{}}
,"E:\\uni\\WHS\\shipping-service\\src\\queries\\get-pending-shipments.handler.ts": {"path":"E:\\uni\\WHS\\shipping-service\\src\\queries\\get-pending-shipments.handler.ts","statementMap":{"0":{"start":{"line":1,"column":0},"end":{"line":1,"column":59}},"1":{"start":{"line":2,"column":0},"end":{"line":2,"column":47}},"2":{"start":{"line":3,"column":0},"end":{"line":3,"column":33}},"3":{"start":{"line":4,"column":0},"end":{"line":4,"column":null}},"4":{"start":{"line":8,"column":0},"end":{"line":8,"column":73}},"5":{"start":{"line":11,"column":7},"end":{"line":22,"column":null}},"6":{"start":{"line":16,"column":12},"end":{"line":16,"column":34}},"7":{"start":{"line":20,"column":4},"end":{"line":20,"column":51}},"8":{"start":{"line":11,"column":13},"end":{"line":11,"column":39}},"9":{"start":{"line":11,"column":13},"end":{"line":22,"column":null}}},"fnMap":{"0":{"name":"(anonymous_4)","decl":{"start":{"line":14,"column":2},"end":{"line":14,"column":null}},"loc":{"start":{"line":16,"column":64},"end":{"line":17,"column":6}}},"1":{"name":"(anonymous_5)","decl":{"start":{"line":19,"column":2},"end":{"line":19,"column":7}},"loc":{"start":{"line":19,"column":15},"end":{"line":21,"column":3}}}},"branchMap":{"0":{"loc":{"start":{"line":16,"column":34},"end":{"line":16,"column":64}},"type":"cond-expr","locations":[{"start":{"line":16,"column":39},"end":{"line":16,"column":64}},{"start":{"line":16,"column":39},"end":{"line":16,"column":64}}]},"1":{"loc":{"start":{"line":16,"column":34},"end":{"line":16,"column":39}},"type":"binary-expr","locations":[{"start":{"line":16,"column":34},"end":{"line":16,"column":64}},{"start":{"line":16,"column":34},"end":{"line":16,"column":39}}]}},"s":{"0":4,"1":4,"2":4,"3":4,"4":4,"5":4,"6":9,"7":1,"8":4,"9":4},"f":{"0":9,"1":1},"b":{"0":[4,0],"1":[4,4]}}
,"E:\\uni\\WHS\\shipping-service\\src\\queries\\get-pending-shipments.query.ts": {"path":"E:\\uni\\WHS\\shipping-service\\src\\queries\\get-pending-shipments.query.ts","statementMap":{"0":{"start":{"line":1,"column":0},"end":{"line":1,"column":13}}},"fnMap":{},"branchMap":{},"s":{"0":5},"f":{},"b":{}}
,"E:\\uni\\WHS\\shipping-service\\src\\queries\\index.ts": {"path":"E:\\uni\\WHS\\shipping-service\\src\\queries\\index.ts","statementMap":{"0":{"start":{"line":1,"column":0},"end":{"line":1,"column":67}},"1":{"start":{"line":2,"column":0},"end":{"line":2,"column":77}},"2":{"start":{"line":4,"column":13},"end":{"line":4,"column":81}}},"fnMap":{},"branchMap":{},"s":{"0":3,"1":3,"2":3},"f":{},"b":{}}
,"E:\\uni\\WHS\\shipping-service\\src\\schemas\\pending-shipment.schema.ts": {"path":"E:\\uni\\WHS\\shipping-service\\src\\schemas\\pending-shipment.schema.ts","statementMap":{"0":{"start":{"line":1,"column":0},"end":{"line":1,"column":63}},"1":{"start":{"line":7,"column":7},"end":{"line":22,"column":null}},"2":{"start":{"line":7,"column":13},"end":{"line":7,"column":28}},"3":{"start":{"line":9,"column":2},"end":{"line":9,"column":null}},"4":{"start":{"line":12,"column":2},"end":{"line":12,"column":null}},"5":{"start":{"line":15,"column":2},"end":{"line":15,"column":null}},"6":{"start":{"line":18,"column":2},"end":{"line":18,"column":null}},"7":{"start":{"line":21,"column":2},"end":{"line":21,"column":null}},"8":{"start":{"line":20,"column":25},"end":{"line":20,"column":35}},"9":{"start":{"line":7,"column":13},"end":{"line":22,"column":null}},"10":{"start":{"line":24,"column":13},"end":{"line":25,"column":48}}},"fnMap":{"0":{"name":"(anonymous_2)","decl":{"start":{"line":20,"column":19},"end":{"line":20,"column":22}},"loc":{"start":{"line":20,"column":25},"end":{"line":20,"column":35}}}},"branchMap":{"0":{"loc":{"start":{"line":21,"column":13},"end":{"line":21,"column":18}},"type":"cond-expr","locations":[{"start":{"line":21,"column":17},"end":{"line":21,"column":18}},{"start":{"line":21,"column":17},"end":{"line":21,"column":18}}]},"1":{"loc":{"start":{"line":21,"column":13},"end":{"line":21,"column":17}},"type":"binary-expr","locations":[{"start":{"line":21,"column":13},"end":{"line":21,"column":18}},{"start":{"line":21,"column":13},"end":{"line":21,"column":17}}]}},"s":{"0":5,"1":5,"2":5,"3":5,"4":5,"5":5,"6":5,"7":5,"8":1,"9":5,"10":5},"f":{"0":1},"b":{"0":[5,0],"1":[5,5]}}
,"E:\\uni\\WHS\\shipping-service\\src\\schemas\\vehicle.schema.ts": {"path":"E:\\uni\\WHS\\shipping-service\\src\\schemas\\vehicle.schema.ts","statementMap":{"0":{"start":{"line":1,"column":0},"end":{"line":1,"column":63}},"1":{"start":{"line":7,"column":7},"end":{"line":26,"column":null}},"2":{"start":{"line":7,"column":13},"end":{"line":7,"column":20}},"3":{"start":{"line":9,"column":2},"end":{"line":9,"column":null}},"4":{"start":{"line":12,"column":2},"end":{"line":12,"column":null}},"5":{"start":{"line":15,"column":2},"end":{"line":15,"column":null}},"6":{"start":{"line":18,"column":2},"end":{"line":18,"column":null}},"7":{"start":{"line":25,"column":2},"end":{"line":25,"column":null}},"8":{"start":{"line":7,"column":13},"end":{"line":26,"column":null}},"9":{"start":{"line":28,"column":13},"end":{"line":28,"column":67}}},"fnMap":{},"branchMap":{},"s":{"0":5,"1":5,"2":5,"3":5,"4":5,"5":5,"6":5,"7":5,"8":5,"9":5},"f":{},"b":{}}
,"E:\\uni\\WHS\\shipping-service\\src\\services\\shipment-assignment.service.ts": {"path":"E:\\uni\\WHS\\shipping-service\\src\\services\\shipment-assignment.service.ts","statementMap":{"0":{"start":{"line":1,"column":0},"end":{"line":1,"column":60}},"1":{"start":{"line":2,"column":0},"end":{"line":2,"column":52}},"2":{"start":{"line":3,"column":0},"end":{"line":3,"column":47}},"3":{"start":{"line":4,"column":0},"end":{"line":4,"column":33}},"4":{"start":{"line":5,"column":0},"end":{"line":5,"column":69}},"5":{"start":{"line":6,"column":0},"end":{"line":6,"column":null}},"6":{"start":{"line":10,"column":0},"end":{"line":10,"column":50}},"7":{"start":{"line":13,"column":38},"end":{"line":87,"column":null}},"8":{"start":{"line":14,"column":28},"end":{"line":14,"column":70}},"9":{"start":{"line":17,"column":45},"end":{"line":17,"column":58}},"10":{"start":{"line":18,"column":39},"end":{"line":18,"column":53}},"11":{"start":{"line":20,"column":12},"end":{"line":20,"column":34}},"12":{"start":{"line":21,"column":21},"end":{"line":21,"column":36}},"13":{"start":{"line":29,"column":21},"end":{"line":31,"column":23}},"14":{"start":{"line":33,"column":4},"end":{"line":46,"column":5}},"15":{"start":{"line":34,"column":6},"end":{"line":45,"column":7}},"16":{"start":{"line":35,"column":8},"end":{"line":35,"column":36}},"17":{"start":{"line":36,"column":8},"end":{"line":36,"column":39}},"18":{"start":{"line":37,"column":8},"end":{"line":37,"column":23}},"19":{"start":{"line":38,"column":8},"end":{"line":38,"column":79}},"20":{"start":{"line":39,"column":8},"end":{"line":43,"column":11}},"21":{"start":{"line":44,"column":8},"end":{"line":44,"column":20}},"22":{"start":{"line":48,"column":4},"end":{"line":50,"column":6}},"23":{"start":{"line":51,"column":4},"end":{"line":51,"column":17}},"24":{"start":{"line":55,"column":29},"end":{"line":57,"column":29}},"25":{"start":{"line":59,"column":4},"end":{"line":61,"column":5}},"26":{"start":{"line":60,"column":6},"end":{"line":60,"column":13}},"27":{"start":{"line":63,"column":4},"end":{"line":65,"column":6}},"28":{"start":{"line":67,"column":4},"end":{"line":85,"column":5}},"29":{"start":{"line":68,"column":23},"end":{"line":71,"column":null}},"30":{"start":{"line":73,"column":6},"end":{"line":84,"column":7}},"31":{"start":{"line":74,"column":8},"end":{"line":74,"column":72}},"32":{"start":{"line":75,"column":8},"end":{"line":77,"column":10}},"33":{"start":{"line":78,"column":8},"end":{"line":78,"column":47}},"34":{"start":{"line":80,"column":8},"end":{"line":82,"column":10}},"35":{"start":{"line":83,"column":8},"end":{"line":83,"column":14}},"36":{"start":{"line":13,"column":13},"end":{"line":13,"column":38}},"37":{"start":{"line":13,"column":13},"end":{"line":87,"column":null}}},"fnMap":{"0":{"name":"(anonymous_4)","decl":{"start":{"line":16,"column":2},"end":{"line":16,"column":null}},"loc":{"start":{"line":21,"column":49},"end":{"line":22,"column":6}}},"1":{"name":"(anonymous_5)","decl":{"start":{"line":24,"column":2},"end":{"line":24,"column":7}},"loc":{"start":{"line":27,"column":22},"end":{"line":52,"column":3}}},"2":{"name":"(anonymous_6)","decl":{"start":{"line":54,"column":2},"end":{"line":54,"column":7}},"loc":{"start":{"line":54,"column":31},"end":{"line":86,"column":3}}}},"branchMap":{"0":{"loc":{"start":{"line":34,"column":6},"end":{"line":45,"column":7}},"type":"if","locations":[{"start":{"line":34,"column":6},"end":{"line":45,"column":7}},{"start":{},"end":{}}]},"1":{"loc":{"start":{"line":59,"column":4},"end":{"line":61,"column":5}},"type":"if","locations":[{"start":{"line":59,"column":4},"end":{"line":61,"column":5}},{"start":{},"end":{}}]},"2":{"loc":{"start":{"line":73,"column":6},"end":{"line":84,"column":7}},"type":"if","locations":[{"start":{"line":73,"column":6},"end":{"line":84,"column":7}},{"start":{"line":79,"column":13},"end":{"line":84,"column":7}}]},"3":{"loc":{"start":{"line":17,"column":58},"end":{"line":17,"column":null}},"type":"cond-expr","locations":[{"start":{"line":17,"column":69},"end":{"line":17,"column":null}},{"start":{"line":17,"column":69},"end":{"line":17,"column":null}}]},"4":{"loc":{"start":{"line":17,"column":58},"end":{"line":17,"column":69}},"type":"binary-expr","locations":[{"start":{"line":17,"column":58},"end":{"line":17,"column":null}},{"start":{"line":17,"column":58},"end":{"line":17,"column":69}}]},"5":{"loc":{"start":{"line":17,"column":69},"end":{"line":18,"column":75}},"type":"cond-expr","locations":[{"start":{"line":18,"column":58},"end":{"line":18,"column":75}},{"start":{"line":18,"column":58},"end":{"line":18,"column":75}}]},"6":{"loc":{"start":{"line":17,"column":69},"end":{"line":18,"column":58}},"type":"binary-expr","locations":[{"start":{"line":17,"column":69},"end":{"line":18,"column":75}},{"start":{"line":18,"column":53},"end":{"line":18,"column":58}}]},"7":{"loc":{"start":{"line":18,"column":58},"end":{"line":20,"column":64}},"type":"cond-expr","locations":[{"start":{"line":20,"column":39},"end":{"line":20,"column":64}},{"start":{"line":20,"column":39},"end":{"line":20,"column":64}}]},"8":{"loc":{"start":{"line":18,"column":58},"end":{"line":20,"column":39}},"type":"binary-expr","locations":[{"start":{"line":18,"column":58},"end":{"line":20,"column":64}},{"start":{"line":20,"column":34},"end":{"line":20,"column":39}}]},"9":{"loc":{"start":{"line":20,"column":39},"end":{"line":21,"column":null}},"type":"cond-expr","locations":[{"start":{"line":21,"column":49},"end":{"line":21,"column":null}},{"start":{"line":21,"column":49},"end":{"line":21,"column":null}}]},"10":{"loc":{"start":{"line":20,"column":39},"end":{"line":21,"column":49}},"type":"binary-expr","locations":[{"start":{"line":20,"column":39},"end":{"line":21,"column":null}},{"start":{"line":21,"column":36},"end":{"line":21,"column":49}}]}},"s":{"0":4,"1":4,"2":4,"3":4,"4":4,"5":4,"6":4,"7":4,"8":9,"9":9,"10":9,"11":9,"12":9,"13":5,"14":5,"15":4,"16":3,"17":3,"18":3,"19":3,"20":3,"21":3,"22":2,"23":2,"24":3,"25":3,"26":1,"27":2,"28":2,"29":3,"30":3,"31":2,"32":2,"33":2,"34":1,"35":1,"36":4,"37":4},"f":{"0":9,"1":5,"2":3},"b":{"0":[3,1],"1":[1,2],"2":[2,1],"3":[4,0],"4":[4,4],"5":[4,0],"6":[4,4],"7":[4,0],"8":[4,4],"9":[4,0],"10":[4,4]}}
}
