TN:
SF:src\app.controller.ts
FN:12,(anonymous_4)
FN:18,(anonymous_5)
FN:23,(anonymous_6)
FN:28,(anonymous_7)
FN:33,(anonymous_8)
FN:42,(anonymous_9)
FN:47,(anonymous_10)
FNF:7
FNH:7
FNDA:7,(anonymous_4)
FNDA:1,(anonymous_5)
FNDA:1,(anonymous_6)
FNDA:1,(anonymous_7)
FNDA:1,(anonymous_8)
FNDA:1,(anonymous_9)
FNDA:3,(anonymous_10)
DA:1,4
DA:2,4
DA:3,4
DA:4,4
DA:5,4
DA:6,4
DA:7,4
DA:8,4
DA:11,4
DA:13,7
DA:14,7
DA:18,4
DA:19,1
DA:23,4
DA:24,1
DA:28,4
DA:29,1
DA:33,4
DA:36,1
DA:42,4
DA:43,1
DA:47,4
DA:48,3
DA:49,1
LF:24
LH:24
BRDA:48,0,0,1
BRDA:48,0,1,2
BRDA:48,1,0,3
BRDA:48,1,1,2
BRDA:13,2,0,4
BRDA:13,2,1,0
BRDA:13,3,0,4
BRDA:13,3,1,4
BRDA:13,4,0,4
BRDA:13,4,1,0
BRDA:13,5,0,4
BRDA:13,5,1,4
BRF:12
BRH:10
end_of_record
TN:
SF:src\app.module.ts
FNF:0
FNH:0
DA:1,3
DA:2,3
DA:3,3
DA:4,3
DA:5,3
DA:6,3
DA:7,3
DA:8,3
DA:12,3
DA:13,3
DA:14,3
DA:58,3
LF:12
LH:12
BRDA:19,0,0,3
BRDA:19,0,1,3
BRDA:33,1,0,3
BRDA:33,1,1,3
BRF:4
BRH:4
end_of_record
TN:
SF:src\events.gateway.ts
FN:17,(anonymous_2)
FN:21,(anonymous_3)
FN:25,(anonymous_4)
FNF:3
FNH:3
FNDA:1,(anonymous_2)
FNDA:1,(anonymous_3)
FNDA:1,(anonymous_4)
DA:1,5
DA:7,5
DA:8,5
DA:11,5
DA:12,4
DA:15,5
DA:18,1
DA:22,1
DA:26,1
LF:9
LH:9
BRDA:15,0,0,5
BRDA:15,0,1,0
BRDA:15,1,0,5
BRDA:15,1,1,5
BRF:4
BRH:3
end_of_record
TN:
SF:src\main.ts
FN:5,bootstrap
FNF:1
FNH:1
FNDA:2,bootstrap
DA:1,2
DA:2,2
DA:3,2
DA:6,2
DA:8,2
DA:32,2
DA:33,2
DA:34,2
DA:35,2
DA:37,2
LF:10
LH:10
BRDA:12,0,0,2
BRDA:12,0,1,2
BRDA:34,1,0,2
BRDA:34,1,1,1
BRF:4
BRH:4
end_of_record
TN:
SF:src\commands\dispatch-vehicle.command.ts
FN:2,(anonymous_0)
FNF:1
FNH:1
FNDA:4,(anonymous_0)
DA:1,5
DA:2,4
LF:2
LH:2
BRF:0
BRH:0
end_of_record
TN:
SF:src\commands\dispatch-vehicle.handler.ts
FN:16,(anonymous_4)
FN:22,(anonymous_5)
FNF:2
FNH:2
FNDA:9,(anonymous_4)
FNDA:2,(anonymous_5)
DA:1,4
DA:2,4
DA:3,4
DA:4,4
DA:5,4
DA:6,4
DA:7,4
DA:8,4
DA:11,4
DA:14,9
DA:17,9
DA:18,9
DA:19,9
DA:23,2
DA:29,2
DA:30,1
DA:31,1
DA:35,1
DA:36,1
DA:38,1
LF:20
LH:20
BRDA:29,0,0,1
BRDA:29,0,1,1
BRDA:17,1,0,4
BRDA:17,1,1,0
BRDA:17,2,0,4
BRDA:17,2,1,4
BRDA:17,3,0,4
BRDA:17,3,1,0
BRDA:17,4,0,4
BRDA:17,4,1,4
BRDA:18,5,0,4
BRDA:18,5,1,0
BRDA:18,6,0,4
BRDA:18,6,1,4
BRF:14
BRH:11
end_of_record
TN:
SF:src\commands\handle-picking-completed.command.ts
FN:2,(anonymous_0)
FNF:1
FNH:1
FNDA:4,(anonymous_0)
DA:1,5
DA:3,4
DA:4,4
DA:5,4
LF:4
LH:4
BRF:0
BRH:0
end_of_record
TN:
SF:src\commands\handle-picking-completed.handler.ts
FN:19,(anonymous_4)
FN:26,(anonymous_5)
FN:28,(anonymous_6)
FNF:3
FNH:3
FNDA:9,(anonymous_4)
FNDA:2,(anonymous_5)
FNDA:2,(anonymous_6)
DA:1,4
DA:2,4
DA:3,4
DA:4,4
DA:5,4
DA:9,4
DA:10,4
DA:11,4
DA:14,4
DA:17,9
DA:21,9
DA:22,9
DA:23,9
DA:27,2
DA:28,2
DA:32,2
DA:38,2
DA:39,1
DA:42,1
DA:43,1
DA:49,1
DA:50,1
DA:55,2
LF:23
LH:23
BRDA:38,0,0,1
BRDA:38,0,1,1
BRDA:42,1,0,1
BRDA:42,1,1,0
BRDA:21,2,0,4
BRDA:21,2,1,0
BRDA:21,3,0,4
BRDA:21,3,1,4
BRDA:21,4,0,4
BRDA:21,4,1,0
BRDA:21,5,0,4
BRDA:21,5,1,4
BRDA:22,6,0,4
BRDA:22,6,1,0
BRDA:22,7,0,4
BRDA:22,7,1,4
BRF:16
BRH:12
end_of_record
TN:
SF:src\commands\index.ts
FNF:0
FNH:0
DA:1,3
DA:2,3
DA:3,3
DA:5,3
LF:4
LH:4
BRF:0
BRH:0
end_of_record
TN:
SF:src\commands\register-vehicle.command.ts
FN:2,(anonymous_0)
FNF:1
FNH:1
FNDA:4,(anonymous_0)
DA:1,5
DA:3,4
DA:4,4
LF:3
LH:3
BRF:0
BRH:0
end_of_record
TN:
SF:src\commands\register-vehicle.handler.ts
FN:17,(anonymous_4)
FN:24,(anonymous_5)
FNF:2
FNH:2
FNDA:9,(anonymous_4)
FNDA:2,(anonymous_5)
DA:1,4
DA:2,4
DA:3,4
DA:4,4
DA:5,4
DA:6,4
DA:7,4
DA:8,4
DA:9,4
DA:12,4
DA:15,9
DA:18,9
DA:19,9
DA:20,9
DA:21,9
DA:25,2
DA:29,2
DA:30,2
DA:33,2
DA:37,2
DA:39,2
DA:41,2
LF:22
LH:22
BRDA:18,0,0,4
BRDA:18,0,1,0
BRDA:18,1,0,4
BRDA:18,1,1,4
BRDA:18,2,0,4
BRDA:18,2,1,0
BRDA:18,3,0,4
BRDA:18,3,1,4
BRDA:19,4,0,4
BRDA:19,4,1,0
BRDA:19,5,0,4
BRDA:19,5,1,4
BRDA:20,6,0,4
BRDA:20,6,1,0
BRDA:20,7,0,4
BRDA:20,7,1,4
BRF:16
BRH:12
end_of_record
TN:
SF:src\queries\get-all-vehicles.handler.ts
FN:11,(anonymous_4)
FN:15,(anonymous_5)
FNF:2
FNH:2
FNDA:9,(anonymous_4)
FNDA:1,(anonymous_5)
DA:1,4
DA:2,4
DA:3,4
DA:4,4
DA:5,4
DA:8,4
DA:12,9
DA:16,1
LF:8
LH:8
BRDA:12,0,0,4
BRDA:12,0,1,0
BRDA:12,1,0,4
BRDA:12,1,1,4
BRF:4
BRH:3
end_of_record
TN:
SF:src\queries\get-all-vehicles.query.ts
FNF:0
FNH:0
DA:1,5
LF:1
LH:1
BRF:0
BRH:0
end_of_record
TN:
SF:src\queries\get-pending-shipments.handler.ts
FN:14,(anonymous_4)
FN:19,(anonymous_5)
FNF:2
FNH:2
FNDA:9,(anonymous_4)
FNDA:1,(anonymous_5)
DA:1,4
DA:2,4
DA:3,4
DA:4,4
DA:8,4
DA:11,4
DA:16,9
DA:20,1
LF:8
LH:8
BRDA:16,0,0,4
BRDA:16,0,1,0
BRDA:16,1,0,4
BRDA:16,1,1,4
BRF:4
BRH:3
end_of_record
TN:
SF:src\queries\get-pending-shipments.query.ts
FNF:0
FNH:0
DA:1,5
LF:1
LH:1
BRF:0
BRH:0
end_of_record
TN:
SF:src\queries\index.ts
FNF:0
FNH:0
DA:1,3
DA:2,3
DA:4,3
LF:3
LH:3
BRF:0
BRH:0
end_of_record
TN:
SF:src\schemas\pending-shipment.schema.ts
FN:20,(anonymous_2)
FNF:1
FNH:1
FNDA:1,(anonymous_2)
DA:1,5
DA:7,5
DA:9,5
DA:12,5
DA:15,5
DA:18,5
DA:20,1
DA:21,5
DA:24,5
LF:9
LH:9
BRDA:21,0,0,5
BRDA:21,0,1,0
BRDA:21,1,0,5
BRDA:21,1,1,5
BRF:4
BRH:3
end_of_record
TN:
SF:src\schemas\vehicle.schema.ts
FNF:0
FNH:0
DA:1,5
DA:7,5
DA:9,5
DA:12,5
DA:15,5
DA:18,5
DA:25,5
DA:28,5
LF:8
LH:8
BRF:0
BRH:0
end_of_record
TN:
SF:src\services\shipment-assignment.service.ts
FN:16,(anonymous_4)
FN:24,(anonymous_5)
FN:54,(anonymous_6)
FNF:3
FNH:3
FNDA:9,(anonymous_4)
FNDA:5,(anonymous_5)
FNDA:3,(anonymous_6)
DA:1,4
DA:2,4
DA:3,4
DA:4,4
DA:5,4
DA:6,4
DA:10,4
DA:13,4
DA:14,9
DA:17,9
DA:18,9
DA:20,9
DA:21,9
DA:29,5
DA:33,5
DA:34,4
DA:35,3
DA:36,3
DA:37,3
DA:38,3
DA:39,3
DA:44,3
DA:48,2
DA:51,2
DA:55,3
DA:59,3
DA:60,1
DA:63,2
DA:67,2
DA:68,3
DA:73,3
DA:74,2
DA:75,2
DA:78,2
DA:80,1
DA:83,1
LF:36
LH:36
BRDA:34,0,0,3
BRDA:34,0,1,1
BRDA:59,1,0,1
BRDA:59,1,1,2
BRDA:73,2,0,2
BRDA:73,2,1,1
BRDA:17,3,0,4
BRDA:17,3,1,0
BRDA:17,4,0,4
BRDA:17,4,1,4
BRDA:17,5,0,4
BRDA:17,5,1,0
BRDA:17,6,0,4
BRDA:17,6,1,4
BRDA:18,7,0,4
BRDA:18,7,1,0
BRDA:18,8,0,4
BRDA:18,8,1,4
BRDA:20,9,0,4
BRDA:20,9,1,0
BRDA:20,10,0,4
BRDA:20,10,1,4
BRF:22
BRH:18
end_of_record
