{"E:\\uni\\WHS\\picking-service\\src\\app.controller.ts": {"path":"E:\\uni\\WHS\\picking-service\\src\\app.controller.ts","statementMap":{"0":{"start":{"line":1,"column":0},"end":{"line":1,"column":62}},"1":{"start":{"line":2,"column":0},"end":{"line":2,"column":62}},"2":{"start":{"line":3,"column":0},"end":{"line":3,"column":52}},"3":{"start":{"line":4,"column":0},"end":{"line":4,"column":86}},"4":{"start":{"line":5,"column":0},"end":{"line":5,"column":102}},"5":{"start":{"line":6,"column":0},"end":{"line":6,"column":82}},"6":{"start":{"line":7,"column":0},"end":{"line":7,"column":65}},"7":{"start":{"line":10,"column":7},"end":{"line":51,"column":null}},"8":{"start":{"line":12,"column":21},"end":{"line":12,"column":33}},"9":{"start":{"line":13,"column":21},"end":{"line":13,"column":31}},"10":{"start":{"line":18,"column":4},"end":{"line":18,"column":57}},"11":{"start":{"line":23,"column":4},"end":{"line":23,"column":48}},"12":{"start":{"line":28,"column":4},"end":{"line":28,"column":75}},"13":{"start":{"line":33,"column":4},"end":{"line":40,"column":5}},"14":{"start":{"line":34,"column":6},"end":{"line":39,"column":8}},"15":{"start":{"line":45,"column":4},"end":{"line":49,"column":5}},"16":{"start":{"line":46,"column":6},"end":{"line":48,"column":8}},"17":{"start":{"line":10,"column":13},"end":{"line":10,"column":26}},"18":{"start":{"line":17,"column":8},"end":{"line":19,"column":null}},"19":{"start":{"line":22,"column":2},"end":{"line":24,"column":null}},"20":{"start":{"line":27,"column":8},"end":{"line":29,"column":null}},"21":{"start":{"line":32,"column":8},"end":{"line":41,"column":null}},"22":{"start":{"line":44,"column":8},"end":{"line":50,"column":null}},"23":{"start":{"line":10,"column":13},"end":{"line":51,"column":null}}},"fnMap":{"0":{"name":"(anonymous_4)","decl":{"start":{"line":11,"column":2},"end":{"line":11,"column":null}},"loc":{"start":{"line":13,"column":39},"end":{"line":14,"column":6}}},"1":{"name":"(anonymous_5)","decl":{"start":{"line":17,"column":8},"end":{"line":17,"column":16}},"loc":{"start":{"line":17,"column":16},"end":{"line":19,"column":3}}},"2":{"name":"(anonymous_6)","decl":{"start":{"line":22,"column":2},"end":{"line":22,"column":11}},"loc":{"start":{"line":22,"column":11},"end":{"line":24,"column":3}}},"3":{"name":"(anonymous_7)","decl":{"start":{"line":27,"column":8},"end":{"line":27,"column":20}},"loc":{"start":{"line":27,"column":52},"end":{"line":29,"column":3}}},"4":{"name":"(anonymous_8)","decl":{"start":{"line":32,"column":8},"end":{"line":32,"column":34}},"loc":{"start":{"line":32,"column":58},"end":{"line":41,"column":3}}},"5":{"name":"(anonymous_9)","decl":{"start":{"line":44,"column":8},"end":{"line":44,"column":31}},"loc":{"start":{"line":44,"column":55},"end":{"line":50,"column":3}}}},"branchMap":{"0":{"loc":{"start":{"line":33,"column":4},"end":{"line":40,"column":5}},"type":"if","locations":[{"start":{"line":33,"column":4},"end":{"line":40,"column":5}},{"start":{},"end":{}}]},"1":{"loc":{"start":{"line":33,"column":8},"end":{"line":33,"column":34}},"type":"binary-expr","locations":[{"start":{"line":33,"column":8},"end":{"line":33,"column":15}},{"start":{"line":33,"column":19},"end":{"line":33,"column":34}}]},"2":{"loc":{"start":{"line":45,"column":4},"end":{"line":49,"column":5}},"type":"if","locations":[{"start":{"line":45,"column":4},"end":{"line":49,"column":5}},{"start":{},"end":{}}]},"3":{"loc":{"start":{"line":45,"column":8},"end":{"line":45,"column":34}},"type":"binary-expr","locations":[{"start":{"line":45,"column":8},"end":{"line":45,"column":15}},{"start":{"line":45,"column":19},"end":{"line":45,"column":34}}]},"4":{"loc":{"start":{"line":12,"column":33},"end":{"line":12,"column":null}},"type":"cond-expr","locations":[{"start":{"line":12,"column":43},"end":{"line":12,"column":null}},{"start":{"line":12,"column":43},"end":{"line":12,"column":null}}]},"5":{"loc":{"start":{"line":12,"column":33},"end":{"line":12,"column":43}},"type":"binary-expr","locations":[{"start":{"line":12,"column":33},"end":{"line":12,"column":null}},{"start":{"line":12,"column":33},"end":{"line":12,"column":43}}]},"6":{"loc":{"start":{"line":12,"column":43},"end":{"line":13,"column":null}},"type":"cond-expr","locations":[{"start":{"line":13,"column":39},"end":{"line":13,"column":null}},{"start":{"line":13,"column":39},"end":{"line":13,"column":null}}]},"7":{"loc":{"start":{"line":12,"column":43},"end":{"line":13,"column":39}},"type":"binary-expr","locations":[{"start":{"line":12,"column":43},"end":{"line":13,"column":null}},{"start":{"line":13,"column":31},"end":{"line":13,"column":39}}]}},"s":{"0":4,"1":4,"2":4,"3":4,"4":4,"5":4,"6":4,"7":4,"8":8,"9":8,"10":1,"11":1,"12":1,"13":2,"14":1,"15":2,"16":1,"17":4,"18":4,"19":4,"20":4,"21":4,"22":4,"23":4},"f":{"0":8,"1":1,"2":1,"3":1,"4":2,"5":2},"b":{"0":[1,1],"1":[2,2],"2":[1,1],"3":[2,2],"4":[4,0],"5":[4,4],"6":[4,0],"7":[4,4]}}
,"E:\\uni\\WHS\\picking-service\\src\\app.module.ts": {"path":"E:\\uni\\WHS\\picking-service\\src\\app.module.ts","statementMap":{"0":{"start":{"line":1,"column":0},"end":{"line":1,"column":40}},"1":{"start":{"line":2,"column":0},"end":{"line":2,"column":50}},"2":{"start":{"line":3,"column":0},"end":{"line":3,"column":65}},"3":{"start":{"line":4,"column":0},"end":{"line":4,"column":42}},"4":{"start":{"line":5,"column":0},"end":{"line":5,"column":49}},"5":{"start":{"line":6,"column":0},"end":{"line":6,"column":49}},"6":{"start":{"line":7,"column":0},"end":{"line":7,"column":74}},"7":{"start":{"line":8,"column":0},"end":{"line":8,"column":45}},"8":{"start":{"line":9,"column":0},"end":{"line":9,"column":42}},"9":{"start":{"line":47,"column":7},"end":{"line":47,"column":null}},"10":{"start":{"line":47,"column":13},"end":{"line":47,"column":22}},"11":{"start":{"line":47,"column":13},"end":{"line":47,"column":null}}},"fnMap":{},"branchMap":{"0":{"loc":{"start":{"line":14,"column":6},"end":{"line":15,"column":73}},"type":"binary-expr","locations":[{"start":{"line":14,"column":6},"end":{"line":14,"column":29}},{"start":{"line":15,"column":8},"end":{"line":15,"column":73}}]},"1":{"loc":{"start":{"line":27,"column":22},"end":{"line":27,"column":67}},"type":"binary-expr","locations":[{"start":{"line":27,"column":22},"end":{"line":27,"column":46}},{"start":{"line":27,"column":50},"end":{"line":27,"column":67}}]}},"s":{"0":3,"1":3,"2":3,"3":3,"4":3,"5":3,"6":3,"7":3,"8":3,"9":3,"10":3,"11":3},"f":{},"b":{"0":[3,3],"1":[3,3]}}
,"E:\\uni\\WHS\\picking-service\\src\\events.gateway.ts": {"path":"E:\\uni\\WHS\\picking-service\\src\\events.gateway.ts","statementMap":{"0":{"start":{"line":1,"column":0},"end":{"line":1,"column":null}},"1":{"start":{"line":7,"column":0},"end":{"line":7,"column":40}},"2":{"start":{"line":8,"column":0},"end":{"line":8,"column":35}},"3":{"start":{"line":11,"column":26},"end":{"line":28,"column":null}},"4":{"start":{"line":12,"column":28},"end":{"line":12,"column":58}},"5":{"start":{"line":18,"column":4},"end":{"line":18,"column":53}},"6":{"start":{"line":22,"column":4},"end":{"line":22,"column":56}},"7":{"start":{"line":26,"column":4},"end":{"line":26,"column":36}},"8":{"start":{"line":11,"column":13},"end":{"line":11,"column":26}},"9":{"start":{"line":15,"column":2},"end":{"line":15,"column":null}},"10":{"start":{"line":11,"column":13},"end":{"line":28,"column":null}}},"fnMap":{"0":{"name":"(anonymous_2)","decl":{"start":{"line":17,"column":2},"end":{"line":17,"column":18}},"loc":{"start":{"line":17,"column":30},"end":{"line":19,"column":3}}},"1":{"name":"(anonymous_3)","decl":{"start":{"line":21,"column":2},"end":{"line":21,"column":18}},"loc":{"start":{"line":21,"column":30},"end":{"line":23,"column":3}}},"2":{"name":"(anonymous_4)","decl":{"start":{"line":25,"column":2},"end":{"line":25,"column":19}},"loc":{"start":{"line":25,"column":19},"end":{"line":27,"column":3}}}},"branchMap":{"0":{"loc":{"start":{"line":15,"column":10},"end":{"line":15,"column":17}},"type":"cond-expr","locations":[{"start":{"line":15,"column":16},"end":{"line":15,"column":17}},{"start":{"line":15,"column":16},"end":{"line":15,"column":17}}]},"1":{"loc":{"start":{"line":15,"column":10},"end":{"line":15,"column":16}},"type":"binary-expr","locations":[{"start":{"line":15,"column":10},"end":{"line":15,"column":17}},{"start":{"line":15,"column":10},"end":{"line":15,"column":16}}]}},"s":{"0":5,"1":5,"2":5,"3":5,"4":4,"5":1,"6":1,"7":1,"8":5,"9":5,"10":5},"f":{"0":1,"1":1,"2":1},"b":{"0":[5,0],"1":[5,5]}}
,"E:\\uni\\WHS\\picking-service\\src\\main.ts": {"path":"E:\\uni\\WHS\\picking-service\\src\\main.ts","statementMap":{"0":{"start":{"line":1,"column":0},"end":{"line":1,"column":43}},"1":{"start":{"line":2,"column":0},"end":{"line":2,"column":41}},"2":{"start":{"line":3,"column":0},"end":{"line":3,"column":71}},"3":{"start":{"line":6,"column":14},"end":{"line":6,"column":49}},"4":{"start":{"line":8,"column":2},"end":{"line":30,"column":5}},"5":{"start":{"line":32,"column":2},"end":{"line":32,"column":19}},"6":{"start":{"line":33,"column":2},"end":{"line":33,"column":36}},"7":{"start":{"line":34,"column":15},"end":{"line":34,"column":39}},"8":{"start":{"line":35,"column":2},"end":{"line":35,"column":25}},"9":{"start":{"line":37,"column":0},"end":{"line":37,"column":12}}},"fnMap":{"0":{"name":"bootstrap","decl":{"start":{"line":5,"column":15},"end":{"line":5,"column":24}},"loc":{"start":{"line":5,"column":24},"end":{"line":36,"column":1}}}},"branchMap":{"0":{"loc":{"start":{"line":12,"column":18},"end":{"line":12,"column":63}},"type":"binary-expr","locations":[{"start":{"line":12,"column":18},"end":{"line":12,"column":42}},{"start":{"line":12,"column":46},"end":{"line":12,"column":63}}]},"1":{"loc":{"start":{"line":34,"column":15},"end":{"line":34,"column":39}},"type":"binary-expr","locations":[{"start":{"line":34,"column":15},"end":{"line":34,"column":31}},{"start":{"line":34,"column":35},"end":{"line":34,"column":39}}]}},"s":{"0":2,"1":2,"2":2,"3":2,"4":2,"5":2,"6":2,"7":2,"8":2,"9":2},"f":{"0":2},"b":{"0":[2,2],"1":[2,1]}}
,"E:\\uni\\WHS\\picking-service\\src\\commands\\cancel-picking-task.command.ts": {"path":"E:\\uni\\WHS\\picking-service\\src\\commands\\cancel-picking-task.command.ts","statementMap":{"0":{"start":{"line":2,"column":30},"end":{"line":2,"column":45}},"1":{"start":{"line":1,"column":0},"end":{"line":1,"column":13}}},"fnMap":{"0":{"name":"(anonymous_0)","decl":{"start":{"line":2,"column":2},"end":{"line":2,"column":30}},"loc":{"start":{"line":2,"column":45},"end":{"line":2,"column":49}}}},"branchMap":{},"s":{"0":5,"1":5},"f":{"0":5},"b":{}}
,"E:\\uni\\WHS\\picking-service\\src\\commands\\cancel-picking-task.handler.ts": {"path":"E:\\uni\\WHS\\picking-service\\src\\commands\\cancel-picking-task.handler.ts","statementMap":{"0":{"start":{"line":1,"column":0},"end":{"line":1,"column":63}},"1":{"start":{"line":2,"column":0},"end":{"line":2,"column":40}},"2":{"start":{"line":3,"column":0},"end":{"line":3,"column":47}},"3":{"start":{"line":4,"column":0},"end":{"line":4,"column":33}},"4":{"start":{"line":5,"column":0},"end":{"line":5,"column":77}},"5":{"start":{"line":6,"column":0},"end":{"line":6,"column":50}},"6":{"start":{"line":7,"column":0},"end":{"line":7,"column":73}},"7":{"start":{"line":10,"column":37},"end":{"line":47,"column":null}},"8":{"start":{"line":13,"column":28},"end":{"line":13,"column":69}},"9":{"start":{"line":17,"column":12},"end":{"line":17,"column":23}},"10":{"start":{"line":18,"column":21},"end":{"line":18,"column":36}},"11":{"start":{"line":22,"column":17},"end":{"line":22,"column":75}},"12":{"start":{"line":23,"column":4},"end":{"line":28,"column":5}},"13":{"start":{"line":24,"column":6},"end":{"line":26,"column":8}},"14":{"start":{"line":27,"column":6},"end":{"line":27,"column":74}},"15":{"start":{"line":30,"column":4},"end":{"line":38,"column":5}},"16":{"start":{"line":31,"column":6},"end":{"line":31,"column":32}},"17":{"start":{"line":32,"column":6},"end":{"line":32,"column":24}},"18":{"start":{"line":33,"column":6},"end":{"line":35,"column":8}},"19":{"start":{"line":36,"column":6},"end":{"line":36,"column":45}},"20":{"start":{"line":37,"column":6},"end":{"line":37,"column":67}},"21":{"start":{"line":40,"column":4},"end":{"line":42,"column":6}},"22":{"start":{"line":43,"column":4},"end":{"line":45,"column":6}},"23":{"start":{"line":10,"column":13},"end":{"line":10,"column":37}},"24":{"start":{"line":10,"column":13},"end":{"line":47,"column":null}}},"fnMap":{"0":{"name":"(anonymous_4)","decl":{"start":{"line":15,"column":2},"end":{"line":15,"column":null}},"loc":{"start":{"line":18,"column":49},"end":{"line":19,"column":6}}},"1":{"name":"(anonymous_5)","decl":{"start":{"line":21,"column":2},"end":{"line":21,"column":7}},"loc":{"start":{"line":21,"column":49},"end":{"line":46,"column":3}}}},"branchMap":{"0":{"loc":{"start":{"line":23,"column":4},"end":{"line":28,"column":5}},"type":"if","locations":[{"start":{"line":23,"column":4},"end":{"line":28,"column":5}},{"start":{},"end":{}}]},"1":{"loc":{"start":{"line":30,"column":4},"end":{"line":38,"column":5}},"type":"if","locations":[{"start":{"line":30,"column":4},"end":{"line":38,"column":5}},{"start":{},"end":{}}]},"2":{"loc":{"start":{"line":17,"column":23},"end":{"line":17,"column":49}},"type":"cond-expr","locations":[{"start":{"line":17,"column":28},"end":{"line":17,"column":49}},{"start":{"line":17,"column":28},"end":{"line":17,"column":49}}]},"3":{"loc":{"start":{"line":17,"column":23},"end":{"line":17,"column":28}},"type":"binary-expr","locations":[{"start":{"line":17,"column":23},"end":{"line":17,"column":49}},{"start":{"line":17,"column":23},"end":{"line":17,"column":28}}]},"4":{"loc":{"start":{"line":17,"column":28},"end":{"line":18,"column":null}},"type":"cond-expr","locations":[{"start":{"line":18,"column":49},"end":{"line":18,"column":null}},{"start":{"line":18,"column":49},"end":{"line":18,"column":null}}]},"5":{"loc":{"start":{"line":17,"column":28},"end":{"line":18,"column":49}},"type":"binary-expr","locations":[{"start":{"line":17,"column":28},"end":{"line":18,"column":null}},{"start":{"line":18,"column":36},"end":{"line":18,"column":49}}]}},"s":{"0":4,"1":4,"2":4,"3":4,"4":4,"5":4,"6":4,"7":4,"8":3,"9":3,"10":3,"11":3,"12":3,"13":1,"14":1,"15":2,"16":1,"17":1,"18":1,"19":1,"20":1,"21":1,"22":1,"23":4,"24":4},"f":{"0":3,"1":3},"b":{"0":[1,2],"1":[1,1],"2":[4,0],"3":[4,4],"4":[4,0],"5":[4,4]}}
,"E:\\uni\\WHS\\picking-service\\src\\commands\\complete-picking-task.command.ts": {"path":"E:\\uni\\WHS\\picking-service\\src\\commands\\complete-picking-task.command.ts","statementMap":{"0":{"start":{"line":2,"column":30},"end":{"line":2,"column":44}},"1":{"start":{"line":1,"column":0},"end":{"line":1,"column":13}}},"fnMap":{"0":{"name":"(anonymous_0)","decl":{"start":{"line":2,"column":2},"end":{"line":2,"column":30}},"loc":{"start":{"line":2,"column":44},"end":{"line":2,"column":48}}}},"branchMap":{},"s":{"0":5,"1":5},"f":{"0":5},"b":{}}
,"E:\\uni\\WHS\\picking-service\\src\\commands\\complete-picking-task.handler.ts": {"path":"E:\\uni\\WHS\\picking-service\\src\\commands\\complete-picking-task.handler.ts","statementMap":{"0":{"start":{"line":1,"column":0},"end":{"line":1,"column":63}},"1":{"start":{"line":2,"column":0},"end":{"line":2,"column":48}},"2":{"start":{"line":3,"column":0},"end":{"line":3,"column":52}},"3":{"start":{"line":4,"column":0},"end":{"line":4,"column":47}},"4":{"start":{"line":5,"column":0},"end":{"line":5,"column":33}},"5":{"start":{"line":6,"column":0},"end":{"line":6,"column":77}},"6":{"start":{"line":7,"column":0},"end":{"line":7,"column":50}},"7":{"start":{"line":8,"column":0},"end":{"line":8,"column":77}},"8":{"start":{"line":11,"column":39},"end":{"line":40,"column":null}},"9":{"start":{"line":14,"column":28},"end":{"line":14,"column":71}},"10":{"start":{"line":17,"column":45},"end":{"line":17,"column":58}},"11":{"start":{"line":19,"column":12},"end":{"line":19,"column":23}},"12":{"start":{"line":20,"column":21},"end":{"line":20,"column":36}},"13":{"start":{"line":24,"column":17},"end":{"line":24,"column":73}},"14":{"start":{"line":25,"column":4},"end":{"line":37,"column":5}},"15":{"start":{"line":26,"column":6},"end":{"line":26,"column":32}},"16":{"start":{"line":27,"column":6},"end":{"line":27,"column":24}},"17":{"start":{"line":28,"column":6},"end":{"line":28,"column":65}},"18":{"start":{"line":30,"column":6},"end":{"line":34,"column":9}},"19":{"start":{"line":35,"column":6},"end":{"line":35,"column":45}},"20":{"start":{"line":36,"column":6},"end":{"line":36,"column":18}},"21":{"start":{"line":38,"column":4},"end":{"line":38,"column":57}},"22":{"start":{"line":11,"column":13},"end":{"line":11,"column":39}},"23":{"start":{"line":11,"column":13},"end":{"line":40,"column":null}}},"fnMap":{"0":{"name":"(anonymous_4)","decl":{"start":{"line":16,"column":2},"end":{"line":16,"column":null}},"loc":{"start":{"line":20,"column":49},"end":{"line":21,"column":6}}},"1":{"name":"(anonymous_5)","decl":{"start":{"line":23,"column":2},"end":{"line":23,"column":7}},"loc":{"start":{"line":23,"column":51},"end":{"line":39,"column":3}}}},"branchMap":{"0":{"loc":{"start":{"line":25,"column":4},"end":{"line":37,"column":5}},"type":"if","locations":[{"start":{"line":25,"column":4},"end":{"line":37,"column":5}},{"start":{},"end":{}}]},"1":{"loc":{"start":{"line":25,"column":8},"end":{"line":25,"column":41}},"type":"binary-expr","locations":[{"start":{"line":25,"column":8},"end":{"line":25,"column":12}},{"start":{"line":25,"column":16},"end":{"line":25,"column":41}}]},"2":{"loc":{"start":{"line":17,"column":58},"end":{"line":17,"column":null}},"type":"cond-expr","locations":[{"start":{"line":17,"column":69},"end":{"line":17,"column":null}},{"start":{"line":17,"column":69},"end":{"line":17,"column":null}}]},"3":{"loc":{"start":{"line":17,"column":58},"end":{"line":17,"column":69}},"type":"binary-expr","locations":[{"start":{"line":17,"column":58},"end":{"line":17,"column":null}},{"start":{"line":17,"column":58},"end":{"line":17,"column":69}}]},"4":{"loc":{"start":{"line":17,"column":69},"end":{"line":19,"column":49}},"type":"cond-expr","locations":[{"start":{"line":19,"column":28},"end":{"line":19,"column":49}},{"start":{"line":19,"column":28},"end":{"line":19,"column":49}}]},"5":{"loc":{"start":{"line":17,"column":69},"end":{"line":19,"column":28}},"type":"binary-expr","locations":[{"start":{"line":17,"column":69},"end":{"line":19,"column":49}},{"start":{"line":19,"column":23},"end":{"line":19,"column":28}}]},"6":{"loc":{"start":{"line":19,"column":28},"end":{"line":20,"column":null}},"type":"cond-expr","locations":[{"start":{"line":20,"column":49},"end":{"line":20,"column":null}},{"start":{"line":20,"column":49},"end":{"line":20,"column":null}}]},"7":{"loc":{"start":{"line":19,"column":28},"end":{"line":20,"column":49}},"type":"binary-expr","locations":[{"start":{"line":19,"column":28},"end":{"line":20,"column":null}},{"start":{"line":20,"column":36},"end":{"line":20,"column":49}}]}},"s":{"0":4,"1":4,"2":4,"3":4,"4":4,"5":4,"6":4,"7":4,"8":4,"9":3,"10":3,"11":3,"12":3,"13":3,"14":3,"15":1,"16":1,"17":1,"18":1,"19":1,"20":1,"21":2,"22":4,"23":4},"f":{"0":3,"1":3},"b":{"0":[1,2],"1":[3,2],"2":[4,0],"3":[4,4],"4":[4,0],"5":[4,4],"6":[4,0],"7":[4,4]}}
,"E:\\uni\\WHS\\picking-service\\src\\commands\\handle-order-ready-for-picking.command.ts": {"path":"E:\\uni\\WHS\\picking-service\\src\\commands\\handle-order-ready-for-picking.command.ts","statementMap":{"0":{"start":{"line":3,"column":20},"end":{"line":3,"column":35}},"1":{"start":{"line":4,"column":20},"end":{"line":4,"column":38}},"2":{"start":{"line":1,"column":0},"end":{"line":1,"column":13}}},"fnMap":{"0":{"name":"(anonymous_0)","decl":{"start":{"line":2,"column":2},"end":{"line":2,"column":null}},"loc":{"start":{"line":4,"column":38},"end":{"line":5,"column":6}}}},"branchMap":{},"s":{"0":4,"1":4,"2":5},"f":{"0":4},"b":{}}
,"E:\\uni\\WHS\\picking-service\\src\\commands\\handle-order-ready-for-picking.handler.ts": {"path":"E:\\uni\\WHS\\picking-service\\src\\commands\\handle-order-ready-for-picking.handler.ts","statementMap":{"0":{"start":{"line":1,"column":0},"end":{"line":1,"column":63}},"1":{"start":{"line":2,"column":0},"end":{"line":2,"column":48}},"2":{"start":{"line":3,"column":0},"end":{"line":3,"column":52}},"3":{"start":{"line":4,"column":0},"end":{"line":4,"column":47}},"4":{"start":{"line":5,"column":0},"end":{"line":5,"column":33}},"5":{"start":{"line":6,"column":0},"end":{"line":6,"column":77}},"6":{"start":{"line":7,"column":0},"end":{"line":7,"column":50}},"7":{"start":{"line":8,"column":0},"end":{"line":8,"column":93}},"8":{"start":{"line":11,"column":46},"end":{"line":44,"column":null}},"9":{"start":{"line":14,"column":28},"end":{"line":14,"column":78}},"10":{"start":{"line":17,"column":45},"end":{"line":17,"column":58}},"11":{"start":{"line":19,"column":12},"end":{"line":19,"column":23}},"12":{"start":{"line":20,"column":21},"end":{"line":20,"column":36}},"13":{"start":{"line":24,"column":15},"end":{"line":24,"column":73}},"14":{"start":{"line":25,"column":4},"end":{"line":42,"column":5}},"15":{"start":{"line":26,"column":6},"end":{"line":30,"column":9}},"16":{"start":{"line":31,"column":6},"end":{"line":31,"column":24}},"17":{"start":{"line":32,"column":6},"end":{"line":34,"column":8}},"18":{"start":{"line":36,"column":6},"end":{"line":40,"column":9}},"19":{"start":{"line":41,"column":6},"end":{"line":41,"column":45}},"20":{"start":{"line":11,"column":13},"end":{"line":11,"column":46}},"21":{"start":{"line":11,"column":13},"end":{"line":44,"column":null}}},"fnMap":{"0":{"name":"(anonymous_4)","decl":{"start":{"line":16,"column":2},"end":{"line":16,"column":null}},"loc":{"start":{"line":20,"column":49},"end":{"line":21,"column":6}}},"1":{"name":"(anonymous_5)","decl":{"start":{"line":23,"column":2},"end":{"line":23,"column":7}},"loc":{"start":{"line":23,"column":58},"end":{"line":43,"column":3}}}},"branchMap":{"0":{"loc":{"start":{"line":25,"column":4},"end":{"line":42,"column":5}},"type":"if","locations":[{"start":{"line":25,"column":4},"end":{"line":42,"column":5}},{"start":{},"end":{}}]},"1":{"loc":{"start":{"line":17,"column":58},"end":{"line":17,"column":null}},"type":"cond-expr","locations":[{"start":{"line":17,"column":69},"end":{"line":17,"column":null}},{"start":{"line":17,"column":69},"end":{"line":17,"column":null}}]},"2":{"loc":{"start":{"line":17,"column":58},"end":{"line":17,"column":69}},"type":"binary-expr","locations":[{"start":{"line":17,"column":58},"end":{"line":17,"column":null}},{"start":{"line":17,"column":58},"end":{"line":17,"column":69}}]},"3":{"loc":{"start":{"line":17,"column":69},"end":{"line":19,"column":49}},"type":"cond-expr","locations":[{"start":{"line":19,"column":28},"end":{"line":19,"column":49}},{"start":{"line":19,"column":28},"end":{"line":19,"column":49}}]},"4":{"loc":{"start":{"line":17,"column":69},"end":{"line":19,"column":28}},"type":"binary-expr","locations":[{"start":{"line":17,"column":69},"end":{"line":19,"column":49}},{"start":{"line":19,"column":23},"end":{"line":19,"column":28}}]},"5":{"loc":{"start":{"line":19,"column":28},"end":{"line":20,"column":null}},"type":"cond-expr","locations":[{"start":{"line":20,"column":49},"end":{"line":20,"column":null}},{"start":{"line":20,"column":49},"end":{"line":20,"column":null}}]},"6":{"loc":{"start":{"line":19,"column":28},"end":{"line":20,"column":49}},"type":"binary-expr","locations":[{"start":{"line":19,"column":28},"end":{"line":20,"column":null}},{"start":{"line":20,"column":36},"end":{"line":20,"column":49}}]}},"s":{"0":4,"1":4,"2":4,"3":4,"4":4,"5":4,"6":4,"7":4,"8":4,"9":2,"10":2,"11":2,"12":2,"13":2,"14":2,"15":1,"16":1,"17":1,"18":1,"19":1,"20":4,"21":4},"f":{"0":2,"1":2},"b":{"0":[1,1],"1":[4,0],"2":[4,4],"3":[4,0],"4":[4,4],"5":[4,0],"6":[4,4]}}
,"E:\\uni\\WHS\\picking-service\\src\\commands\\index.ts": {"path":"E:\\uni\\WHS\\picking-service\\src\\commands\\index.ts","statementMap":{"0":{"start":{"line":1,"column":0},"end":{"line":1,"column":77}},"1":{"start":{"line":2,"column":0},"end":{"line":2,"column":93}},"2":{"start":{"line":3,"column":0},"end":{"line":3,"column":73}},"3":{"start":{"line":5,"column":13},"end":{"line":9,"column":2}}},"fnMap":{},"branchMap":{},"s":{"0":3,"1":3,"2":3,"3":3},"f":{},"b":{}}
,"E:\\uni\\WHS\\picking-service\\src\\queries\\get-all-tasks.handler.ts": {"path":"E:\\uni\\WHS\\picking-service\\src\\queries\\get-all-tasks.handler.ts","statementMap":{"0":{"start":{"line":1,"column":0},"end":{"line":1,"column":59}},"1":{"start":{"line":2,"column":0},"end":{"line":2,"column":47}},"2":{"start":{"line":3,"column":0},"end":{"line":3,"column":33}},"3":{"start":{"line":4,"column":0},"end":{"line":4,"column":77}},"4":{"start":{"line":5,"column":0},"end":{"line":5,"column":57}},"5":{"start":{"line":8,"column":7},"end":{"line":17,"column":null}},"6":{"start":{"line":11,"column":12},"end":{"line":11,"column":23}},"7":{"start":{"line":15,"column":4},"end":{"line":15,"column":40}},"8":{"start":{"line":8,"column":13},"end":{"line":8,"column":31}},"9":{"start":{"line":8,"column":13},"end":{"line":17,"column":null}}},"fnMap":{"0":{"name":"(anonymous_4)","decl":{"start":{"line":9,"column":2},"end":{"line":9,"column":null}},"loc":{"start":{"line":11,"column":49},"end":{"line":12,"column":6}}},"1":{"name":"(anonymous_5)","decl":{"start":{"line":14,"column":2},"end":{"line":14,"column":7}},"loc":{"start":{"line":14,"column":15},"end":{"line":16,"column":3}}}},"branchMap":{"0":{"loc":{"start":{"line":11,"column":23},"end":{"line":11,"column":49}},"type":"cond-expr","locations":[{"start":{"line":11,"column":28},"end":{"line":11,"column":49}},{"start":{"line":11,"column":28},"end":{"line":11,"column":49}}]},"1":{"loc":{"start":{"line":11,"column":23},"end":{"line":11,"column":28}},"type":"binary-expr","locations":[{"start":{"line":11,"column":23},"end":{"line":11,"column":49}},{"start":{"line":11,"column":23},"end":{"line":11,"column":28}}]}},"s":{"0":4,"1":4,"2":4,"3":4,"4":4,"5":4,"6":1,"7":1,"8":4,"9":4},"f":{"0":1,"1":1},"b":{"0":[4,0],"1":[4,4]}}
,"E:\\uni\\WHS\\picking-service\\src\\queries\\get-all-tasks.query.ts": {"path":"E:\\uni\\WHS\\picking-service\\src\\queries\\get-all-tasks.query.ts","statementMap":{"0":{"start":{"line":1,"column":0},"end":{"line":1,"column":13}}},"fnMap":{},"branchMap":{},"s":{"0":5},"f":{},"b":{}}
,"E:\\uni\\WHS\\picking-service\\src\\queries\\index.ts": {"path":"E:\\uni\\WHS\\picking-service\\src\\queries\\index.ts","statementMap":{"0":{"start":{"line":1,"column":0},"end":{"line":1,"column":61}},"1":{"start":{"line":3,"column":13},"end":{"line":3,"column":50}}},"fnMap":{},"branchMap":{},"s":{"0":3,"1":3},"f":{},"b":{}}
,"E:\\uni\\WHS\\picking-service\\src\\schemas\\picking.schema.ts": {"path":"E:\\uni\\WHS\\picking-service\\src\\schemas\\picking.schema.ts","statementMap":{"0":{"start":{"line":1,"column":0},"end":{"line":1,"column":63}},"1":{"start":{"line":7,"column":7},"end":{"line":23,"column":null}},"2":{"start":{"line":7,"column":13},"end":{"line":7,"column":24}},"3":{"start":{"line":9,"column":2},"end":{"line":9,"column":null}},"4":{"start":{"line":8,"column":41},"end":{"line":8,"column":72}},"5":{"start":{"line":12,"column":2},"end":{"line":12,"column":null}},"6":{"start":{"line":15,"column":2},"end":{"line":15,"column":null}},"7":{"start":{"line":22,"column":2},"end":{"line":22,"column":null}},"8":{"start":{"line":7,"column":13},"end":{"line":23,"column":null}},"9":{"start":{"line":25,"column":13},"end":{"line":25,"column":75}}},"fnMap":{"0":{"name":"(anonymous_2)","decl":{"start":{"line":8,"column":35},"end":{"line":8,"column":38}},"loc":{"start":{"line":8,"column":41},"end":{"line":8,"column":72}}}},"branchMap":{},"s":{"0":5,"1":5,"2":5,"3":5,"4":1,"5":5,"6":5,"7":5,"8":5,"9":5},"f":{"0":1},"b":{}}
}
