TN:
SF:src\app.controller.ts
FN:11,(anonymous_4)
FN:17,(anonymous_5)
FN:22,(anonymous_6)
FN:27,(anonymous_7)
FN:32,(anonymous_8)
FN:44,(anonymous_9)
FNF:6
FNH:6
FNDA:8,(anonymous_4)
FNDA:1,(anonymous_5)
FNDA:1,(anonymous_6)
FNDA:1,(anonymous_7)
FNDA:2,(anonymous_8)
FNDA:2,(anonymous_9)
DA:1,4
DA:2,4
DA:3,4
DA:4,4
DA:5,4
DA:6,4
DA:7,4
DA:10,4
DA:12,8
DA:13,8
DA:17,4
DA:18,1
DA:22,4
DA:23,1
DA:27,4
DA:28,1
DA:32,4
DA:33,2
DA:34,1
DA:44,4
DA:45,2
DA:46,1
LF:22
LH:22
BRDA:33,0,0,1
BRDA:33,0,1,1
BRDA:33,1,0,2
BRDA:33,1,1,2
BRDA:45,2,0,1
BRDA:45,2,1,1
BRDA:45,3,0,2
BRDA:45,3,1,2
BRDA:12,4,0,4
BRDA:12,4,1,0
BRDA:12,5,0,4
BRDA:12,5,1,4
BRDA:12,6,0,4
BRDA:12,6,1,0
BRDA:12,7,0,4
BRDA:12,7,1,4
BRF:16
BRH:14
end_of_record
TN:
SF:src\app.module.ts
FNF:0
FNH:0
DA:1,3
DA:2,3
DA:3,3
DA:4,3
DA:5,3
DA:6,3
DA:7,3
DA:8,3
DA:9,3
DA:47,3
LF:10
LH:10
BRDA:14,0,0,3
BRDA:14,0,1,3
BRDA:27,1,0,3
BRDA:27,1,1,3
BRF:4
BRH:4
end_of_record
TN:
SF:src\events.gateway.ts
FN:17,(anonymous_2)
FN:21,(anonymous_3)
FN:25,(anonymous_4)
FNF:3
FNH:3
FNDA:1,(anonymous_2)
FNDA:1,(anonymous_3)
FNDA:1,(anonymous_4)
DA:1,5
DA:7,5
DA:8,5
DA:11,5
DA:12,4
DA:15,5
DA:18,1
DA:22,1
DA:26,1
LF:9
LH:9
BRDA:15,0,0,5
BRDA:15,0,1,0
BRDA:15,1,0,5
BRDA:15,1,1,5
BRF:4
BRH:3
end_of_record
TN:
SF:src\main.ts
FN:5,bootstrap
FNF:1
FNH:1
FNDA:2,bootstrap
DA:1,2
DA:2,2
DA:3,2
DA:6,2
DA:8,2
DA:32,2
DA:33,2
DA:34,2
DA:35,2
DA:37,2
LF:10
LH:10
BRDA:12,0,0,2
BRDA:12,0,1,2
BRDA:34,1,0,2
BRDA:34,1,1,1
BRF:4
BRH:4
end_of_record
TN:
SF:src\commands\cancel-picking-task.command.ts
FN:2,(anonymous_0)
FNF:1
FNH:1
FNDA:5,(anonymous_0)
DA:1,5
DA:2,5
LF:2
LH:2
BRF:0
BRH:0
end_of_record
TN:
SF:src\commands\cancel-picking-task.handler.ts
FN:15,(anonymous_4)
FN:21,(anonymous_5)
FNF:2
FNH:2
FNDA:3,(anonymous_4)
FNDA:3,(anonymous_5)
DA:1,4
DA:2,4
DA:3,4
DA:4,4
DA:5,4
DA:6,4
DA:7,4
DA:10,4
DA:13,3
DA:17,3
DA:18,3
DA:22,3
DA:23,3
DA:24,1
DA:27,1
DA:30,2
DA:31,1
DA:32,1
DA:33,1
DA:36,1
DA:37,1
DA:40,1
DA:43,1
LF:23
LH:23
BRDA:23,0,0,1
BRDA:23,0,1,2
BRDA:30,1,0,1
BRDA:30,1,1,1
BRDA:17,2,0,4
BRDA:17,2,1,0
BRDA:17,3,0,4
BRDA:17,3,1,4
BRDA:17,4,0,4
BRDA:17,4,1,0
BRDA:17,5,0,4
BRDA:17,5,1,4
BRF:12
BRH:10
end_of_record
TN:
SF:src\commands\complete-picking-task.command.ts
FN:2,(anonymous_0)
FNF:1
FNH:1
FNDA:5,(anonymous_0)
DA:1,5
DA:2,5
LF:2
LH:2
BRF:0
BRH:0
end_of_record
TN:
SF:src\commands\complete-picking-task.handler.ts
FN:16,(anonymous_4)
FN:23,(anonymous_5)
FNF:2
FNH:2
FNDA:3,(anonymous_4)
FNDA:3,(anonymous_5)
DA:1,4
DA:2,4
DA:3,4
DA:4,4
DA:5,4
DA:6,4
DA:7,4
DA:8,4
DA:11,4
DA:14,3
DA:17,3
DA:19,3
DA:20,3
DA:24,3
DA:25,3
DA:26,1
DA:27,1
DA:28,1
DA:30,1
DA:35,1
DA:36,1
DA:38,2
LF:22
LH:22
BRDA:25,0,0,1
BRDA:25,0,1,2
BRDA:25,1,0,3
BRDA:25,1,1,2
BRDA:17,2,0,4
BRDA:17,2,1,0
BRDA:17,3,0,4
BRDA:17,3,1,4
BRDA:17,4,0,4
BRDA:17,4,1,0
BRDA:17,5,0,4
BRDA:17,5,1,4
BRDA:19,6,0,4
BRDA:19,6,1,0
BRDA:19,7,0,4
BRDA:19,7,1,4
BRF:16
BRH:13
end_of_record
TN:
SF:src\commands\handle-order-ready-for-picking.command.ts
FN:2,(anonymous_0)
FNF:1
FNH:1
FNDA:4,(anonymous_0)
DA:1,5
DA:3,4
DA:4,4
LF:3
LH:3
BRF:0
BRH:0
end_of_record
TN:
SF:src\commands\handle-order-ready-for-picking.handler.ts
FN:16,(anonymous_4)
FN:23,(anonymous_5)
FNF:2
FNH:2
FNDA:2,(anonymous_4)
FNDA:2,(anonymous_5)
DA:1,4
DA:2,4
DA:3,4
DA:4,4
DA:5,4
DA:6,4
DA:7,4
DA:8,4
DA:11,4
DA:14,2
DA:17,2
DA:19,2
DA:20,2
DA:24,2
DA:25,2
DA:26,1
DA:31,1
DA:32,1
DA:36,1
DA:41,1
LF:20
LH:20
BRDA:25,0,0,1
BRDA:25,0,1,1
BRDA:17,1,0,4
BRDA:17,1,1,0
BRDA:17,2,0,4
BRDA:17,2,1,4
BRDA:17,3,0,4
BRDA:17,3,1,0
BRDA:17,4,0,4
BRDA:17,4,1,4
BRDA:19,5,0,4
BRDA:19,5,1,0
BRDA:19,6,0,4
BRDA:19,6,1,4
BRF:14
BRH:11
end_of_record
TN:
SF:src\commands\index.ts
FNF:0
FNH:0
DA:1,3
DA:2,3
DA:3,3
DA:5,3
LF:4
LH:4
BRF:0
BRH:0
end_of_record
TN:
SF:src\queries\get-all-tasks.handler.ts
FN:9,(anonymous_4)
FN:14,(anonymous_5)
FNF:2
FNH:2
FNDA:1,(anonymous_4)
FNDA:1,(anonymous_5)
DA:1,4
DA:2,4
DA:3,4
DA:4,4
DA:5,4
DA:8,4
DA:11,1
DA:15,1
LF:8
LH:8
BRDA:11,0,0,4
BRDA:11,0,1,0
BRDA:11,1,0,4
BRDA:11,1,1,4
BRF:4
BRH:3
end_of_record
TN:
SF:src\queries\get-all-tasks.query.ts
FNF:0
FNH:0
DA:1,5
LF:1
LH:1
BRF:0
BRH:0
end_of_record
TN:
SF:src\queries\index.ts
FNF:0
FNH:0
DA:1,3
DA:3,3
LF:2
LH:2
BRF:0
BRH:0
end_of_record
TN:
SF:src\schemas\picking.schema.ts
FN:8,(anonymous_2)
FNF:1
FNH:1
FNDA:1,(anonymous_2)
DA:1,5
DA:7,5
DA:8,1
DA:9,5
DA:12,5
DA:15,5
DA:22,5
DA:25,5
LF:8
LH:8
BRF:0
BRH:0
end_of_record
